<?xml version="1.0" encoding="UTF-8"?>
<!-- Generated by org.testng.reporters.JUnitXMLReporter -->
<testsuite hostname="Arnabs-MacBook-Pro.local" ignored="2" name="Test" tests="2" failures="1" timestamp="10 Aug 2018 19:58:53 GMT" time="38.269" errors="0">
  <testcase name="enterSearchCriteria" time="16.078" classname="com.uiFramework.myComp.myApp.testScripts.HomePageTest"/>
  <testcase name="clickSelectedItemAndCompare" time="4.52" classname="com.uiFramework.myComp.myApp.testScripts.ProductDetailsTest">
    <failure type="org.openqa.selenium.WebDriverException" message="org.openqa.selenium.WebDriverException: Returned value cannot be converted to WebElement: {stacktrace=NoSuchElementError: An element could not be located on the page using the given search parameters.
    at AndroidDriver.callee$0$0$ (/usr/local/lib/node_modules/appium/node_modules/appium-android-driver/lib/commands/find.js:69:13)
    at tryCatch (/usr/local/lib/node_modules/appium/node_modules/babel-runtime/regenerator/runtime.js:67:40)
    at GeneratorFunctionPrototype.invoke [as _invoke] (/usr/local/lib/node_modules/appium/node_modules/babel-runtime/regenerator/runtime.js:315:22)
    at GeneratorFunctionPrototype.prototype.(anonymous function) [as throw] (/usr/local/lib/node_modules/appium/node_modules/babel-runtime/regenerator/runtime.js:100:21)
    at GeneratorFunctionPrototype.invoke (/usr/local/lib/node_modules/appium/node_modules/babel-runtime/regenerator/runtime.js:136:37)
    at &amp;lt;anonymous&amp;gt;, error=no such element, message=An element could not be located on the page using the given search parameters.}
Build info: version: &amp;apos;3.11.0&amp;apos;, revision: &amp;apos;e59cfb3&amp;apos;, time: &amp;apos;2018-03-11T20:26:55.152Z&amp;apos;
System info: host: &amp;apos;Arnabs-MacBook-Pro.local&amp;apos;, ip: &amp;apos;fe80:0:0:0:866:56ef:d289:6b0c%en0&amp;apos;, os.name: &amp;apos;Mac OS X&amp;apos;, os.arch: &amp;apos;x86_64&amp;apos;, os.version: &amp;apos;10.13.5&amp;apos;, java.version: &amp;apos;1.8.0_171&amp;apos;
Driver info: driver.version: AndroidDriver">
      <![CDATA[org.openqa.selenium.WebDriverException: org.openqa.selenium.WebDriverException: Returned value cannot be converted to WebElement: {stacktrace=NoSuchElementError: An element could not be located on the page using the given search parameters.    at AndroidDriver.callee$0$0$ (/usr/local/lib/node_modules/appium/node_modules/appium-android-driver/lib/commands/find.js:69:13)    at tryCatch (/usr/local/lib/node_modules/appium/node_modules/babel-runtime/regenerator/runtime.js:67:40)    at GeneratorFunctionPrototype.invoke [as _invoke] (/usr/local/lib/node_modules/appium/node_modules/babel-runtime/regenerator/runtime.js:315:22)    at GeneratorFunctionPrototype.prototype.(anonymous function) [as throw] (/usr/local/lib/node_modules/appium/node_modules/babel-runtime/regenerator/runtime.js:100:21)    at GeneratorFunctionPrototype.invoke (/usr/local/lib/node_modules/appium/node_modules/babel-runtime/regenerator/runtime.js:136:37)    at <anonymous>, error=no such element, message=An element could not be located on the page using the given search parameters.}Build info: version: '3.11.0', revision: 'e59cfb3', time: '2018-03-11T20:26:55.152Z'System info: host: 'Arnabs-MacBook-Pro.local', ip: 'fe80:0:0:0:866:56ef:d289:6b0c%en0', os.name: 'Mac OS X', os.arch: 'x86_64', os.version: '10.13.5', java.version: '1.8.0_171'Driver info: driver.version: AndroidDriverat io.appium.java_client.pagefactory.AppiumElementLocator$WaitingFunction.apply(AppiumElementLocator.java:191)at io.appium.java_client.pagefactory.AppiumElementLocator$WaitingFunction.apply(AppiumElementLocator.java:1)at org.openqa.selenium.support.ui.FluentWait.until(FluentWait.java:248)at io.appium.java_client.pagefactory.AppiumElementLocator.waitFor(AppiumElementLocator.java:98)at io.appium.java_client.pagefactory.AppiumElementLocator.findElement(AppiumElementLocator.java:118)at io.appium.java_client.pagefactory.interceptors.InterceptorOfASingleElement.intercept(InterceptorOfASingleElement.java:60)at io.appium.java_client.android.AndroidElement$$EnhancerByCGLIB$$b598166c.isDisplayed(<generated>)at org.openqa.selenium.support.ui.ExpectedConditions.elementIfVisible(ExpectedConditions.java:315)at org.openqa.selenium.support.ui.ExpectedConditions.access$100(ExpectedConditions.java:44)at org.openqa.selenium.support.ui.ExpectedConditions$10.apply(ExpectedConditions.java:301)at org.openqa.selenium.support.ui.ExpectedConditions$10.apply(ExpectedConditions.java:298)at org.openqa.selenium.support.ui.FluentWait.until(FluentWait.java:248)at com.uiFramework.myComp.myApp.helper.wait.WaitHelper.waitForElement(WaitHelper.java:161)at com.uiFramework.myComp.myApp.testScripts.ProductDetailsTest.clickSelectedItemAndCompare(ProductDetailsTest.java:33)Caused by: org.openqa.selenium.WebDriverException: Returned value cannot be converted to WebElement: {stacktrace=NoSuchElementError: An element could not be located on the page using the given search parameters.    at AndroidDriver.callee$0$0$ (/usr/local/lib/node_modules/appium/node_modules/appium-android-driver/lib/commands/find.js:69:13)    at tryCatch (/usr/local/lib/node_modules/appium/node_modules/babel-runtime/regenerator/runtime.js:67:40)    at GeneratorFunctionPrototype.invoke [as _invoke] (/usr/local/lib/node_modules/appium/node_modules/babel-runtime/regenerator/runtime.js:315:22)    at GeneratorFunctionPrototype.prototype.(anonymous function) [as throw] (/usr/local/lib/node_modules/appium/node_modules/babel-runtime/regenerator/runtime.js:100:21)    at GeneratorFunctionPrototype.invoke (/usr/local/lib/node_modules/appium/node_modules/babel-runtime/regenerator/runtime.js:136:37)    at <anonymous>, error=no such element, message=An element could not be located on the page using the given search parameters.}Build info: version: '3.11.0', revision: 'e59cfb3', time: '2018-03-11T20:26:55.152Z'System info: host: 'Arnabs-MacBook-Pro.local', ip: 'fe80:0:0:0:866:56ef:d289:6b0c%en0', os.name: 'Mac OS X', os.arch: 'x86_64', os.version: '10.13.5', java.version: '1.8.0_171'Driver info: driver.version: AndroidDriverat org.openqa.selenium.remote.RemoteWebDriver.findElement(RemoteWebDriver.java:326)at io.appium.java_client.DefaultGenericMobileDriver.findElement(DefaultGenericMobileDriver.java:62)at io.appium.java_client.AppiumDriver.findElement(AppiumDriver.java:1)at io.appium.java_client.android.AndroidDriver.findElement(AndroidDriver.java:1)at org.openqa.selenium.remote.RemoteWebDriver.findElementById(RemoteWebDriver.java:365)at io.appium.java_client.DefaultGenericMobileDriver.findElementById(DefaultGenericMobileDriver.java:70)at io.appium.java_client.AppiumDriver.findElementById(AppiumDriver.java:1)at io.appium.java_client.android.AndroidDriver.findElementById(AndroidDriver.java:1)at org.openqa.selenium.By$ById.findElement(By.java:218)at org.openqa.selenium.remote.RemoteWebDriver.findElement(RemoteWebDriver.java:311)at io.appium.java_client.DefaultGenericMobileDriver.findElement(DefaultGenericMobileDriver.java:58)at io.appium.java_client.AppiumDriver.findElement(AppiumDriver.java:1)at io.appium.java_client.android.AndroidDriver.findElement(AndroidDriver.java:1)at io.appium.java_client.pagefactory.bys.builder.ByChained.lambda$0(ByChained.java:38)at org.openqa.selenium.support.ui.FluentWait.until(FluentWait.java:248)at io.appium.java_client.pagefactory.bys.builder.ByChained.findElement(ByChained.java:72)at org.openqa.selenium.remote.RemoteWebDriver.findElement(RemoteWebDriver.java:311)at io.appium.java_client.DefaultGenericMobileDriver.findElement(DefaultGenericMobileDriver.java:58)at io.appium.java_client.AppiumDriver.findElement(AppiumDriver.java:1)at io.appium.java_client.android.AndroidDriver.findElement(AndroidDriver.java:1)at io.appium.java_client.pagefactory.bys.ContentMappedBy.findElement(ContentMappedBy.java:50)at org.openqa.selenium.remote.RemoteWebDriver.findElement(RemoteWebDriver.java:311)at io.appium.java_client.DefaultGenericMobileDriver.findElement(DefaultGenericMobileDriver.java:58)at io.appium.java_client.AppiumDriver.findElement(AppiumDriver.java:1)at io.appium.java_client.android.AndroidDriver.findElement(AndroidDriver.java:1)at io.appium.java_client.pagefactory.AppiumElementLocator.lambda$0(AppiumElementLocator.java:119)at io.appium.java_client.pagefactory.AppiumElementLocator$WaitingFunction.apply(AppiumElementLocator.java:171)... 38 moreCaused by: java.lang.ClassCastException: com.google.common.collect.Maps$TransformedEntriesMap cannot be cast to org.openqa.selenium.WebElementat org.openqa.selenium.remote.RemoteWebDriver.findElement(RemoteWebDriver.java:324)... 64 more... Removed 25 stack frames]]>
    </failure>
  </testcase> <!-- clickSelectedItemAndCompare -->
  <testcase name="@AfterTest afterTest" time="0.0" classname="com.uiFramework.myComp.myApp.testBase.TestBaseRunner">
    <ignored/>
  </testcase> <!-- @AfterTest afterTest -->
  <testcase name="@BeforeTest setUp" time="0.0" classname="com.uiFramework.myComp.myApp.testBase.TestBaseRunner">
    <ignored/>
  </testcase> <!-- @BeforeTest setUp -->
</testsuite> <!-- Test -->
