2018-08-09 16:08:612 INFO  HomePage:57 - entering some text....65 inch tv
2018-08-09 16:08:977 INFO  HomePage:57 - entering some text....65 inch tv
2018-08-09 18:08:698 INFO  HomePage:57 - entering some text....65 inch tv
2018-08-09 20:08:817 INFO  HomePage:57 - entering some text....65 inch tv
2018-08-09 20:08:332 INFO  HomePage:58 - entering some text....65 inch tv
2018-08-09 20:08:510 INFO  HomePage:58 - entering some text....65 inch tv
2018-08-09 20:08:754 INFO  HomePage:58 - entering some text....65 inch tv
2018-08-09 20:08:247 INFO  HomePage:58 - entering some text....65 inch tv
2018-08-09 20:08:891 INFO  HomePage:58 - entering some text....65 inch tv
2018-08-09 21:08:978 INFO  HomePage:58 - entering some text....65 inch tv
2018-08-09 21:08:298 INFO  HomePage:48 - clicking on random item...
2018-08-09 21:08:423 INFO  HomePage:58 - entering some text....65 inch tv
2018-08-09 22:08:511 INFO  HomePage:58 - entering some text....65 inch tv
2018-08-09 22:08:51 INFO  HomePage:58 - entering some text....65 inch tv
2018-08-09 22:08:676 INFO  HomePage:48 - clicking on random item...
2018-08-09 22:08:503 INFO  HomePage:60 - entering some text....65 inch tv
2018-08-09 22:08:687 INFO  HomePage:48 - clicking on random item...
2018-08-09 22:08:49 INFO  HomePage:60 - entering some text....65 inch tv
2018-08-09 22:08:398 INFO  HomePage:48 - clicking on random item...
2018-08-09 22:08:700 INFO  HomePage:60 - entering some text....65 inch tv
2018-08-09 22:08:994 INFO  HomePage:48 - clicking on random item...
2018-08-09 23:08:699 INFO  HomePage:60 - entering some text....65 inch tv
2018-08-09 23:08:61 INFO  HomePage:55 - clicking on random item...
2018-08-09 23:08:762 INFO  HomePage:60 - entering some text....65 inch tv
2018-08-09 23:08:540 INFO  HomePage:51 - numbers of items on page3
2018-08-09 23:08:691 INFO  TestBaseRunner:71 - number of items3
2018-08-09 23:08:788 INFO  HomePage:60 - entering some text....65 inch tv
2018-08-09 23:08:921 INFO  HomePage:51 - numbers of items on page3
2018-08-09 23:08:98 INFO  TestBaseRunner:71 - number of items3
2018-08-09 23:08:153 INFO  TestBaseRunner:75 - text of itemsMX Heavy Duty LCD LED TV Plasma Wall Mount Stand 32 to 65" inch Bracket -MX 3681
2018-08-09 23:08:153 INFO  TestBaseRunner:76 - price of items699
2018-08-10 00:08:766 INFO  HomePage:60 - entering some text....65 inch tv
2018-08-10 00:08:225 INFO  HomePage:51 - numbers of items on page3
2018-08-10 00:08:409 INFO  TestBaseRunner:72 - number of items3
2018-08-10 00:08:821 INFO  TestBaseRunner:76 - text of itemsMX Heavy Duty LCD LED TV Plasma Wall Mount Stand 32 to 65" inch Bracket -MX 3681
2018-08-10 00:08:822 INFO  TestBaseRunner:77 - price of items699
2018-08-10 00:08:178 INFO  HomePage:60 - entering some text....65 inch tv
2018-08-10 00:08:700 INFO  HomePage:51 - numbers of items on page3
2018-08-10 00:08:858 INFO  TestBaseRunner:72 - number of items3
2018-08-10 00:08:332 INFO  TestBaseRunner:76 - text of itemsMX Heavy Duty LCD LED TV Plasma Wall Mount Stand 32 to 65" inch Bracket -MX 3681
2018-08-10 00:08:332 INFO  TestBaseRunner:77 - price of items699
2018-08-10 00:08:790 INFO  TestBaseRunner:82 - text of itemsMX Heavy Duty LCD LED TV Plasma Wall Mount Stand 32 to 65" inch Bracket -MX 3681
2018-08-10 00:08:791 INFO  TestBaseRunner:83 - price of items699
2018-08-10 00:08:608 INFO  HomePage:60 - entering some text....65 inch tv
2018-08-10 00:08:223 INFO  HomePage:51 - numbers of items on page3
2018-08-10 00:08:510 INFO  TestBaseRunner:72 - number of items3
2018-08-10 00:08:831 INFO  TestBaseRunner:76 - text of itemsMX Heavy Duty LCD LED TV Plasma Wall Mount Stand 32 to 65" inch Bracket -MX 3681
2018-08-10 00:08:831 INFO  TestBaseRunner:77 - price of items699
2018-08-10 00:08:641 INFO  TestBaseRunner:82 - text of itemsMX Heavy Duty LCD LED TV Plasma Wall Mount Stand 32 to 65" inch Bracket -MX 3681
2018-08-10 00:08:641 INFO  TestBaseRunner:83 - price of items699
2018-08-10 00:08:40 INFO  HomePage:60 - entering some text....65 inch tv
2018-08-10 00:08:907 INFO  HomePage:51 - numbers of items on page3
2018-08-10 00:08:100 INFO  TestBaseRunner:72 - number of items3
2018-08-10 00:08:91 INFO  TestBaseRunner:76 - text of itemsMX Heavy Duty LCD LED TV Plasma Wall Mount Stand 32 to 65" inch Bracket -MX 3681
2018-08-10 00:08:91 INFO  TestBaseRunner:77 - price of items699
2018-08-10 00:08:748 INFO  TestBaseRunner:82 - text of itemsMX Heavy Duty LCD LED TV Plasma Wall Mount Stand 32 to 65" inch Bracket -MX 3681
2018-08-10 00:08:749 INFO  TestBaseRunner:83 - price of items699
2018-08-10 07:08:235 INFO  HomePage:60 - entering some text....65 inch tv
2018-08-10 07:08:884 INFO  HomePage:59 - numbers of items on page3
2018-08-10 07:08:01 INFO  TestBaseRunner:105 - number of items3
2018-08-10 07:08:01 INFO  HomePage:54 - scroll and click on last item
2018-08-10 09:08:759 INFO  HomePage:60 - entering some text....65 inch tv
2018-08-10 09:08:234 INFO  HomePage:81 - clicking on random item...
2018-08-10 09:08:399 ERROR VerificationHelper:28 - element is not Displayed..
org.openqa.selenium.WebDriverException: Returned value cannot be converted to WebElement: {stacktrace=InvalidSelectorError: Argument was an invalid selector (e.g. XPath/CSS).
    at errorFromMJSONWPStatusCode (/usr/local/lib/node_modules/appium/node_modules/appium-base-driver/lib/protocol/errors.js:769:12)
    at Socket.<anonymous> (/usr/local/lib/node_modules/appium/node_modules/appium-android-bootstrap/lib/bootstrap.js:129:18)
    at emitOne (events.js:116:13)
    at Socket.emit (events.js:211:7)
    at addChunk (_stream_readable.js:263:12)
    at readableAddChunk (_stream_readable.js:246:13)
    at Socket.Readable.push (_stream_readable.js:208:10)
    at TCP.onread (net.js:607:20), error=invalid selector, message=Argument was an invalid selector (e.g. XPath/CSS).}
Build info: version: '3.11.0', revision: 'e59cfb3', time: '2018-03-11T20:26:55.152Z'
System info: host: 'Arnabs-MacBook-Pro.local', ip: 'fe80:0:0:0:866:56ef:d289:6b0c%en0', os.name: 'Mac OS X', os.arch: 'x86_64', os.version: '10.13.5', java.version: '1.8.0_171'
Driver info: driver.version: AndroidDriver
	at org.openqa.selenium.remote.RemoteWebDriver.findElement(RemoteWebDriver.java:326)
	at io.appium.java_client.DefaultGenericMobileDriver.findElement(DefaultGenericMobileDriver.java:62)
	at io.appium.java_client.AppiumDriver.findElement(AppiumDriver.java:1)
	at io.appium.java_client.android.AndroidDriver.findElement(AndroidDriver.java:1)
	at org.openqa.selenium.remote.RemoteWebDriver.findElementByXPath(RemoteWebDriver.java:421)
	at io.appium.java_client.DefaultGenericMobileDriver.findElementByXPath(DefaultGenericMobileDriver.java:152)
	at io.appium.java_client.AppiumDriver.findElementByXPath(AppiumDriver.java:1)
	at io.appium.java_client.android.AndroidDriver.findElementByXPath(AndroidDriver.java:1)
	at org.openqa.selenium.By$ByXPath.findElement(By.java:361)
	at org.openqa.selenium.remote.RemoteWebDriver.findElement(RemoteWebDriver.java:311)
	at io.appium.java_client.DefaultGenericMobileDriver.findElement(DefaultGenericMobileDriver.java:58)
	at io.appium.java_client.AppiumDriver.findElement(AppiumDriver.java:1)
	at io.appium.java_client.android.AndroidDriver.findElement(AndroidDriver.java:1)
	at io.appium.java_client.pagefactory.bys.builder.ByChained.lambda$0(ByChained.java:38)
	at org.openqa.selenium.support.ui.FluentWait.until(FluentWait.java:248)
	at io.appium.java_client.pagefactory.bys.builder.ByChained.findElement(ByChained.java:72)
	at org.openqa.selenium.remote.RemoteWebDriver.findElement(RemoteWebDriver.java:311)
	at io.appium.java_client.DefaultGenericMobileDriver.findElement(DefaultGenericMobileDriver.java:58)
	at io.appium.java_client.AppiumDriver.findElement(AppiumDriver.java:1)
	at io.appium.java_client.android.AndroidDriver.findElement(AndroidDriver.java:1)
	at io.appium.java_client.pagefactory.bys.ContentMappedBy.findElement(ContentMappedBy.java:50)
	at org.openqa.selenium.remote.RemoteWebDriver.findElement(RemoteWebDriver.java:311)
	at io.appium.java_client.DefaultGenericMobileDriver.findElement(DefaultGenericMobileDriver.java:58)
	at io.appium.java_client.AppiumDriver.findElement(AppiumDriver.java:1)
	at io.appium.java_client.android.AndroidDriver.findElement(AndroidDriver.java:1)
	at io.appium.java_client.pagefactory.AppiumElementLocator.lambda$0(AppiumElementLocator.java:119)
	at io.appium.java_client.pagefactory.AppiumElementLocator$WaitingFunction.apply(AppiumElementLocator.java:171)
	at io.appium.java_client.pagefactory.AppiumElementLocator$WaitingFunction.apply(AppiumElementLocator.java:1)
	at org.openqa.selenium.support.ui.FluentWait.until(FluentWait.java:248)
	at io.appium.java_client.pagefactory.AppiumElementLocator.waitFor(AppiumElementLocator.java:98)
	at io.appium.java_client.pagefactory.AppiumElementLocator.findElement(AppiumElementLocator.java:118)
	at io.appium.java_client.pagefactory.interceptors.InterceptorOfASingleElement.intercept(InterceptorOfASingleElement.java:60)
	at io.appium.java_client.android.AndroidElement$$EnhancerByCGLIB$$b598166c.isDisplayed(<generated>)
	at com.uiFramework.myComp.myApp.helper.assertion.VerificationHelper.isDisplayed(VerificationHelper.java:22)
	at com.uiFramework.myComp.myApp.pageObject.ProductDetails.isProductDEtailsPageDisplayed(ProductDetails.java:36)
	at com.uiFramework.myComp.myApp.testBase.TestBaseRunner.randomItem(TestBaseRunner.java:70)
	at sun.reflect.NativeMethodAccessorImpl.invoke0(Native Method)
	at sun.reflect.NativeMethodAccessorImpl.invoke(NativeMethodAccessorImpl.java:62)
	at sun.reflect.DelegatingMethodAccessorImpl.invoke(DelegatingMethodAccessorImpl.java:43)
	at java.lang.reflect.Method.invoke(Method.java:498)
	at org.testng.internal.MethodInvocationHelper.invokeMethod(MethodInvocationHelper.java:124)
	at org.testng.internal.Invoker.invokeMethod(Invoker.java:571)
	at org.testng.internal.Invoker.invokeTestMethod(Invoker.java:707)
	at org.testng.internal.Invoker.invokeTestMethods(Invoker.java:979)
	at org.testng.internal.TestMethodWorker.invokeTestMethods(TestMethodWorker.java:125)
	at org.testng.internal.TestMethodWorker.run(TestMethodWorker.java:109)
	at org.testng.TestRunner.privateRun(TestRunner.java:648)
	at org.testng.TestRunner.run(TestRunner.java:505)
	at org.testng.SuiteRunner.runTest(SuiteRunner.java:455)
	at org.testng.SuiteRunner.runSequentially(SuiteRunner.java:450)
	at org.testng.SuiteRunner.privateRun(SuiteRunner.java:415)
	at org.testng.SuiteRunner.run(SuiteRunner.java:364)
	at org.testng.SuiteRunnerWorker.runSuite(SuiteRunnerWorker.java:52)
	at org.testng.SuiteRunnerWorker.run(SuiteRunnerWorker.java:84)
	at org.testng.TestNG.runSuitesSequentially(TestNG.java:1187)
	at org.testng.TestNG.runSuitesLocally(TestNG.java:1116)
	at org.testng.TestNG.runSuites(TestNG.java:1028)
	at org.testng.TestNG.run(TestNG.java:996)
	at org.testng.remote.AbstractRemoteTestNG.run(AbstractRemoteTestNG.java:114)
	at org.testng.remote.RemoteTestNG.initAndRun(RemoteTestNG.java:251)
	at org.testng.remote.RemoteTestNG.main(RemoteTestNG.java:77)
Caused by: java.lang.ClassCastException: com.google.common.collect.Maps$TransformedEntriesMap cannot be cast to org.openqa.selenium.WebElement
	at org.openqa.selenium.remote.RemoteWebDriver.findElement(RemoteWebDriver.java:324)
	... 60 more
2018-08-10 09:08:196 INFO  HomePage:60 - entering some text....65 inch tv
2018-08-10 09:08:663 INFO  HomePage:81 - clicking on random item...
2018-08-10 09:08:842 ERROR VerificationHelper:28 - element is not Displayed..
org.openqa.selenium.WebDriverException: Returned value cannot be converted to WebElement: {stacktrace=InvalidSelectorError: Argument was an invalid selector (e.g. XPath/CSS).
    at errorFromMJSONWPStatusCode (/usr/local/lib/node_modules/appium/node_modules/appium-base-driver/lib/protocol/errors.js:769:12)
    at Socket.<anonymous> (/usr/local/lib/node_modules/appium/node_modules/appium-android-bootstrap/lib/bootstrap.js:129:18)
    at emitOne (events.js:116:13)
    at Socket.emit (events.js:211:7)
    at addChunk (_stream_readable.js:263:12)
    at readableAddChunk (_stream_readable.js:246:13)
    at Socket.Readable.push (_stream_readable.js:208:10)
    at TCP.onread (net.js:607:20), error=invalid selector, message=Argument was an invalid selector (e.g. XPath/CSS).}
Build info: version: '3.11.0', revision: 'e59cfb3', time: '2018-03-11T20:26:55.152Z'
System info: host: 'Arnabs-MacBook-Pro.local', ip: 'fe80:0:0:0:866:56ef:d289:6b0c%en0', os.name: 'Mac OS X', os.arch: 'x86_64', os.version: '10.13.5', java.version: '1.8.0_171'
Driver info: driver.version: AndroidDriver
	at org.openqa.selenium.remote.RemoteWebDriver.findElement(RemoteWebDriver.java:326)
	at io.appium.java_client.DefaultGenericMobileDriver.findElement(DefaultGenericMobileDriver.java:62)
	at io.appium.java_client.AppiumDriver.findElement(AppiumDriver.java:1)
	at io.appium.java_client.android.AndroidDriver.findElement(AndroidDriver.java:1)
	at org.openqa.selenium.remote.RemoteWebDriver.findElementByXPath(RemoteWebDriver.java:421)
	at io.appium.java_client.DefaultGenericMobileDriver.findElementByXPath(DefaultGenericMobileDriver.java:152)
	at io.appium.java_client.AppiumDriver.findElementByXPath(AppiumDriver.java:1)
	at io.appium.java_client.android.AndroidDriver.findElementByXPath(AndroidDriver.java:1)
	at org.openqa.selenium.By$ByXPath.findElement(By.java:361)
	at org.openqa.selenium.remote.RemoteWebDriver.findElement(RemoteWebDriver.java:311)
	at io.appium.java_client.DefaultGenericMobileDriver.findElement(DefaultGenericMobileDriver.java:58)
	at io.appium.java_client.AppiumDriver.findElement(AppiumDriver.java:1)
	at io.appium.java_client.android.AndroidDriver.findElement(AndroidDriver.java:1)
	at io.appium.java_client.pagefactory.bys.builder.ByChained.lambda$0(ByChained.java:38)
	at org.openqa.selenium.support.ui.FluentWait.until(FluentWait.java:248)
	at io.appium.java_client.pagefactory.bys.builder.ByChained.findElement(ByChained.java:72)
	at org.openqa.selenium.remote.RemoteWebDriver.findElement(RemoteWebDriver.java:311)
	at io.appium.java_client.DefaultGenericMobileDriver.findElement(DefaultGenericMobileDriver.java:58)
	at io.appium.java_client.AppiumDriver.findElement(AppiumDriver.java:1)
	at io.appium.java_client.android.AndroidDriver.findElement(AndroidDriver.java:1)
	at io.appium.java_client.pagefactory.bys.ContentMappedBy.findElement(ContentMappedBy.java:50)
	at org.openqa.selenium.remote.RemoteWebDriver.findElement(RemoteWebDriver.java:311)
	at io.appium.java_client.DefaultGenericMobileDriver.findElement(DefaultGenericMobileDriver.java:58)
	at io.appium.java_client.AppiumDriver.findElement(AppiumDriver.java:1)
	at io.appium.java_client.android.AndroidDriver.findElement(AndroidDriver.java:1)
	at io.appium.java_client.pagefactory.AppiumElementLocator.lambda$0(AppiumElementLocator.java:119)
	at io.appium.java_client.pagefactory.AppiumElementLocator$WaitingFunction.apply(AppiumElementLocator.java:171)
	at io.appium.java_client.pagefactory.AppiumElementLocator$WaitingFunction.apply(AppiumElementLocator.java:1)
	at org.openqa.selenium.support.ui.FluentWait.until(FluentWait.java:248)
	at io.appium.java_client.pagefactory.AppiumElementLocator.waitFor(AppiumElementLocator.java:98)
	at io.appium.java_client.pagefactory.AppiumElementLocator.findElement(AppiumElementLocator.java:118)
	at io.appium.java_client.pagefactory.interceptors.InterceptorOfASingleElement.intercept(InterceptorOfASingleElement.java:60)
	at io.appium.java_client.android.AndroidElement$$EnhancerByCGLIB$$b598166c.isDisplayed(<generated>)
	at com.uiFramework.myComp.myApp.helper.assertion.VerificationHelper.isDisplayed(VerificationHelper.java:22)
	at com.uiFramework.myComp.myApp.pageObject.ProductDetails.isProductDEtailsPageDisplayed(ProductDetails.java:36)
	at com.uiFramework.myComp.myApp.testBase.TestBaseRunner.randomItem(TestBaseRunner.java:70)
	at sun.reflect.NativeMethodAccessorImpl.invoke0(Native Method)
	at sun.reflect.NativeMethodAccessorImpl.invoke(NativeMethodAccessorImpl.java:62)
	at sun.reflect.DelegatingMethodAccessorImpl.invoke(DelegatingMethodAccessorImpl.java:43)
	at java.lang.reflect.Method.invoke(Method.java:498)
	at org.testng.internal.MethodInvocationHelper.invokeMethod(MethodInvocationHelper.java:124)
	at org.testng.internal.Invoker.invokeMethod(Invoker.java:571)
	at org.testng.internal.Invoker.invokeTestMethod(Invoker.java:707)
	at org.testng.internal.Invoker.invokeTestMethods(Invoker.java:979)
	at org.testng.internal.TestMethodWorker.invokeTestMethods(TestMethodWorker.java:125)
	at org.testng.internal.TestMethodWorker.run(TestMethodWorker.java:109)
	at org.testng.TestRunner.privateRun(TestRunner.java:648)
	at org.testng.TestRunner.run(TestRunner.java:505)
	at org.testng.SuiteRunner.runTest(SuiteRunner.java:455)
	at org.testng.SuiteRunner.runSequentially(SuiteRunner.java:450)
	at org.testng.SuiteRunner.privateRun(SuiteRunner.java:415)
	at org.testng.SuiteRunner.run(SuiteRunner.java:364)
	at org.testng.SuiteRunnerWorker.runSuite(SuiteRunnerWorker.java:52)
	at org.testng.SuiteRunnerWorker.run(SuiteRunnerWorker.java:84)
	at org.testng.TestNG.runSuitesSequentially(TestNG.java:1187)
	at org.testng.TestNG.runSuitesLocally(TestNG.java:1116)
	at org.testng.TestNG.runSuites(TestNG.java:1028)
	at org.testng.TestNG.run(TestNG.java:996)
	at org.testng.remote.AbstractRemoteTestNG.run(AbstractRemoteTestNG.java:114)
	at org.testng.remote.RemoteTestNG.initAndRun(RemoteTestNG.java:251)
	at org.testng.remote.RemoteTestNG.main(RemoteTestNG.java:77)
Caused by: java.lang.ClassCastException: com.google.common.collect.Maps$TransformedEntriesMap cannot be cast to org.openqa.selenium.WebElement
	at org.openqa.selenium.remote.RemoteWebDriver.findElement(RemoteWebDriver.java:324)
	... 60 more
2018-08-10 09:08:371 INFO  HomePage:60 - entering some text....65 inch tv
2018-08-10 09:08:749 INFO  HomePage:81 - clicking on random item...
2018-08-10 09:08:210 ERROR VerificationHelper:28 - element is not Displayed..
org.openqa.selenium.WebDriverException: Returned value cannot be converted to WebElement: {stacktrace=NoSuchElementError: An element could not be located on the page using the given search parameters.
    at AndroidDriver.callee$0$0$ (/usr/local/lib/node_modules/appium/node_modules/appium-android-driver/lib/commands/find.js:69:13)
    at tryCatch (/usr/local/lib/node_modules/appium/node_modules/babel-runtime/regenerator/runtime.js:67:40)
    at GeneratorFunctionPrototype.invoke [as _invoke] (/usr/local/lib/node_modules/appium/node_modules/babel-runtime/regenerator/runtime.js:315:22)
    at GeneratorFunctionPrototype.prototype.(anonymous function) [as throw] (/usr/local/lib/node_modules/appium/node_modules/babel-runtime/regenerator/runtime.js:100:21)
    at GeneratorFunctionPrototype.invoke (/usr/local/lib/node_modules/appium/node_modules/babel-runtime/regenerator/runtime.js:136:37)
    at <anonymous>, error=no such element, message=An element could not be located on the page using the given search parameters.}
Build info: version: '3.11.0', revision: 'e59cfb3', time: '2018-03-11T20:26:55.152Z'
System info: host: 'Arnabs-MacBook-Pro.local', ip: 'fe80:0:0:0:866:56ef:d289:6b0c%en0', os.name: 'Mac OS X', os.arch: 'x86_64', os.version: '10.13.5', java.version: '1.8.0_171'
Driver info: driver.version: AndroidDriver
	at org.openqa.selenium.remote.RemoteWebDriver.findElement(RemoteWebDriver.java:326)
	at io.appium.java_client.DefaultGenericMobileDriver.findElement(DefaultGenericMobileDriver.java:62)
	at io.appium.java_client.AppiumDriver.findElement(AppiumDriver.java:1)
	at io.appium.java_client.android.AndroidDriver.findElement(AndroidDriver.java:1)
	at org.openqa.selenium.remote.RemoteWebDriver.findElementByXPath(RemoteWebDriver.java:421)
	at io.appium.java_client.DefaultGenericMobileDriver.findElementByXPath(DefaultGenericMobileDriver.java:152)
	at io.appium.java_client.AppiumDriver.findElementByXPath(AppiumDriver.java:1)
	at io.appium.java_client.android.AndroidDriver.findElementByXPath(AndroidDriver.java:1)
	at org.openqa.selenium.By$ByXPath.findElement(By.java:361)
	at org.openqa.selenium.remote.RemoteWebDriver.findElement(RemoteWebDriver.java:311)
	at io.appium.java_client.DefaultGenericMobileDriver.findElement(DefaultGenericMobileDriver.java:58)
	at io.appium.java_client.AppiumDriver.findElement(AppiumDriver.java:1)
	at io.appium.java_client.android.AndroidDriver.findElement(AndroidDriver.java:1)
	at io.appium.java_client.pagefactory.bys.builder.ByChained.lambda$0(ByChained.java:38)
	at org.openqa.selenium.support.ui.FluentWait.until(FluentWait.java:248)
	at io.appium.java_client.pagefactory.bys.builder.ByChained.findElement(ByChained.java:72)
	at org.openqa.selenium.remote.RemoteWebDriver.findElement(RemoteWebDriver.java:311)
	at io.appium.java_client.DefaultGenericMobileDriver.findElement(DefaultGenericMobileDriver.java:58)
	at io.appium.java_client.AppiumDriver.findElement(AppiumDriver.java:1)
	at io.appium.java_client.android.AndroidDriver.findElement(AndroidDriver.java:1)
	at io.appium.java_client.pagefactory.bys.ContentMappedBy.findElement(ContentMappedBy.java:50)
	at org.openqa.selenium.remote.RemoteWebDriver.findElement(RemoteWebDriver.java:311)
	at io.appium.java_client.DefaultGenericMobileDriver.findElement(DefaultGenericMobileDriver.java:58)
	at io.appium.java_client.AppiumDriver.findElement(AppiumDriver.java:1)
	at io.appium.java_client.android.AndroidDriver.findElement(AndroidDriver.java:1)
	at io.appium.java_client.pagefactory.AppiumElementLocator.lambda$0(AppiumElementLocator.java:119)
	at io.appium.java_client.pagefactory.AppiumElementLocator$WaitingFunction.apply(AppiumElementLocator.java:171)
	at io.appium.java_client.pagefactory.AppiumElementLocator$WaitingFunction.apply(AppiumElementLocator.java:1)
	at org.openqa.selenium.support.ui.FluentWait.until(FluentWait.java:248)
	at io.appium.java_client.pagefactory.AppiumElementLocator.waitFor(AppiumElementLocator.java:98)
	at io.appium.java_client.pagefactory.AppiumElementLocator.findElement(AppiumElementLocator.java:118)
	at io.appium.java_client.pagefactory.interceptors.InterceptorOfASingleElement.intercept(InterceptorOfASingleElement.java:60)
	at io.appium.java_client.android.AndroidElement$$EnhancerByCGLIB$$b598166c.isDisplayed(<generated>)
	at com.uiFramework.myComp.myApp.helper.assertion.VerificationHelper.isDisplayed(VerificationHelper.java:22)
	at com.uiFramework.myComp.myApp.pageObject.ProductDetails.isProductDEtailsPageDisplayed(ProductDetails.java:36)
	at com.uiFramework.myComp.myApp.testBase.TestBaseRunner.randomItem(TestBaseRunner.java:70)
	at sun.reflect.NativeMethodAccessorImpl.invoke0(Native Method)
	at sun.reflect.NativeMethodAccessorImpl.invoke(NativeMethodAccessorImpl.java:62)
	at sun.reflect.DelegatingMethodAccessorImpl.invoke(DelegatingMethodAccessorImpl.java:43)
	at java.lang.reflect.Method.invoke(Method.java:498)
	at org.testng.internal.MethodInvocationHelper.invokeMethod(MethodInvocationHelper.java:124)
	at org.testng.internal.Invoker.invokeMethod(Invoker.java:571)
	at org.testng.internal.Invoker.invokeTestMethod(Invoker.java:707)
	at org.testng.internal.Invoker.invokeTestMethods(Invoker.java:979)
	at org.testng.internal.TestMethodWorker.invokeTestMethods(TestMethodWorker.java:125)
	at org.testng.internal.TestMethodWorker.run(TestMethodWorker.java:109)
	at org.testng.TestRunner.privateRun(TestRunner.java:648)
	at org.testng.TestRunner.run(TestRunner.java:505)
	at org.testng.SuiteRunner.runTest(SuiteRunner.java:455)
	at org.testng.SuiteRunner.runSequentially(SuiteRunner.java:450)
	at org.testng.SuiteRunner.privateRun(SuiteRunner.java:415)
	at org.testng.SuiteRunner.run(SuiteRunner.java:364)
	at org.testng.SuiteRunnerWorker.runSuite(SuiteRunnerWorker.java:52)
	at org.testng.SuiteRunnerWorker.run(SuiteRunnerWorker.java:84)
	at org.testng.TestNG.runSuitesSequentially(TestNG.java:1187)
	at org.testng.TestNG.runSuitesLocally(TestNG.java:1116)
	at org.testng.TestNG.runSuites(TestNG.java:1028)
	at org.testng.TestNG.run(TestNG.java:996)
	at org.testng.remote.AbstractRemoteTestNG.run(AbstractRemoteTestNG.java:114)
	at org.testng.remote.RemoteTestNG.initAndRun(RemoteTestNG.java:251)
	at org.testng.remote.RemoteTestNG.main(RemoteTestNG.java:77)
Caused by: java.lang.ClassCastException: com.google.common.collect.Maps$TransformedEntriesMap cannot be cast to org.openqa.selenium.WebElement
	at org.openqa.selenium.remote.RemoteWebDriver.findElement(RemoteWebDriver.java:324)
	... 60 more
2018-08-10 09:08:159 INFO  HomePage:60 - entering some text....65 inch tv
2018-08-10 09:08:713 INFO  HomePage:81 - clicking on random item...
2018-08-10 09:08:881 ERROR VerificationHelper:28 - element is not Displayed..
org.openqa.selenium.WebDriverException: Returned value cannot be converted to WebElement: {stacktrace=NoSuchElementError: An element could not be located on the page using the given search parameters.
    at AndroidDriver.callee$0$0$ (/usr/local/lib/node_modules/appium/node_modules/appium-android-driver/lib/commands/find.js:69:13)
    at tryCatch (/usr/local/lib/node_modules/appium/node_modules/babel-runtime/regenerator/runtime.js:67:40)
    at GeneratorFunctionPrototype.invoke [as _invoke] (/usr/local/lib/node_modules/appium/node_modules/babel-runtime/regenerator/runtime.js:315:22)
    at GeneratorFunctionPrototype.prototype.(anonymous function) [as throw] (/usr/local/lib/node_modules/appium/node_modules/babel-runtime/regenerator/runtime.js:100:21)
    at GeneratorFunctionPrototype.invoke (/usr/local/lib/node_modules/appium/node_modules/babel-runtime/regenerator/runtime.js:136:37)
    at <anonymous>, error=no such element, message=An element could not be located on the page using the given search parameters.}
Build info: version: '3.11.0', revision: 'e59cfb3', time: '2018-03-11T20:26:55.152Z'
System info: host: 'Arnabs-MacBook-Pro.local', ip: 'fe80:0:0:0:866:56ef:d289:6b0c%en0', os.name: 'Mac OS X', os.arch: 'x86_64', os.version: '10.13.5', java.version: '1.8.0_171'
Driver info: driver.version: AndroidDriver
	at org.openqa.selenium.remote.RemoteWebDriver.findElement(RemoteWebDriver.java:326)
	at io.appium.java_client.DefaultGenericMobileDriver.findElement(DefaultGenericMobileDriver.java:62)
	at io.appium.java_client.AppiumDriver.findElement(AppiumDriver.java:1)
	at io.appium.java_client.android.AndroidDriver.findElement(AndroidDriver.java:1)
	at org.openqa.selenium.remote.RemoteWebDriver.findElementByXPath(RemoteWebDriver.java:421)
	at io.appium.java_client.DefaultGenericMobileDriver.findElementByXPath(DefaultGenericMobileDriver.java:152)
	at io.appium.java_client.AppiumDriver.findElementByXPath(AppiumDriver.java:1)
	at io.appium.java_client.android.AndroidDriver.findElementByXPath(AndroidDriver.java:1)
	at org.openqa.selenium.By$ByXPath.findElement(By.java:361)
	at org.openqa.selenium.remote.RemoteWebDriver.findElement(RemoteWebDriver.java:311)
	at io.appium.java_client.DefaultGenericMobileDriver.findElement(DefaultGenericMobileDriver.java:58)
	at io.appium.java_client.AppiumDriver.findElement(AppiumDriver.java:1)
	at io.appium.java_client.android.AndroidDriver.findElement(AndroidDriver.java:1)
	at io.appium.java_client.pagefactory.bys.builder.ByChained.lambda$0(ByChained.java:38)
	at org.openqa.selenium.support.ui.FluentWait.until(FluentWait.java:248)
	at io.appium.java_client.pagefactory.bys.builder.ByChained.findElement(ByChained.java:72)
	at org.openqa.selenium.remote.RemoteWebDriver.findElement(RemoteWebDriver.java:311)
	at io.appium.java_client.DefaultGenericMobileDriver.findElement(DefaultGenericMobileDriver.java:58)
	at io.appium.java_client.AppiumDriver.findElement(AppiumDriver.java:1)
	at io.appium.java_client.android.AndroidDriver.findElement(AndroidDriver.java:1)
	at io.appium.java_client.pagefactory.bys.ContentMappedBy.findElement(ContentMappedBy.java:50)
	at org.openqa.selenium.remote.RemoteWebDriver.findElement(RemoteWebDriver.java:311)
	at io.appium.java_client.DefaultGenericMobileDriver.findElement(DefaultGenericMobileDriver.java:58)
	at io.appium.java_client.AppiumDriver.findElement(AppiumDriver.java:1)
	at io.appium.java_client.android.AndroidDriver.findElement(AndroidDriver.java:1)
	at io.appium.java_client.pagefactory.AppiumElementLocator.lambda$0(AppiumElementLocator.java:119)
	at io.appium.java_client.pagefactory.AppiumElementLocator$WaitingFunction.apply(AppiumElementLocator.java:171)
	at io.appium.java_client.pagefactory.AppiumElementLocator$WaitingFunction.apply(AppiumElementLocator.java:1)
	at org.openqa.selenium.support.ui.FluentWait.until(FluentWait.java:248)
	at io.appium.java_client.pagefactory.AppiumElementLocator.waitFor(AppiumElementLocator.java:98)
	at io.appium.java_client.pagefactory.AppiumElementLocator.findElement(AppiumElementLocator.java:118)
	at io.appium.java_client.pagefactory.interceptors.InterceptorOfASingleElement.intercept(InterceptorOfASingleElement.java:60)
	at io.appium.java_client.android.AndroidElement$$EnhancerByCGLIB$$b598166c.isDisplayed(<generated>)
	at com.uiFramework.myComp.myApp.helper.assertion.VerificationHelper.isDisplayed(VerificationHelper.java:22)
	at com.uiFramework.myComp.myApp.pageObject.ProductDetails.isProductDEtailsPageDisplayed(ProductDetails.java:37)
	at com.uiFramework.myComp.myApp.testBase.TestBaseRunner.randomItem(TestBaseRunner.java:70)
	at sun.reflect.NativeMethodAccessorImpl.invoke0(Native Method)
	at sun.reflect.NativeMethodAccessorImpl.invoke(NativeMethodAccessorImpl.java:62)
	at sun.reflect.DelegatingMethodAccessorImpl.invoke(DelegatingMethodAccessorImpl.java:43)
	at java.lang.reflect.Method.invoke(Method.java:498)
	at org.testng.internal.MethodInvocationHelper.invokeMethod(MethodInvocationHelper.java:124)
	at org.testng.internal.Invoker.invokeMethod(Invoker.java:571)
	at org.testng.internal.Invoker.invokeTestMethod(Invoker.java:707)
	at org.testng.internal.Invoker.invokeTestMethods(Invoker.java:979)
	at org.testng.internal.TestMethodWorker.invokeTestMethods(TestMethodWorker.java:125)
	at org.testng.internal.TestMethodWorker.run(TestMethodWorker.java:109)
	at org.testng.TestRunner.privateRun(TestRunner.java:648)
	at org.testng.TestRunner.run(TestRunner.java:505)
	at org.testng.SuiteRunner.runTest(SuiteRunner.java:455)
	at org.testng.SuiteRunner.runSequentially(SuiteRunner.java:450)
	at org.testng.SuiteRunner.privateRun(SuiteRunner.java:415)
	at org.testng.SuiteRunner.run(SuiteRunner.java:364)
	at org.testng.SuiteRunnerWorker.runSuite(SuiteRunnerWorker.java:52)
	at org.testng.SuiteRunnerWorker.run(SuiteRunnerWorker.java:84)
	at org.testng.TestNG.runSuitesSequentially(TestNG.java:1187)
	at org.testng.TestNG.runSuitesLocally(TestNG.java:1116)
	at org.testng.TestNG.runSuites(TestNG.java:1028)
	at org.testng.TestNG.run(TestNG.java:996)
	at org.testng.remote.AbstractRemoteTestNG.run(AbstractRemoteTestNG.java:114)
	at org.testng.remote.RemoteTestNG.initAndRun(RemoteTestNG.java:251)
	at org.testng.remote.RemoteTestNG.main(RemoteTestNG.java:77)
Caused by: java.lang.ClassCastException: com.google.common.collect.Maps$TransformedEntriesMap cannot be cast to org.openqa.selenium.WebElement
	at org.openqa.selenium.remote.RemoteWebDriver.findElement(RemoteWebDriver.java:324)
	... 60 more
2018-08-10 09:08:798 INFO  HomePage:60 - entering some text....65 inch tv
2018-08-10 09:08:694 INFO  HomePage:81 - clicking on random item...
2018-08-10 09:08:995 ERROR VerificationHelper:28 - element is not Displayed..
org.openqa.selenium.WebDriverException: Returned value cannot be converted to WebElement: {stacktrace=NoSuchElementError: An element could not be located on the page using the given search parameters.
    at AndroidDriver.callee$0$0$ (/usr/local/lib/node_modules/appium/node_modules/appium-android-driver/lib/commands/find.js:69:13)
    at tryCatch (/usr/local/lib/node_modules/appium/node_modules/babel-runtime/regenerator/runtime.js:67:40)
    at GeneratorFunctionPrototype.invoke [as _invoke] (/usr/local/lib/node_modules/appium/node_modules/babel-runtime/regenerator/runtime.js:315:22)
    at GeneratorFunctionPrototype.prototype.(anonymous function) [as throw] (/usr/local/lib/node_modules/appium/node_modules/babel-runtime/regenerator/runtime.js:100:21)
    at GeneratorFunctionPrototype.invoke (/usr/local/lib/node_modules/appium/node_modules/babel-runtime/regenerator/runtime.js:136:37)
    at <anonymous>, error=no such element, message=An element could not be located on the page using the given search parameters.}
Build info: version: '3.11.0', revision: 'e59cfb3', time: '2018-03-11T20:26:55.152Z'
System info: host: 'Arnabs-MacBook-Pro.local', ip: 'fe80:0:0:0:866:56ef:d289:6b0c%en0', os.name: 'Mac OS X', os.arch: 'x86_64', os.version: '10.13.5', java.version: '1.8.0_171'
Driver info: driver.version: AndroidDriver
	at org.openqa.selenium.remote.RemoteWebDriver.findElement(RemoteWebDriver.java:326)
	at io.appium.java_client.DefaultGenericMobileDriver.findElement(DefaultGenericMobileDriver.java:62)
	at io.appium.java_client.AppiumDriver.findElement(AppiumDriver.java:1)
	at io.appium.java_client.android.AndroidDriver.findElement(AndroidDriver.java:1)
	at org.openqa.selenium.remote.RemoteWebDriver.findElementByXPath(RemoteWebDriver.java:421)
	at io.appium.java_client.DefaultGenericMobileDriver.findElementByXPath(DefaultGenericMobileDriver.java:152)
	at io.appium.java_client.AppiumDriver.findElementByXPath(AppiumDriver.java:1)
	at io.appium.java_client.android.AndroidDriver.findElementByXPath(AndroidDriver.java:1)
	at org.openqa.selenium.By$ByXPath.findElement(By.java:361)
	at org.openqa.selenium.remote.RemoteWebDriver.findElement(RemoteWebDriver.java:311)
	at io.appium.java_client.DefaultGenericMobileDriver.findElement(DefaultGenericMobileDriver.java:58)
	at io.appium.java_client.AppiumDriver.findElement(AppiumDriver.java:1)
	at io.appium.java_client.android.AndroidDriver.findElement(AndroidDriver.java:1)
	at io.appium.java_client.pagefactory.bys.builder.ByChained.lambda$0(ByChained.java:38)
	at org.openqa.selenium.support.ui.FluentWait.until(FluentWait.java:248)
	at io.appium.java_client.pagefactory.bys.builder.ByChained.findElement(ByChained.java:72)
	at org.openqa.selenium.remote.RemoteWebDriver.findElement(RemoteWebDriver.java:311)
	at io.appium.java_client.DefaultGenericMobileDriver.findElement(DefaultGenericMobileDriver.java:58)
	at io.appium.java_client.AppiumDriver.findElement(AppiumDriver.java:1)
	at io.appium.java_client.android.AndroidDriver.findElement(AndroidDriver.java:1)
	at io.appium.java_client.pagefactory.bys.ContentMappedBy.findElement(ContentMappedBy.java:50)
	at org.openqa.selenium.remote.RemoteWebDriver.findElement(RemoteWebDriver.java:311)
	at io.appium.java_client.DefaultGenericMobileDriver.findElement(DefaultGenericMobileDriver.java:58)
	at io.appium.java_client.AppiumDriver.findElement(AppiumDriver.java:1)
	at io.appium.java_client.android.AndroidDriver.findElement(AndroidDriver.java:1)
	at io.appium.java_client.pagefactory.AppiumElementLocator.lambda$0(AppiumElementLocator.java:119)
	at io.appium.java_client.pagefactory.AppiumElementLocator$WaitingFunction.apply(AppiumElementLocator.java:171)
	at io.appium.java_client.pagefactory.AppiumElementLocator$WaitingFunction.apply(AppiumElementLocator.java:1)
	at org.openqa.selenium.support.ui.FluentWait.until(FluentWait.java:248)
	at io.appium.java_client.pagefactory.AppiumElementLocator.waitFor(AppiumElementLocator.java:98)
	at io.appium.java_client.pagefactory.AppiumElementLocator.findElement(AppiumElementLocator.java:118)
	at io.appium.java_client.pagefactory.interceptors.InterceptorOfASingleElement.intercept(InterceptorOfASingleElement.java:60)
	at io.appium.java_client.android.AndroidElement$$EnhancerByCGLIB$$b598166c.isDisplayed(<generated>)
	at com.uiFramework.myComp.myApp.helper.assertion.VerificationHelper.isDisplayed(VerificationHelper.java:22)
	at com.uiFramework.myComp.myApp.pageObject.ProductDetails.isProductDEtailsPageDisplayed(ProductDetails.java:37)
	at com.uiFramework.myComp.myApp.testBase.TestBaseRunner.randomItem(TestBaseRunner.java:70)
	at sun.reflect.NativeMethodAccessorImpl.invoke0(Native Method)
	at sun.reflect.NativeMethodAccessorImpl.invoke(NativeMethodAccessorImpl.java:62)
	at sun.reflect.DelegatingMethodAccessorImpl.invoke(DelegatingMethodAccessorImpl.java:43)
	at java.lang.reflect.Method.invoke(Method.java:498)
	at org.testng.internal.MethodInvocationHelper.invokeMethod(MethodInvocationHelper.java:124)
	at org.testng.internal.Invoker.invokeMethod(Invoker.java:571)
	at org.testng.internal.Invoker.invokeTestMethod(Invoker.java:707)
	at org.testng.internal.Invoker.invokeTestMethods(Invoker.java:979)
	at org.testng.internal.TestMethodWorker.invokeTestMethods(TestMethodWorker.java:125)
	at org.testng.internal.TestMethodWorker.run(TestMethodWorker.java:109)
	at org.testng.TestRunner.privateRun(TestRunner.java:648)
	at org.testng.TestRunner.run(TestRunner.java:505)
	at org.testng.SuiteRunner.runTest(SuiteRunner.java:455)
	at org.testng.SuiteRunner.runSequentially(SuiteRunner.java:450)
	at org.testng.SuiteRunner.privateRun(SuiteRunner.java:415)
	at org.testng.SuiteRunner.run(SuiteRunner.java:364)
	at org.testng.SuiteRunnerWorker.runSuite(SuiteRunnerWorker.java:52)
	at org.testng.SuiteRunnerWorker.run(SuiteRunnerWorker.java:84)
	at org.testng.TestNG.runSuitesSequentially(TestNG.java:1187)
	at org.testng.TestNG.runSuitesLocally(TestNG.java:1116)
	at org.testng.TestNG.runSuites(TestNG.java:1028)
	at org.testng.TestNG.run(TestNG.java:996)
	at org.testng.remote.AbstractRemoteTestNG.run(AbstractRemoteTestNG.java:114)
	at org.testng.remote.RemoteTestNG.initAndRun(RemoteTestNG.java:251)
	at org.testng.remote.RemoteTestNG.main(RemoteTestNG.java:77)
Caused by: java.lang.ClassCastException: com.google.common.collect.Maps$TransformedEntriesMap cannot be cast to org.openqa.selenium.WebElement
	at org.openqa.selenium.remote.RemoteWebDriver.findElement(RemoteWebDriver.java:324)
	... 60 more
2018-08-10 09:08:589 INFO  HomePage:60 - entering some text....65 inch tv
2018-08-10 09:08:942 INFO  HomePage:81 - clicking on random item...
2018-08-10 09:08:646 INFO  VerificationHelper:23 - element is Displayed..About this item
2018-08-10 09:08:75 INFO  HomePage:60 - entering some text....65 inch tv
2018-08-10 09:08:496 INFO  HomePage:62 - numbers of items on page3
2018-08-10 09:08:686 INFO  TestBaseRunner:81 - number of items3
2018-08-10 09:08:114 INFO  TestBaseRunner:85 - text of itemsMX Heavy Duty LCD LED TV Plasma Wall Mount Stand 32 to 65" inch Bracket -MX 3681
2018-08-10 09:08:114 INFO  TestBaseRunner:86 - price of items699
2018-08-10 09:08:23 INFO  TestBaseRunner:91 - text of itemsMX Heavy Duty LCD LED TV Plasma Wall Mount Stand 32 to 65" inch Bracket -MX 3681
2018-08-10 09:08:25 INFO  TestBaseRunner:92 - price of items699
2018-08-10 09:08:27 INFO  AssertionHelper:24 - making script PASS..matching
2018-08-10 09:08:432 INFO  HomePage:60 - entering some text....65 inch tv
2018-08-10 09:08:111 INFO  HomePage:62 - numbers of items on page3
2018-08-10 09:08:408 INFO  TestBaseRunner:81 - number of items3
2018-08-10 09:08:878 INFO  TestBaseRunner:85 - text of itemsMX Heavy Duty LCD LED TV Plasma Wall Mount Stand 32 to 65" inch Bracket -MX 3681
2018-08-10 09:08:879 INFO  TestBaseRunner:86 - price of items699
2018-08-10 09:08:581 INFO  TestBaseRunner:91 - text of itemsMX Heavy Duty LCD LED TV Plasma Wall Mount Stand 32 to 65" inch Bracket -MX 3681
2018-08-10 09:08:581 INFO  TestBaseRunner:92 - price of items699
2018-08-10 09:08:584 INFO  AssertionHelper:24 - making script PASS..matching
2018-08-10 09:08:33 INFO  VerificationHelper:23 - element is Displayed..About this item
2018-08-10 09:08:375 INFO  HomePage:60 - entering some text....65 inch tv
2018-08-10 10:08:118 INFO  HomePage:62 - numbers of items on page3
2018-08-10 10:08:393 INFO  TestBaseRunner:122 - number of items3
2018-08-10 10:08:789 INFO  TestBaseRunner:126 - text of itemsMX Heavy Duty LCD LED TV Plasma Wall Mount Stand 32 to 65" inch Bracket -MX 3681
2018-08-10 10:08:789 INFO  TestBaseRunner:127 - price of items699
2018-08-10 10:08:461 INFO  TestBaseRunner:132 - text of itemsMX Heavy Duty LCD LED TV Plasma Wall Mount Stand 32 to 65" inch Bracket -MX 3681
2018-08-10 10:08:464 INFO  TestBaseRunner:133 - price of items699
2018-08-10 10:08:466 INFO  AssertionHelper:24 - making script PASS..matching
2018-08-10 10:08:910 INFO  VerificationHelper:23 - element is Displayed..About this item
2018-08-10 15:08:204 INFO  HomePage:60 - entering some text....65 inch tv
2018-08-10 15:08:150 INFO  HomePage:62 - numbers of items on page3
2018-08-10 15:08:414 INFO  TestBaseRunner:119 - number of items3
2018-08-10 15:08:511 INFO  TestBaseRunner:123 - text of itemsMX Heavy Duty LCD LED TV Plasma Wall Mount Stand 32 to 65" inch Bracket -MX 3681
2018-08-10 15:08:511 INFO  TestBaseRunner:124 - price of items699
2018-08-10 15:08:450 INFO  TestBaseRunner:129 - text of itemsMX Heavy Duty LCD LED TV Plasma Wall Mount Stand 32 to 65" inch Bracket -MX 3681
2018-08-10 15:08:451 INFO  TestBaseRunner:130 - price of items699
2018-08-10 15:08:453 INFO  AssertionHelper:24 - making script PASS..matching
2018-08-10 15:08:06 INFO  VerificationHelper:23 - element is Displayed..About this item
2018-08-10 15:08:571 INFO  HomePage:60 - entering some text....65 inch tv
2018-08-10 15:08:199 INFO  TestBaseRunner:213 - excel location /Users/arnabbhuiya/eclipse-workspace/uiFramework/src/main/resources/configFile/testData.xlsx
2018-08-10 15:08:62 INFO  HomePage:68 - entering some text....65 inch tv
2018-08-10 15:08:228 INFO  VerificationHelper:23 - element is Displayed..65 inch tv
2018-08-10 16:08:328 INFO  TestBaseRunner:213 - excel location /Users/arnabbhuiya/eclipse-workspace/uiFramework/src/main/resources/configFile/testData.xlsx
2018-08-10 16:08:172 INFO  HomePage:68 - entering some text....65 inch tv
2018-08-10 16:08:98 INFO  VerificationHelper:23 - element is Displayed..65 inch tv
2018-08-10 16:08:894 INFO  TestBaseRunner:213 - excel location /Users/arnabbhuiya/eclipse-workspace/uiFramework/src/main/resources/configFile/testData.xlsx
2018-08-10 16:08:830 INFO  HomePage:68 - entering some text....65 inch tv
2018-08-10 16:08:642 INFO  VerificationHelper:23 - element is Displayed..65 inch tv
2018-08-10 16:08:898 INFO  HomePage:68 - entering some text....formal pants
2018-08-10 16:08:390 INFO  HomePage:68 - entering some text....null
2018-08-10 16:08:997 INFO  TestBaseRunner:213 - excel location /Users/arnabbhuiya/eclipse-workspace/uiFramework/src/main/resources/configFile/testData.xlsx
2018-08-10 16:08:739 INFO  HomePage:68 - entering some text....65 inch tv
2018-08-10 16:08:952 INFO  VerificationHelper:23 - element is Displayed..65 inch tv
2018-08-10 16:08:619 INFO  TestBaseRunner:213 - excel location /Users/arnabbhuiya/eclipse-workspace/uiFramework/src/main/resources/configFile/testData.xlsx
2018-08-10 16:08:340 INFO  HomePage:68 - entering some text....65 inch tv
2018-08-10 16:08:783 INFO  VerificationHelper:23 - element is Displayed..65 inch tv
2018-08-10 17:08:42 INFO  TestBaseRunner:213 - excel location /Users/arnabbhuiya/eclipse-workspace/uiFramework/src/main/resources/configFile/testData.xlsx
2018-08-10 17:08:880 INFO  HomePage:68 - entering some text....65 inch tv
2018-08-10 17:08:711 INFO  VerificationHelper:23 - element is Displayed..65 inch tv
2018-08-10 17:08:660 INFO  TestBaseRunner:213 - excel location /Users/arnabbhuiya/eclipse-workspace/uiFramework/src/main/resources/configFile/testData.xlsx
2018-08-10 17:08:480 INFO  HomePage:68 - entering some text....65 inch tv
2018-08-10 17:08:781 INFO  VerificationHelper:23 - element is Displayed..65 inch tv
2018-08-10 17:08:828 INFO  ExcelHelper:102 - result updated..
2018-08-10 17:08:766 INFO  TestBaseRunner:213 - excel location /Users/arnabbhuiya/eclipse-workspace/uiFramework/src/main/resources/configFile/testData.xlsx
2018-08-10 17:08:579 INFO  HomePage:68 - entering some text....65 inch tv
2018-08-10 17:08:750 INFO  VerificationHelper:23 - element is Displayed..65 inch tv
2018-08-10 17:08:800 INFO  ExcelHelper:102 - result updated..
2018-08-10 17:08:119 INFO  TestBaseRunner:213 - excel location /Users/arnabbhuiya/eclipse-workspace/uiFramework/src/main/resources/configFile/testData.xlsx
2018-08-10 17:08:16 INFO  HomePage:68 - entering some text....65 inch tv
2018-08-10 17:08:164 INFO  VerificationHelper:23 - element is Displayed..65 inch tv
2018-08-10 17:08:210 INFO  ExcelHelper:102 - result updated..
2018-08-10 17:08:627 INFO  TestBaseRunner:213 - excel location /Users/arnabbhuiya/eclipse-workspace/uiFramework/src/main/resources/configFile/testData.xlsx
2018-08-10 17:08:491 INFO  HomePage:68 - entering some text....65 inch tv
2018-08-10 17:08:897 INFO  VerificationHelper:23 - element is Displayed..When you save a search, we'll let you know when a new matching item is listed
2018-08-10 17:08:943 INFO  ExcelHelper:102 - result updated..
2018-08-10 18:08:60 INFO  HomePage:68 - entering some text....65 inch tv
2018-08-10 18:08:583 INFO  TestBaseRunner:32 - WaitHelper object created..
2018-08-10 18:08:584 INFO  TestBaseRunner:147 - waiting for page to load for : SECONDS seconds
2018-08-10 18:08:658 INFO  TestBaseRunner:149 - page is loaded
2018-08-10 18:08:23 INFO  HomePage:81 - clicking on random item...
2018-08-10 18:08:560 INFO  HomePage:68 - entering some text....65 inch tv
2018-08-10 18:08:302 INFO  HomePage:81 - clicking on random item...
2018-08-10 18:08:858 INFO  VerificationHelper:23 - element is Displayed..About this item
2018-08-10 18:08:144 INFO  HomePage:68 - entering some text....65 inch tv
2018-08-10 18:08:953 INFO  TestBaseRunner:32 - WaitHelper object created..
2018-08-10 18:08:955 INFO  TestBaseRunner:147 - waiting for page to load for : SECONDS seconds
2018-08-10 18:08:964 INFO  TestBaseRunner:149 - page is loaded
2018-08-10 18:08:618 INFO  HomePage:81 - clicking on random item...
2018-08-10 18:08:228 INFO  VerificationHelper:23 - element is Displayed..About this item
2018-08-10 18:08:18 INFO  HomePage:68 - entering some text....65 inch tv
2018-08-10 18:08:735 INFO  TestBaseRunner:32 - WaitHelper object created..
2018-08-10 18:08:736 INFO  TestBaseRunner:147 - waiting for page to load for : SECONDS seconds
2018-08-10 18:08:746 INFO  TestBaseRunner:149 - page is loaded
2018-08-10 18:08:817 INFO  HomePage:81 - clicking on random item...
2018-08-10 18:08:726 INFO  VerificationHelper:23 - element is Displayed..About this item
2018-08-10 18:08:601 INFO  HomePage:68 - entering some text....65 inch tv
2018-08-10 18:08:409 INFO  TestBaseRunner:32 - WaitHelper object created..
2018-08-10 18:08:409 INFO  TestBaseRunner:147 - waiting for page to load for : SECONDS seconds
2018-08-10 18:08:419 INFO  TestBaseRunner:149 - page is loaded
2018-08-10 18:08:983 INFO  HomePage:62 - numbers of items on page3
2018-08-10 18:08:799 INFO  TestBaseRunner:122 - number of items3
2018-08-10 18:08:293 INFO  TestBaseRunner:126 - text of itemsMX Heavy Duty LCD LED TV Plasma Wall Mount Stand 32 to 65" inch Bracket -MX 3681
2018-08-10 18:08:294 INFO  TestBaseRunner:127 - price of items699
2018-08-10 18:08:673 INFO  TestBaseRunner:32 - WaitHelper object created..
2018-08-10 18:08:690 INFO  TestBaseRunner:159 - waiting for :Located by By.chained({By.id: com.ebay.mobile:id/textview_item_price}) for :15 seconds
2018-08-10 18:08:831 INFO  TestBaseRunner:162 - element is visible now
2018-08-10 18:08:837 INFO  TestBaseRunner:133 - text of itemsMX Heavy Duty LCD LED TV Plasma Wall Mount Stand 32 to 65" inch Bracket -MX 3681
2018-08-10 18:08:837 INFO  TestBaseRunner:134 - price of items699
2018-08-10 18:08:840 INFO  AssertionHelper:24 - making script PASS..matching
2018-08-10 18:08:381 INFO  VerificationHelper:23 - element is Displayed..About this item
2018-08-10 18:08:957 INFO  HomePage:68 - entering some text....65 inch tv
2018-08-10 18:08:178 INFO  TestBaseRunner:32 - WaitHelper object created..
2018-08-10 18:08:179 INFO  TestBaseRunner:147 - waiting for page to load for : SECONDS seconds
2018-08-10 18:08:187 INFO  TestBaseRunner:149 - page is loaded
2018-08-10 18:08:779 INFO  HomePage:62 - numbers of items on page0
2018-08-10 18:08:199 INFO  TestBaseRunner:122 - number of items0
2018-08-10 18:08:263 INFO  HomePage:69 - entering some text....65 inch tv
2018-08-10 18:08:268 INFO  TestBaseRunner:32 - WaitHelper object created..
2018-08-10 18:08:269 INFO  TestBaseRunner:42 - Implicit Wait has been set to: 10
2018-08-10 18:08:461 INFO  TestBaseRunner:32 - WaitHelper object created..
2018-08-10 18:08:462 INFO  TestBaseRunner:147 - waiting for page to load for : SECONDS seconds
2018-08-10 18:08:470 INFO  TestBaseRunner:149 - page is loaded
2018-08-10 18:08:378 INFO  HomePage:62 - numbers of items on page3
2018-08-10 18:08:124 INFO  TestBaseRunner:122 - number of items3
2018-08-10 18:08:549 INFO  TestBaseRunner:126 - text of itemsMX Heavy Duty LCD LED TV Plasma Wall Mount Stand 32 to 65" inch Bracket -MX 3681
2018-08-10 18:08:549 INFO  TestBaseRunner:127 - price of items699
2018-08-10 18:08:942 INFO  TestBaseRunner:32 - WaitHelper object created..
2018-08-10 18:08:986 INFO  TestBaseRunner:159 - waiting for :Located by By.chained({By.id: com.ebay.mobile:id/textview_item_price}) for :15 seconds
2018-08-10 18:08:53 INFO  TestBaseRunner:162 - element is visible now
2018-08-10 18:08:38 INFO  TestBaseRunner:133 - text of itemsMX Heavy Duty LCD LED TV Plasma Wall Mount Stand 32 to 65" inch Bracket -MX 3681
2018-08-10 18:08:38 INFO  TestBaseRunner:134 - price of items699
2018-08-10 18:08:41 INFO  AssertionHelper:24 - making script PASS..matching
2018-08-10 18:08:550 INFO  VerificationHelper:23 - element is Displayed..About this item
2018-08-10 18:08:416 INFO  HomePage:69 - entering some text....65 inch tv
2018-08-10 18:08:422 INFO  TestBaseRunner:32 - WaitHelper object created..
2018-08-10 18:08:422 INFO  TestBaseRunner:42 - Implicit Wait has been set to: 10
2018-08-10 18:08:856 INFO  TestBaseRunner:32 - WaitHelper object created..
2018-08-10 18:08:858 INFO  TestBaseRunner:147 - waiting for page to load for : SECONDS seconds
2018-08-10 18:08:865 INFO  TestBaseRunner:149 - page is loaded
2018-08-10 18:08:726 INFO  HomePage:83 - clicking on random item...
2018-08-10 18:08:179 INFO  TestBaseRunner:32 - WaitHelper object created..
2018-08-10 18:08:180 INFO  TestBaseRunner:147 - waiting for page to load for : SECONDS seconds
2018-08-10 18:08:187 INFO  TestBaseRunner:149 - page is loaded
2018-08-10 18:08:441 ERROR VerificationHelper:28 - element is not Displayed..
org.openqa.selenium.WebDriverException: Returned value cannot be converted to WebElement: {stacktrace=NoSuchElementError: An element could not be located on the page using the given search parameters.
    at AndroidDriver.callee$0$0$ (/usr/local/lib/node_modules/appium/node_modules/appium-android-driver/lib/commands/find.js:69:13)
    at tryCatch (/usr/local/lib/node_modules/appium/node_modules/babel-runtime/regenerator/runtime.js:67:40)
    at GeneratorFunctionPrototype.invoke [as _invoke] (/usr/local/lib/node_modules/appium/node_modules/babel-runtime/regenerator/runtime.js:315:22)
    at GeneratorFunctionPrototype.prototype.(anonymous function) [as throw] (/usr/local/lib/node_modules/appium/node_modules/babel-runtime/regenerator/runtime.js:100:21)
    at GeneratorFunctionPrototype.invoke (/usr/local/lib/node_modules/appium/node_modules/babel-runtime/regenerator/runtime.js:136:37)
    at <anonymous>, error=no such element, message=An element could not be located on the page using the given search parameters.}
Build info: version: '3.11.0', revision: 'e59cfb3', time: '2018-03-11T20:26:55.152Z'
System info: host: 'Arnabs-MacBook-Pro.local', ip: 'fe80:0:0:0:866:56ef:d289:6b0c%en0', os.name: 'Mac OS X', os.arch: 'x86_64', os.version: '10.13.5', java.version: '1.8.0_171'
Driver info: driver.version: AndroidDriver
	at org.openqa.selenium.remote.RemoteWebDriver.findElement(RemoteWebDriver.java:326)
	at io.appium.java_client.DefaultGenericMobileDriver.findElement(DefaultGenericMobileDriver.java:62)
	at io.appium.java_client.AppiumDriver.findElement(AppiumDriver.java:1)
	at io.appium.java_client.android.AndroidDriver.findElement(AndroidDriver.java:1)
	at org.openqa.selenium.remote.RemoteWebDriver.findElementByXPath(RemoteWebDriver.java:421)
	at io.appium.java_client.DefaultGenericMobileDriver.findElementByXPath(DefaultGenericMobileDriver.java:152)
	at io.appium.java_client.AppiumDriver.findElementByXPath(AppiumDriver.java:1)
	at io.appium.java_client.android.AndroidDriver.findElementByXPath(AndroidDriver.java:1)
	at org.openqa.selenium.By$ByXPath.findElement(By.java:361)
	at org.openqa.selenium.remote.RemoteWebDriver.findElement(RemoteWebDriver.java:311)
	at io.appium.java_client.DefaultGenericMobileDriver.findElement(DefaultGenericMobileDriver.java:58)
	at io.appium.java_client.AppiumDriver.findElement(AppiumDriver.java:1)
	at io.appium.java_client.android.AndroidDriver.findElement(AndroidDriver.java:1)
	at io.appium.java_client.pagefactory.bys.builder.ByChained.lambda$0(ByChained.java:38)
	at org.openqa.selenium.support.ui.FluentWait.until(FluentWait.java:248)
	at io.appium.java_client.pagefactory.bys.builder.ByChained.findElement(ByChained.java:72)
	at org.openqa.selenium.remote.RemoteWebDriver.findElement(RemoteWebDriver.java:311)
	at io.appium.java_client.DefaultGenericMobileDriver.findElement(DefaultGenericMobileDriver.java:58)
	at io.appium.java_client.AppiumDriver.findElement(AppiumDriver.java:1)
	at io.appium.java_client.android.AndroidDriver.findElement(AndroidDriver.java:1)
	at io.appium.java_client.pagefactory.bys.ContentMappedBy.findElement(ContentMappedBy.java:50)
	at org.openqa.selenium.remote.RemoteWebDriver.findElement(RemoteWebDriver.java:311)
	at io.appium.java_client.DefaultGenericMobileDriver.findElement(DefaultGenericMobileDriver.java:58)
	at io.appium.java_client.AppiumDriver.findElement(AppiumDriver.java:1)
	at io.appium.java_client.android.AndroidDriver.findElement(AndroidDriver.java:1)
	at io.appium.java_client.pagefactory.AppiumElementLocator.lambda$0(AppiumElementLocator.java:119)
	at io.appium.java_client.pagefactory.AppiumElementLocator$WaitingFunction.apply(AppiumElementLocator.java:171)
	at io.appium.java_client.pagefactory.AppiumElementLocator$WaitingFunction.apply(AppiumElementLocator.java:1)
	at org.openqa.selenium.support.ui.FluentWait.until(FluentWait.java:248)
	at io.appium.java_client.pagefactory.AppiumElementLocator.waitFor(AppiumElementLocator.java:98)
	at io.appium.java_client.pagefactory.AppiumElementLocator.findElement(AppiumElementLocator.java:118)
	at io.appium.java_client.pagefactory.interceptors.InterceptorOfASingleElement.intercept(InterceptorOfASingleElement.java:60)
	at io.appium.java_client.android.AndroidElement$$EnhancerByCGLIB$$b598166c.isDisplayed(<generated>)
	at com.uiFramework.myComp.myApp.helper.assertion.VerificationHelper.isDisplayed(VerificationHelper.java:22)
	at com.uiFramework.myComp.myApp.pageObject.ProductDetails.isProductDEtailsPageDisplayed(ProductDetails.java:38)
	at com.uiFramework.myComp.myApp.testBase.TestBaseRunner.randomItem(TestBaseRunner.java:111)
	at sun.reflect.NativeMethodAccessorImpl.invoke0(Native Method)
	at sun.reflect.NativeMethodAccessorImpl.invoke(NativeMethodAccessorImpl.java:62)
	at sun.reflect.DelegatingMethodAccessorImpl.invoke(DelegatingMethodAccessorImpl.java:43)
	at java.lang.reflect.Method.invoke(Method.java:498)
	at org.testng.internal.MethodInvocationHelper.invokeMethod(MethodInvocationHelper.java:124)
	at org.testng.internal.Invoker.invokeMethod(Invoker.java:571)
	at org.testng.internal.Invoker.invokeTestMethod(Invoker.java:707)
	at org.testng.internal.Invoker.invokeTestMethods(Invoker.java:979)
	at org.testng.internal.TestMethodWorker.invokeTestMethods(TestMethodWorker.java:125)
	at org.testng.internal.TestMethodWorker.run(TestMethodWorker.java:109)
	at org.testng.TestRunner.privateRun(TestRunner.java:648)
	at org.testng.TestRunner.run(TestRunner.java:505)
	at org.testng.SuiteRunner.runTest(SuiteRunner.java:455)
	at org.testng.SuiteRunner.runSequentially(SuiteRunner.java:450)
	at org.testng.SuiteRunner.privateRun(SuiteRunner.java:415)
	at org.testng.SuiteRunner.run(SuiteRunner.java:364)
	at org.testng.SuiteRunnerWorker.runSuite(SuiteRunnerWorker.java:52)
	at org.testng.SuiteRunnerWorker.run(SuiteRunnerWorker.java:84)
	at org.testng.TestNG.runSuitesSequentially(TestNG.java:1187)
	at org.testng.TestNG.runSuitesLocally(TestNG.java:1116)
	at org.testng.TestNG.runSuites(TestNG.java:1028)
	at org.testng.TestNG.run(TestNG.java:996)
	at org.testng.remote.AbstractRemoteTestNG.run(AbstractRemoteTestNG.java:114)
	at org.testng.remote.RemoteTestNG.initAndRun(RemoteTestNG.java:251)
	at org.testng.remote.RemoteTestNG.main(RemoteTestNG.java:77)
Caused by: java.lang.ClassCastException: com.google.common.collect.Maps$TransformedEntriesMap cannot be cast to org.openqa.selenium.WebElement
	at org.openqa.selenium.remote.RemoteWebDriver.findElement(RemoteWebDriver.java:324)
	... 60 more
2018-08-10 18:08:174 INFO  HomePage:69 - entering some text....65 inch tv
2018-08-10 18:08:178 INFO  TestBaseRunner:32 - WaitHelper object created..
2018-08-10 18:08:179 INFO  TestBaseRunner:42 - Implicit Wait has been set to: 10
2018-08-10 18:08:757 INFO  TestBaseRunner:32 - WaitHelper object created..
2018-08-10 18:08:758 INFO  TestBaseRunner:147 - waiting for page to load for : SECONDS seconds
2018-08-10 18:08:764 INFO  TestBaseRunner:149 - page is loaded
2018-08-10 18:08:294 INFO  HomePage:83 - clicking on random item...
2018-08-10 18:08:317 INFO  HomePage:69 - entering some text....65 inch tv
2018-08-10 18:08:323 INFO  TestBaseRunner:32 - WaitHelper object created..
2018-08-10 18:08:323 INFO  TestBaseRunner:42 - Implicit Wait has been set to: 10
2018-08-10 18:08:993 INFO  TestBaseRunner:32 - WaitHelper object created..
2018-08-10 18:08:993 INFO  TestBaseRunner:147 - waiting for page to load for : SECONDS seconds
2018-08-10 18:08:00 INFO  TestBaseRunner:149 - page is loaded
2018-08-10 18:08:388 INFO  HomePage:83 - clicking on random item...
2018-08-10 18:08:547 ERROR VerificationHelper:28 - element is not Displayed..
org.openqa.selenium.WebDriverException: Returned value cannot be converted to WebElement: {stacktrace=NoSuchElementError: An element could not be located on the page using the given search parameters.
    at AndroidDriver.callee$0$0$ (/usr/local/lib/node_modules/appium/node_modules/appium-android-driver/lib/commands/find.js:69:13)
    at tryCatch (/usr/local/lib/node_modules/appium/node_modules/babel-runtime/regenerator/runtime.js:67:40)
    at GeneratorFunctionPrototype.invoke [as _invoke] (/usr/local/lib/node_modules/appium/node_modules/babel-runtime/regenerator/runtime.js:315:22)
    at GeneratorFunctionPrototype.prototype.(anonymous function) [as throw] (/usr/local/lib/node_modules/appium/node_modules/babel-runtime/regenerator/runtime.js:100:21)
    at GeneratorFunctionPrototype.invoke (/usr/local/lib/node_modules/appium/node_modules/babel-runtime/regenerator/runtime.js:136:37)
    at <anonymous>, error=no such element, message=An element could not be located on the page using the given search parameters.}
Build info: version: '3.11.0', revision: 'e59cfb3', time: '2018-03-11T20:26:55.152Z'
System info: host: 'Arnabs-MacBook-Pro.local', ip: 'fe80:0:0:0:866:56ef:d289:6b0c%en0', os.name: 'Mac OS X', os.arch: 'x86_64', os.version: '10.13.5', java.version: '1.8.0_171'
Driver info: driver.version: AndroidDriver
	at org.openqa.selenium.remote.RemoteWebDriver.findElement(RemoteWebDriver.java:326)
	at io.appium.java_client.DefaultGenericMobileDriver.findElement(DefaultGenericMobileDriver.java:62)
	at io.appium.java_client.AppiumDriver.findElement(AppiumDriver.java:1)
	at io.appium.java_client.android.AndroidDriver.findElement(AndroidDriver.java:1)
	at org.openqa.selenium.remote.RemoteWebDriver.findElementByXPath(RemoteWebDriver.java:421)
	at io.appium.java_client.DefaultGenericMobileDriver.findElementByXPath(DefaultGenericMobileDriver.java:152)
	at io.appium.java_client.AppiumDriver.findElementByXPath(AppiumDriver.java:1)
	at io.appium.java_client.android.AndroidDriver.findElementByXPath(AndroidDriver.java:1)
	at org.openqa.selenium.By$ByXPath.findElement(By.java:361)
	at org.openqa.selenium.remote.RemoteWebDriver.findElement(RemoteWebDriver.java:311)
	at io.appium.java_client.DefaultGenericMobileDriver.findElement(DefaultGenericMobileDriver.java:58)
	at io.appium.java_client.AppiumDriver.findElement(AppiumDriver.java:1)
	at io.appium.java_client.android.AndroidDriver.findElement(AndroidDriver.java:1)
	at io.appium.java_client.pagefactory.bys.builder.ByChained.lambda$0(ByChained.java:38)
	at org.openqa.selenium.support.ui.FluentWait.until(FluentWait.java:248)
	at io.appium.java_client.pagefactory.bys.builder.ByChained.findElement(ByChained.java:72)
	at org.openqa.selenium.remote.RemoteWebDriver.findElement(RemoteWebDriver.java:311)
	at io.appium.java_client.DefaultGenericMobileDriver.findElement(DefaultGenericMobileDriver.java:58)
	at io.appium.java_client.AppiumDriver.findElement(AppiumDriver.java:1)
	at io.appium.java_client.android.AndroidDriver.findElement(AndroidDriver.java:1)
	at io.appium.java_client.pagefactory.bys.ContentMappedBy.findElement(ContentMappedBy.java:50)
	at org.openqa.selenium.remote.RemoteWebDriver.findElement(RemoteWebDriver.java:311)
	at io.appium.java_client.DefaultGenericMobileDriver.findElement(DefaultGenericMobileDriver.java:58)
	at io.appium.java_client.AppiumDriver.findElement(AppiumDriver.java:1)
	at io.appium.java_client.android.AndroidDriver.findElement(AndroidDriver.java:1)
	at io.appium.java_client.pagefactory.AppiumElementLocator.lambda$0(AppiumElementLocator.java:119)
	at io.appium.java_client.pagefactory.AppiumElementLocator$WaitingFunction.apply(AppiumElementLocator.java:171)
	at io.appium.java_client.pagefactory.AppiumElementLocator$WaitingFunction.apply(AppiumElementLocator.java:1)
	at org.openqa.selenium.support.ui.FluentWait.until(FluentWait.java:248)
	at io.appium.java_client.pagefactory.AppiumElementLocator.waitFor(AppiumElementLocator.java:98)
	at io.appium.java_client.pagefactory.AppiumElementLocator.findElement(AppiumElementLocator.java:118)
	at io.appium.java_client.pagefactory.interceptors.InterceptorOfASingleElement.intercept(InterceptorOfASingleElement.java:60)
	at io.appium.java_client.android.AndroidElement$$EnhancerByCGLIB$$b598166c.isDisplayed(<generated>)
	at com.uiFramework.myComp.myApp.helper.assertion.VerificationHelper.isDisplayed(VerificationHelper.java:22)
	at com.uiFramework.myComp.myApp.pageObject.ProductDetails.isProductDEtailsPageDisplayed(ProductDetails.java:38)
	at com.uiFramework.myComp.myApp.testBase.TestBaseRunner.randomItem(TestBaseRunner.java:111)
	at sun.reflect.NativeMethodAccessorImpl.invoke0(Native Method)
	at sun.reflect.NativeMethodAccessorImpl.invoke(NativeMethodAccessorImpl.java:62)
	at sun.reflect.DelegatingMethodAccessorImpl.invoke(DelegatingMethodAccessorImpl.java:43)
	at java.lang.reflect.Method.invoke(Method.java:498)
	at org.testng.internal.MethodInvocationHelper.invokeMethod(MethodInvocationHelper.java:124)
	at org.testng.internal.Invoker.invokeMethod(Invoker.java:571)
	at org.testng.internal.Invoker.invokeTestMethod(Invoker.java:707)
	at org.testng.internal.Invoker.invokeTestMethods(Invoker.java:979)
	at org.testng.internal.TestMethodWorker.invokeTestMethods(TestMethodWorker.java:125)
	at org.testng.internal.TestMethodWorker.run(TestMethodWorker.java:109)
	at org.testng.TestRunner.privateRun(TestRunner.java:648)
	at org.testng.TestRunner.run(TestRunner.java:505)
	at org.testng.SuiteRunner.runTest(SuiteRunner.java:455)
	at org.testng.SuiteRunner.runSequentially(SuiteRunner.java:450)
	at org.testng.SuiteRunner.privateRun(SuiteRunner.java:415)
	at org.testng.SuiteRunner.run(SuiteRunner.java:364)
	at org.testng.SuiteRunnerWorker.runSuite(SuiteRunnerWorker.java:52)
	at org.testng.SuiteRunnerWorker.run(SuiteRunnerWorker.java:84)
	at org.testng.TestNG.runSuitesSequentially(TestNG.java:1187)
	at org.testng.TestNG.runSuitesLocally(TestNG.java:1116)
	at org.testng.TestNG.runSuites(TestNG.java:1028)
	at org.testng.TestNG.run(TestNG.java:996)
	at org.testng.remote.AbstractRemoteTestNG.run(AbstractRemoteTestNG.java:114)
	at org.testng.remote.RemoteTestNG.initAndRun(RemoteTestNG.java:251)
	at org.testng.remote.RemoteTestNG.main(RemoteTestNG.java:77)
Caused by: java.lang.ClassCastException: com.google.common.collect.Maps$TransformedEntriesMap cannot be cast to org.openqa.selenium.WebElement
	at org.openqa.selenium.remote.RemoteWebDriver.findElement(RemoteWebDriver.java:324)
	... 60 more
2018-08-10 18:08:295 INFO  HomePage:69 - entering some text....65 inch tv
2018-08-10 18:08:301 INFO  TestBaseRunner:32 - WaitHelper object created..
2018-08-10 18:08:302 INFO  TestBaseRunner:42 - Implicit Wait has been set to: 10
2018-08-10 18:08:302 INFO  TestBaseRunner:32 - WaitHelper object created..
2018-08-10 18:08:303 INFO  TestBaseRunner:147 - waiting for page to load for : SECONDS seconds
2018-08-10 18:08:310 INFO  TestBaseRunner:149 - page is loaded
2018-08-10 18:08:692 INFO  HomePage:83 - clicking on random item...
2018-08-10 18:08:537 INFO  VerificationHelper:23 - element is Displayed..About this item
2018-08-10 18:08:641 INFO  HomePage:69 - entering some text....65 inch tv
2018-08-10 18:08:648 INFO  TestBaseRunner:32 - WaitHelper object created..
2018-08-10 18:08:648 INFO  TestBaseRunner:42 - Implicit Wait has been set to: 10
2018-08-10 18:08:997 INFO  TestBaseRunner:32 - WaitHelper object created..
2018-08-10 18:08:998 INFO  TestBaseRunner:147 - waiting for page to load for : SECONDS seconds
2018-08-10 18:08:04 INFO  TestBaseRunner:149 - page is loaded
2018-08-10 18:08:761 INFO  HomePage:83 - clicking on random item...
2018-08-10 18:08:828 INFO  TestBaseRunner:32 - WaitHelper object created..
2018-08-10 18:08:116 INFO  TestBaseRunner:159 - waiting for :Located by By.chained({By.xpath: //android.widget.TextView[@text = 'About this item']}) for :15 seconds
2018-08-10 18:08:106 INFO  HomePage:69 - entering some text....65 inch tv
2018-08-10 18:08:113 INFO  TestBaseRunner:32 - WaitHelper object created..
2018-08-10 18:08:113 INFO  TestBaseRunner:42 - Implicit Wait has been set to: 10
2018-08-10 18:08:135 INFO  TestBaseRunner:32 - WaitHelper object created..
2018-08-10 18:08:135 INFO  TestBaseRunner:147 - waiting for page to load for : SECONDS seconds
2018-08-10 18:08:143 INFO  TestBaseRunner:149 - page is loaded
2018-08-10 18:08:680 INFO  HomePage:83 - clicking on random item...
2018-08-10 18:08:668 INFO  TestBaseRunner:32 - WaitHelper object created..
2018-08-10 18:08:60 INFO  TestBaseRunner:159 - waiting for :Located by By.chained({By.xpath: //android.widget.TextView[@text = 'About this item']}) for :20 seconds
2018-08-10 18:08:924 INFO  HomePage:69 - entering some text....65 inch tv
2018-08-10 18:08:929 INFO  TestBaseRunner:32 - WaitHelper object created..
2018-08-10 18:08:929 INFO  TestBaseRunner:42 - Implicit Wait has been set to: 10
2018-08-10 18:08:239 INFO  TestBaseRunner:32 - WaitHelper object created..
2018-08-10 18:08:240 INFO  TestBaseRunner:147 - waiting for page to load for : SECONDS seconds
2018-08-10 18:08:246 INFO  TestBaseRunner:149 - page is loaded
2018-08-10 18:08:855 INFO  HomePage:83 - clicking on random item...
2018-08-10 18:08:250 INFO  TestBaseRunner:32 - WaitHelper object created..
2018-08-10 18:08:296 INFO  TestBaseRunner:159 - waiting for :Located by By.chained({By.xpath: //android.widget.TextView[@text = 'About this item']}) for :30 seconds
2018-08-10 18:08:745 INFO  HomePage:69 - entering some text....65 inch tv
2018-08-10 18:08:749 INFO  TestBaseRunner:32 - WaitHelper object created..
2018-08-10 18:08:749 INFO  TestBaseRunner:42 - Implicit Wait has been set to: 10
2018-08-10 18:08:466 INFO  TestBaseRunner:32 - WaitHelper object created..
2018-08-10 18:08:466 INFO  TestBaseRunner:147 - waiting for page to load for : SECONDS seconds
2018-08-10 18:08:473 INFO  TestBaseRunner:149 - page is loaded
2018-08-10 18:08:890 INFO  HomePage:83 - clicking on random item...
2018-08-10 18:08:996 INFO  HomePage:69 - entering some text....65 inch tv
2018-08-10 18:08:01 INFO  TestBaseRunner:32 - WaitHelper object created..
2018-08-10 18:08:02 INFO  TestBaseRunner:42 - Implicit Wait has been set to: 10
2018-08-10 18:08:376 INFO  TestBaseRunner:32 - WaitHelper object created..
2018-08-10 18:08:378 INFO  TestBaseRunner:147 - waiting for page to load for : SECONDS seconds
2018-08-10 18:08:385 INFO  TestBaseRunner:149 - page is loaded
2018-08-10 18:08:784 INFO  HomePage:83 - clicking on random item...
2018-08-10 18:08:530 ERROR VerificationHelper:28 - element is not Displayed..
org.openqa.selenium.WebDriverException: Returned value cannot be converted to WebElement: {stacktrace=NoSuchElementError: An element could not be located on the page using the given search parameters.
    at AndroidDriver.callee$0$0$ (/usr/local/lib/node_modules/appium/node_modules/appium-android-driver/lib/commands/find.js:69:13)
    at tryCatch (/usr/local/lib/node_modules/appium/node_modules/babel-runtime/regenerator/runtime.js:67:40)
    at GeneratorFunctionPrototype.invoke [as _invoke] (/usr/local/lib/node_modules/appium/node_modules/babel-runtime/regenerator/runtime.js:315:22)
    at GeneratorFunctionPrototype.prototype.(anonymous function) [as throw] (/usr/local/lib/node_modules/appium/node_modules/babel-runtime/regenerator/runtime.js:100:21)
    at GeneratorFunctionPrototype.invoke (/usr/local/lib/node_modules/appium/node_modules/babel-runtime/regenerator/runtime.js:136:37)
    at <anonymous>, error=no such element, message=An element could not be located on the page using the given search parameters.}
Build info: version: '3.11.0', revision: 'e59cfb3', time: '2018-03-11T20:26:55.152Z'
System info: host: 'Arnabs-MacBook-Pro.local', ip: 'fe80:0:0:0:866:56ef:d289:6b0c%en0', os.name: 'Mac OS X', os.arch: 'x86_64', os.version: '10.13.5', java.version: '1.8.0_171'
Driver info: driver.version: AndroidDriver
	at org.openqa.selenium.remote.RemoteWebDriver.findElement(RemoteWebDriver.java:326)
	at io.appium.java_client.DefaultGenericMobileDriver.findElement(DefaultGenericMobileDriver.java:62)
	at io.appium.java_client.AppiumDriver.findElement(AppiumDriver.java:1)
	at io.appium.java_client.android.AndroidDriver.findElement(AndroidDriver.java:1)
	at org.openqa.selenium.remote.RemoteWebDriver.findElementByXPath(RemoteWebDriver.java:421)
	at io.appium.java_client.DefaultGenericMobileDriver.findElementByXPath(DefaultGenericMobileDriver.java:152)
	at io.appium.java_client.AppiumDriver.findElementByXPath(AppiumDriver.java:1)
	at io.appium.java_client.android.AndroidDriver.findElementByXPath(AndroidDriver.java:1)
	at org.openqa.selenium.By$ByXPath.findElement(By.java:361)
	at org.openqa.selenium.remote.RemoteWebDriver.findElement(RemoteWebDriver.java:311)
	at io.appium.java_client.DefaultGenericMobileDriver.findElement(DefaultGenericMobileDriver.java:58)
	at io.appium.java_client.AppiumDriver.findElement(AppiumDriver.java:1)
	at io.appium.java_client.android.AndroidDriver.findElement(AndroidDriver.java:1)
	at io.appium.java_client.pagefactory.bys.builder.ByChained.lambda$0(ByChained.java:38)
	at org.openqa.selenium.support.ui.FluentWait.until(FluentWait.java:248)
	at io.appium.java_client.pagefactory.bys.builder.ByChained.findElement(ByChained.java:72)
	at org.openqa.selenium.remote.RemoteWebDriver.findElement(RemoteWebDriver.java:311)
	at io.appium.java_client.DefaultGenericMobileDriver.findElement(DefaultGenericMobileDriver.java:58)
	at io.appium.java_client.AppiumDriver.findElement(AppiumDriver.java:1)
	at io.appium.java_client.android.AndroidDriver.findElement(AndroidDriver.java:1)
	at io.appium.java_client.pagefactory.bys.ContentMappedBy.findElement(ContentMappedBy.java:50)
	at org.openqa.selenium.remote.RemoteWebDriver.findElement(RemoteWebDriver.java:311)
	at io.appium.java_client.DefaultGenericMobileDriver.findElement(DefaultGenericMobileDriver.java:58)
	at io.appium.java_client.AppiumDriver.findElement(AppiumDriver.java:1)
	at io.appium.java_client.android.AndroidDriver.findElement(AndroidDriver.java:1)
	at io.appium.java_client.pagefactory.AppiumElementLocator.lambda$0(AppiumElementLocator.java:119)
	at io.appium.java_client.pagefactory.AppiumElementLocator$WaitingFunction.apply(AppiumElementLocator.java:171)
	at io.appium.java_client.pagefactory.AppiumElementLocator$WaitingFunction.apply(AppiumElementLocator.java:1)
	at org.openqa.selenium.support.ui.FluentWait.until(FluentWait.java:248)
	at io.appium.java_client.pagefactory.AppiumElementLocator.waitFor(AppiumElementLocator.java:98)
	at io.appium.java_client.pagefactory.AppiumElementLocator.findElement(AppiumElementLocator.java:118)
	at io.appium.java_client.pagefactory.interceptors.InterceptorOfASingleElement.intercept(InterceptorOfASingleElement.java:60)
	at io.appium.java_client.android.AndroidElement$$EnhancerByCGLIB$$b598166c.isDisplayed(<generated>)
	at com.uiFramework.myComp.myApp.helper.assertion.VerificationHelper.isDisplayed(VerificationHelper.java:22)
	at com.uiFramework.myComp.myApp.pageObject.ProductDetails.isProductDEtailsPageDisplayed(ProductDetails.java:38)
	at com.uiFramework.myComp.myApp.testBase.TestBaseRunner.randomItem(TestBaseRunner.java:111)
	at sun.reflect.NativeMethodAccessorImpl.invoke0(Native Method)
	at sun.reflect.NativeMethodAccessorImpl.invoke(NativeMethodAccessorImpl.java:62)
	at sun.reflect.DelegatingMethodAccessorImpl.invoke(DelegatingMethodAccessorImpl.java:43)
	at java.lang.reflect.Method.invoke(Method.java:498)
	at org.testng.internal.MethodInvocationHelper.invokeMethod(MethodInvocationHelper.java:124)
	at org.testng.internal.Invoker.invokeMethod(Invoker.java:571)
	at org.testng.internal.Invoker.invokeTestMethod(Invoker.java:707)
	at org.testng.internal.Invoker.invokeTestMethods(Invoker.java:979)
	at org.testng.internal.TestMethodWorker.invokeTestMethods(TestMethodWorker.java:125)
	at org.testng.internal.TestMethodWorker.run(TestMethodWorker.java:109)
	at org.testng.TestRunner.privateRun(TestRunner.java:648)
	at org.testng.TestRunner.run(TestRunner.java:505)
	at org.testng.SuiteRunner.runTest(SuiteRunner.java:455)
	at org.testng.SuiteRunner.runSequentially(SuiteRunner.java:450)
	at org.testng.SuiteRunner.privateRun(SuiteRunner.java:415)
	at org.testng.SuiteRunner.run(SuiteRunner.java:364)
	at org.testng.SuiteRunnerWorker.runSuite(SuiteRunnerWorker.java:52)
	at org.testng.SuiteRunnerWorker.run(SuiteRunnerWorker.java:84)
	at org.testng.TestNG.runSuitesSequentially(TestNG.java:1187)
	at org.testng.TestNG.runSuitesLocally(TestNG.java:1116)
	at org.testng.TestNG.runSuites(TestNG.java:1028)
	at org.testng.TestNG.run(TestNG.java:996)
	at org.testng.remote.AbstractRemoteTestNG.run(AbstractRemoteTestNG.java:114)
	at org.testng.remote.RemoteTestNG.initAndRun(RemoteTestNG.java:251)
	at org.testng.remote.RemoteTestNG.main(RemoteTestNG.java:77)
Caused by: java.lang.ClassCastException: com.google.common.collect.Maps$TransformedEntriesMap cannot be cast to org.openqa.selenium.WebElement
	at org.openqa.selenium.remote.RemoteWebDriver.findElement(RemoteWebDriver.java:324)
	... 60 more
2018-08-10 18:08:77 INFO  HomePage:69 - entering some text....65 inch tv
2018-08-10 18:08:82 INFO  TestBaseRunner:32 - WaitHelper object created..
2018-08-10 18:08:83 INFO  TestBaseRunner:42 - Implicit Wait has been set to: 10
2018-08-10 18:08:733 INFO  TestBaseRunner:32 - WaitHelper object created..
2018-08-10 18:08:734 INFO  TestBaseRunner:147 - waiting for page to load for : SECONDS seconds
2018-08-10 18:08:740 INFO  TestBaseRunner:149 - page is loaded
2018-08-10 18:08:470 INFO  HomePage:83 - clicking on random item...
2018-08-10 18:08:264 INFO  VerificationHelper:23 - element is Displayed..About this item
2018-08-10 21:08:122 INFO  HomePage:69 - entering some text....65 inch tv
2018-08-10 21:08:127 INFO  TestBaseRunner:32 - WaitHelper object created..
2018-08-10 21:08:127 INFO  TestBaseRunner:42 - Implicit Wait has been set to: 10
2018-08-10 21:08:781 INFO  TestBaseRunner:32 - WaitHelper object created..
2018-08-10 21:08:783 INFO  TestBaseRunner:147 - waiting for page to load for : SECONDS seconds
2018-08-10 21:08:790 INFO  TestBaseRunner:149 - page is loaded
2018-08-10 21:08:628 INFO  VerificationHelper:23 - element is Displayed..65 inch tv
2018-08-10 21:08:286 INFO  ExcelHelper:102 - result updated..
2018-08-10 21:08:573 INFO  HomePage:83 - clicking on random item...
2018-08-10 21:08:163 INFO  VerificationHelper:23 - element is Displayed..About this item
2018-08-10 21:08:199 INFO  ExcelHelper:102 - result updated..
2018-08-10 21:08:355 INFO  HomePage:69 - entering some text....65 inch tv
2018-08-10 21:08:367 INFO  TestBaseRunner:32 - WaitHelper object created..
2018-08-10 21:08:367 INFO  TestBaseRunner:42 - Implicit Wait has been set to: 10
2018-08-10 21:08:432 INFO  TestBaseRunner:32 - WaitHelper object created..
2018-08-10 21:08:433 INFO  TestBaseRunner:147 - waiting for page to load for : SECONDS seconds
2018-08-10 21:08:440 INFO  TestBaseRunner:149 - page is loaded
2018-08-10 21:08:312 INFO  VerificationHelper:23 - element is Displayed..65 inch tv
2018-08-10 21:08:40 INFO  ExcelHelper:102 - result updated..
2018-08-10 21:08:129 INFO  HomePage:64 - numbers of items on page3
2018-08-10 21:08:22 INFO  TestBaseRunner:127 - number of items3
2018-08-10 21:08:440 INFO  TestBaseRunner:131 - text of itemsMX Heavy Duty LCD LED TV Plasma Wall Mount Stand 32 to 65" inch Bracket -MX 3681
2018-08-10 21:08:440 INFO  TestBaseRunner:132 - price of items699
2018-08-10 21:08:820 INFO  TestBaseRunner:32 - WaitHelper object created..
2018-08-10 21:08:835 INFO  TestBaseRunner:159 - waiting for :Located by By.chained({By.id: com.ebay.mobile:id/textview_item_price}) for :15 seconds
2018-08-10 21:08:939 INFO  TestBaseRunner:162 - element is visible now
2018-08-10 21:08:959 INFO  TestBaseRunner:138 - text of itemsMX Heavy Duty LCD LED TV Plasma Wall Mount Stand 32 to 65" inch Bracket -MX 3681
2018-08-10 21:08:961 INFO  TestBaseRunner:139 - price of items699
2018-08-10 21:08:962 INFO  AssertionHelper:24 - making script PASS..matching
2018-08-10 21:08:479 INFO  VerificationHelper:23 - element is Displayed..About this item
2018-08-10 21:08:521 INFO  ExcelHelper:102 - result updated..
2018-08-10 21:08:973 INFO  HomePage:69 - entering some text....65 inch tv
2018-08-10 21:08:978 INFO  TestBaseRunner:32 - WaitHelper object created..
2018-08-10 21:08:978 INFO  TestBaseRunner:42 - Implicit Wait has been set to: 10
2018-08-10 21:08:88 INFO  TestBaseRunner:32 - WaitHelper object created..
2018-08-10 21:08:88 INFO  TestBaseRunner:147 - waiting for page to load for : SECONDS seconds
2018-08-10 21:08:95 INFO  TestBaseRunner:149 - page is loaded
2018-08-10 21:08:999 INFO  VerificationHelper:23 - element is Displayed..65 inch tv
2018-08-10 21:08:514 INFO  ExcelHelper:102 - result updated..
2018-08-10 21:08:528 INFO  HomePage:64 - numbers of items on page3
2018-08-10 21:08:779 INFO  TestBaseRunner:165 - number of items3
2018-08-10 21:08:779 INFO  HomePage:56 - scroll and click on last item
2018-08-10 21:08:763 ERROR VerificationHelper:28 - element is not Displayed..
org.openqa.selenium.WebDriverException: Returned value cannot be converted to WebElement: {stacktrace=NoSuchElementError: An element could not be located on the page using the given search parameters.
    at AndroidDriver.callee$0$0$ (/usr/local/lib/node_modules/appium/node_modules/appium-android-driver/lib/commands/find.js:69:13)
    at tryCatch (/usr/local/lib/node_modules/appium/node_modules/babel-runtime/regenerator/runtime.js:67:40)
    at GeneratorFunctionPrototype.invoke [as _invoke] (/usr/local/lib/node_modules/appium/node_modules/babel-runtime/regenerator/runtime.js:315:22)
    at GeneratorFunctionPrototype.prototype.(anonymous function) [as throw] (/usr/local/lib/node_modules/appium/node_modules/babel-runtime/regenerator/runtime.js:100:21)
    at GeneratorFunctionPrototype.invoke (/usr/local/lib/node_modules/appium/node_modules/babel-runtime/regenerator/runtime.js:136:37)
    at <anonymous>, error=no such element, message=An element could not be located on the page using the given search parameters.}
Build info: version: '3.11.0', revision: 'e59cfb3', time: '2018-03-11T20:26:55.152Z'
System info: host: 'Arnabs-MacBook-Pro.local', ip: 'fe80:0:0:0:866:56ef:d289:6b0c%en0', os.name: 'Mac OS X', os.arch: 'x86_64', os.version: '10.13.5', java.version: '1.8.0_171'
Driver info: driver.version: AndroidDriver
	at org.openqa.selenium.remote.RemoteWebDriver.findElement(RemoteWebDriver.java:326)
	at io.appium.java_client.DefaultGenericMobileDriver.findElement(DefaultGenericMobileDriver.java:62)
	at io.appium.java_client.AppiumDriver.findElement(AppiumDriver.java:1)
	at io.appium.java_client.android.AndroidDriver.findElement(AndroidDriver.java:1)
	at org.openqa.selenium.remote.RemoteWebDriver.findElementByXPath(RemoteWebDriver.java:421)
	at io.appium.java_client.DefaultGenericMobileDriver.findElementByXPath(DefaultGenericMobileDriver.java:152)
	at io.appium.java_client.AppiumDriver.findElementByXPath(AppiumDriver.java:1)
	at io.appium.java_client.android.AndroidDriver.findElementByXPath(AndroidDriver.java:1)
	at org.openqa.selenium.By$ByXPath.findElement(By.java:361)
	at org.openqa.selenium.remote.RemoteWebDriver.findElement(RemoteWebDriver.java:311)
	at io.appium.java_client.DefaultGenericMobileDriver.findElement(DefaultGenericMobileDriver.java:58)
	at io.appium.java_client.AppiumDriver.findElement(AppiumDriver.java:1)
	at io.appium.java_client.android.AndroidDriver.findElement(AndroidDriver.java:1)
	at io.appium.java_client.pagefactory.bys.builder.ByChained.lambda$0(ByChained.java:38)
	at org.openqa.selenium.support.ui.FluentWait.until(FluentWait.java:248)
	at io.appium.java_client.pagefactory.bys.builder.ByChained.findElement(ByChained.java:72)
	at org.openqa.selenium.remote.RemoteWebDriver.findElement(RemoteWebDriver.java:311)
	at io.appium.java_client.DefaultGenericMobileDriver.findElement(DefaultGenericMobileDriver.java:58)
	at io.appium.java_client.AppiumDriver.findElement(AppiumDriver.java:1)
	at io.appium.java_client.android.AndroidDriver.findElement(AndroidDriver.java:1)
	at io.appium.java_client.pagefactory.bys.ContentMappedBy.findElement(ContentMappedBy.java:50)
	at org.openqa.selenium.remote.RemoteWebDriver.findElement(RemoteWebDriver.java:311)
	at io.appium.java_client.DefaultGenericMobileDriver.findElement(DefaultGenericMobileDriver.java:58)
	at io.appium.java_client.AppiumDriver.findElement(AppiumDriver.java:1)
	at io.appium.java_client.android.AndroidDriver.findElement(AndroidDriver.java:1)
	at io.appium.java_client.pagefactory.AppiumElementLocator.lambda$0(AppiumElementLocator.java:119)
	at io.appium.java_client.pagefactory.AppiumElementLocator$WaitingFunction.apply(AppiumElementLocator.java:171)
	at io.appium.java_client.pagefactory.AppiumElementLocator$WaitingFunction.apply(AppiumElementLocator.java:1)
	at org.openqa.selenium.support.ui.FluentWait.until(FluentWait.java:248)
	at io.appium.java_client.pagefactory.AppiumElementLocator.waitFor(AppiumElementLocator.java:98)
	at io.appium.java_client.pagefactory.AppiumElementLocator.findElement(AppiumElementLocator.java:118)
	at io.appium.java_client.pagefactory.interceptors.InterceptorOfASingleElement.intercept(InterceptorOfASingleElement.java:60)
	at io.appium.java_client.android.AndroidElement$$EnhancerByCGLIB$$b598166c.isDisplayed(<generated>)
	at com.uiFramework.myComp.myApp.helper.assertion.VerificationHelper.isDisplayed(VerificationHelper.java:22)
	at com.uiFramework.myComp.myApp.pageObject.ProductDetails.isProductDEtailsPageDisplayed(ProductDetails.java:38)
	at com.uiFramework.myComp.myApp.testBase.TestBaseRunner.scrollAndClick(TestBaseRunner.java:167)
	at sun.reflect.NativeMethodAccessorImpl.invoke0(Native Method)
	at sun.reflect.NativeMethodAccessorImpl.invoke(NativeMethodAccessorImpl.java:62)
	at sun.reflect.DelegatingMethodAccessorImpl.invoke(DelegatingMethodAccessorImpl.java:43)
	at java.lang.reflect.Method.invoke(Method.java:498)
	at org.testng.internal.MethodInvocationHelper.invokeMethod(MethodInvocationHelper.java:124)
	at org.testng.internal.Invoker.invokeMethod(Invoker.java:571)
	at org.testng.internal.Invoker.invokeTestMethod(Invoker.java:707)
	at org.testng.internal.Invoker.invokeTestMethods(Invoker.java:979)
	at org.testng.internal.TestMethodWorker.invokeTestMethods(TestMethodWorker.java:125)
	at org.testng.internal.TestMethodWorker.run(TestMethodWorker.java:109)
	at org.testng.TestRunner.privateRun(TestRunner.java:648)
	at org.testng.TestRunner.run(TestRunner.java:505)
	at org.testng.SuiteRunner.runTest(SuiteRunner.java:455)
	at org.testng.SuiteRunner.runSequentially(SuiteRunner.java:450)
	at org.testng.SuiteRunner.privateRun(SuiteRunner.java:415)
	at org.testng.SuiteRunner.run(SuiteRunner.java:364)
	at org.testng.SuiteRunnerWorker.runSuite(SuiteRunnerWorker.java:52)
	at org.testng.SuiteRunnerWorker.run(SuiteRunnerWorker.java:84)
	at org.testng.TestNG.runSuitesSequentially(TestNG.java:1187)
	at org.testng.TestNG.runSuitesLocally(TestNG.java:1116)
	at org.testng.TestNG.runSuites(TestNG.java:1028)
	at org.testng.TestNG.run(TestNG.java:996)
	at org.testng.remote.AbstractRemoteTestNG.run(AbstractRemoteTestNG.java:114)
	at org.testng.remote.RemoteTestNG.initAndRun(RemoteTestNG.java:251)
	at org.testng.remote.RemoteTestNG.main(RemoteTestNG.java:77)
Caused by: java.lang.ClassCastException: com.google.common.collect.Maps$TransformedEntriesMap cannot be cast to org.openqa.selenium.WebElement
	at org.openqa.selenium.remote.RemoteWebDriver.findElement(RemoteWebDriver.java:324)
	... 60 more
2018-08-10 21:08:660 INFO  HomePage:69 - entering some text....65 inch tv
2018-08-10 21:08:666 INFO  TestBaseRunner:32 - WaitHelper object created..
2018-08-10 21:08:666 INFO  TestBaseRunner:42 - Implicit Wait has been set to: 10
2018-08-10 21:08:562 INFO  TestBaseRunner:32 - WaitHelper object created..
2018-08-10 21:08:562 INFO  TestBaseRunner:147 - waiting for page to load for : SECONDS seconds
2018-08-10 21:08:569 INFO  TestBaseRunner:149 - page is loaded
2018-08-10 21:08:814 INFO  VerificationHelper:23 - element is Displayed..65 inch tv
2018-08-10 21:08:558 INFO  ExcelHelper:102 - result updated..
2018-08-10 21:08:460 INFO  HomePage:65 - numbers of items on page3
2018-08-10 21:08:632 INFO  TestBaseRunner:165 - number of items3
2018-08-10 21:08:633 INFO  HomePage:56 - scroll and click on last item
2018-08-10 21:08:101 INFO  TestBaseRunner:32 - WaitHelper object created..
2018-08-10 21:08:101 INFO  TestBaseRunner:147 - waiting for page to load for : SECONDS seconds
2018-08-10 21:08:108 INFO  TestBaseRunner:149 - page is loaded
2018-08-10 21:08:594 ERROR VerificationHelper:28 - element is not Displayed..
org.openqa.selenium.WebDriverException: Returned value cannot be converted to WebElement: {stacktrace=NoSuchElementError: An element could not be located on the page using the given search parameters.
    at AndroidDriver.callee$0$0$ (/usr/local/lib/node_modules/appium/node_modules/appium-android-driver/lib/commands/find.js:69:13)
    at tryCatch (/usr/local/lib/node_modules/appium/node_modules/babel-runtime/regenerator/runtime.js:67:40)
    at GeneratorFunctionPrototype.invoke [as _invoke] (/usr/local/lib/node_modules/appium/node_modules/babel-runtime/regenerator/runtime.js:315:22)
    at GeneratorFunctionPrototype.prototype.(anonymous function) [as throw] (/usr/local/lib/node_modules/appium/node_modules/babel-runtime/regenerator/runtime.js:100:21)
    at GeneratorFunctionPrototype.invoke (/usr/local/lib/node_modules/appium/node_modules/babel-runtime/regenerator/runtime.js:136:37)
    at <anonymous>, error=no such element, message=An element could not be located on the page using the given search parameters.}
Build info: version: '3.11.0', revision: 'e59cfb3', time: '2018-03-11T20:26:55.152Z'
System info: host: 'Arnabs-MacBook-Pro.local', ip: 'fe80:0:0:0:866:56ef:d289:6b0c%en0', os.name: 'Mac OS X', os.arch: 'x86_64', os.version: '10.13.5', java.version: '1.8.0_171'
Driver info: driver.version: AndroidDriver
	at org.openqa.selenium.remote.RemoteWebDriver.findElement(RemoteWebDriver.java:326)
	at io.appium.java_client.DefaultGenericMobileDriver.findElement(DefaultGenericMobileDriver.java:62)
	at io.appium.java_client.AppiumDriver.findElement(AppiumDriver.java:1)
	at io.appium.java_client.android.AndroidDriver.findElement(AndroidDriver.java:1)
	at org.openqa.selenium.remote.RemoteWebDriver.findElementByXPath(RemoteWebDriver.java:421)
	at io.appium.java_client.DefaultGenericMobileDriver.findElementByXPath(DefaultGenericMobileDriver.java:152)
	at io.appium.java_client.AppiumDriver.findElementByXPath(AppiumDriver.java:1)
	at io.appium.java_client.android.AndroidDriver.findElementByXPath(AndroidDriver.java:1)
	at org.openqa.selenium.By$ByXPath.findElement(By.java:361)
	at org.openqa.selenium.remote.RemoteWebDriver.findElement(RemoteWebDriver.java:311)
	at io.appium.java_client.DefaultGenericMobileDriver.findElement(DefaultGenericMobileDriver.java:58)
	at io.appium.java_client.AppiumDriver.findElement(AppiumDriver.java:1)
	at io.appium.java_client.android.AndroidDriver.findElement(AndroidDriver.java:1)
	at io.appium.java_client.pagefactory.bys.builder.ByChained.lambda$0(ByChained.java:38)
	at org.openqa.selenium.support.ui.FluentWait.until(FluentWait.java:248)
	at io.appium.java_client.pagefactory.bys.builder.ByChained.findElement(ByChained.java:72)
	at org.openqa.selenium.remote.RemoteWebDriver.findElement(RemoteWebDriver.java:311)
	at io.appium.java_client.DefaultGenericMobileDriver.findElement(DefaultGenericMobileDriver.java:58)
	at io.appium.java_client.AppiumDriver.findElement(AppiumDriver.java:1)
	at io.appium.java_client.android.AndroidDriver.findElement(AndroidDriver.java:1)
	at io.appium.java_client.pagefactory.bys.ContentMappedBy.findElement(ContentMappedBy.java:50)
	at org.openqa.selenium.remote.RemoteWebDriver.findElement(RemoteWebDriver.java:311)
	at io.appium.java_client.DefaultGenericMobileDriver.findElement(DefaultGenericMobileDriver.java:58)
	at io.appium.java_client.AppiumDriver.findElement(AppiumDriver.java:1)
	at io.appium.java_client.android.AndroidDriver.findElement(AndroidDriver.java:1)
	at io.appium.java_client.pagefactory.AppiumElementLocator.lambda$0(AppiumElementLocator.java:119)
	at io.appium.java_client.pagefactory.AppiumElementLocator$WaitingFunction.apply(AppiumElementLocator.java:171)
	at io.appium.java_client.pagefactory.AppiumElementLocator$WaitingFunction.apply(AppiumElementLocator.java:1)
	at org.openqa.selenium.support.ui.FluentWait.until(FluentWait.java:248)
	at io.appium.java_client.pagefactory.AppiumElementLocator.waitFor(AppiumElementLocator.java:98)
	at io.appium.java_client.pagefactory.AppiumElementLocator.findElement(AppiumElementLocator.java:118)
	at io.appium.java_client.pagefactory.interceptors.InterceptorOfASingleElement.intercept(InterceptorOfASingleElement.java:60)
	at io.appium.java_client.android.AndroidElement$$EnhancerByCGLIB$$b598166c.isDisplayed(<generated>)
	at com.uiFramework.myComp.myApp.helper.assertion.VerificationHelper.isDisplayed(VerificationHelper.java:22)
	at com.uiFramework.myComp.myApp.pageObject.ProductDetails.isProductDEtailsPageDisplayed(ProductDetails.java:38)
	at com.uiFramework.myComp.myApp.testBase.TestBaseRunner.scrollAndClick(TestBaseRunner.java:167)
	at sun.reflect.NativeMethodAccessorImpl.invoke0(Native Method)
	at sun.reflect.NativeMethodAccessorImpl.invoke(NativeMethodAccessorImpl.java:62)
	at sun.reflect.DelegatingMethodAccessorImpl.invoke(DelegatingMethodAccessorImpl.java:43)
	at java.lang.reflect.Method.invoke(Method.java:498)
	at org.testng.internal.MethodInvocationHelper.invokeMethod(MethodInvocationHelper.java:124)
	at org.testng.internal.Invoker.invokeMethod(Invoker.java:571)
	at org.testng.internal.Invoker.invokeTestMethod(Invoker.java:707)
	at org.testng.internal.Invoker.invokeTestMethods(Invoker.java:979)
	at org.testng.internal.TestMethodWorker.invokeTestMethods(TestMethodWorker.java:125)
	at org.testng.internal.TestMethodWorker.run(TestMethodWorker.java:109)
	at org.testng.TestRunner.privateRun(TestRunner.java:648)
	at org.testng.TestRunner.run(TestRunner.java:505)
	at org.testng.SuiteRunner.runTest(SuiteRunner.java:455)
	at org.testng.SuiteRunner.runSequentially(SuiteRunner.java:450)
	at org.testng.SuiteRunner.privateRun(SuiteRunner.java:415)
	at org.testng.SuiteRunner.run(SuiteRunner.java:364)
	at org.testng.SuiteRunnerWorker.runSuite(SuiteRunnerWorker.java:52)
	at org.testng.SuiteRunnerWorker.run(SuiteRunnerWorker.java:84)
	at org.testng.TestNG.runSuitesSequentially(TestNG.java:1187)
	at org.testng.TestNG.runSuitesLocally(TestNG.java:1116)
	at org.testng.TestNG.runSuites(TestNG.java:1028)
	at org.testng.TestNG.run(TestNG.java:996)
	at org.testng.remote.AbstractRemoteTestNG.run(AbstractRemoteTestNG.java:114)
	at org.testng.remote.RemoteTestNG.initAndRun(RemoteTestNG.java:251)
	at org.testng.remote.RemoteTestNG.main(RemoteTestNG.java:77)
Caused by: java.lang.ClassCastException: com.google.common.collect.Maps$TransformedEntriesMap cannot be cast to org.openqa.selenium.WebElement
	at org.openqa.selenium.remote.RemoteWebDriver.findElement(RemoteWebDriver.java:324)
	... 60 more
2018-08-10 21:08:251 INFO  HomePage:69 - entering some text....65 inch tv
2018-08-10 21:08:256 INFO  TestBaseRunner:32 - WaitHelper object created..
2018-08-10 21:08:256 INFO  TestBaseRunner:42 - Implicit Wait has been set to: 10
2018-08-10 21:08:755 INFO  TestBaseRunner:32 - WaitHelper object created..
2018-08-10 21:08:755 INFO  TestBaseRunner:147 - waiting for page to load for : SECONDS seconds
2018-08-10 21:08:762 INFO  TestBaseRunner:149 - page is loaded
2018-08-10 21:08:650 INFO  VerificationHelper:23 - element is Displayed..65 inch tv
2018-08-10 21:08:157 INFO  ExcelHelper:102 - result updated..
2018-08-10 22:08:136 INFO  HomePage:69 - entering some text....65 inch tv
2018-08-10 22:08:146 INFO  TestBaseRunner:32 - WaitHelper object created..
2018-08-10 22:08:146 INFO  TestBaseRunner:42 - Implicit Wait has been set to: 10
2018-08-10 22:08:298 INFO  TestBaseRunner:32 - WaitHelper object created..
2018-08-10 22:08:298 INFO  TestBaseRunner:147 - waiting for page to load for : SECONDS seconds
2018-08-10 22:08:305 INFO  TestBaseRunner:149 - page is loaded
2018-08-10 22:08:173 INFO  VerificationHelper:23 - element is Displayed..65 inch tv
2018-08-10 22:08:827 INFO  ExcelHelper:102 - result updated..
2018-08-10 22:08:198 INFO  HomePage:59 - scroll and click on item after orientation has chnaged to landscape
2018-08-10 22:08:236 INFO  HomePage:69 - entering some text....65 inch tv
2018-08-10 22:08:240 INFO  TestBaseRunner:32 - WaitHelper object created..
2018-08-10 22:08:240 INFO  TestBaseRunner:42 - Implicit Wait has been set to: 10
2018-08-10 22:08:492 INFO  TestBaseRunner:32 - WaitHelper object created..
2018-08-10 22:08:493 INFO  TestBaseRunner:147 - waiting for page to load for : SECONDS seconds
2018-08-10 22:08:500 INFO  TestBaseRunner:149 - page is loaded
2018-08-10 22:08:323 INFO  VerificationHelper:23 - element is Displayed..65 inch tv
2018-08-10 22:08:981 INFO  ExcelHelper:102 - result updated..
2018-08-10 22:08:274 INFO  HomePage:59 - scroll and click on item after orientation has chnaged to landscape
2018-08-10 22:08:625 INFO  VerificationHelper:23 - element is Displayed..About this item
2018-08-10 22:08:667 INFO  ExcelHelper:102 - result updated..
2018-08-10 22:08:603 INFO  HomePage:69 - entering some text....65 inch tv
2018-08-10 22:08:607 INFO  TestBaseRunner:32 - WaitHelper object created..
2018-08-10 22:08:607 INFO  TestBaseRunner:42 - Implicit Wait has been set to: 10
2018-08-10 22:08:870 INFO  TestBaseRunner:32 - WaitHelper object created..
2018-08-10 22:08:870 INFO  TestBaseRunner:147 - waiting for page to load for : SECONDS seconds
2018-08-10 22:08:877 INFO  TestBaseRunner:149 - page is loaded
2018-08-10 22:08:692 INFO  VerificationHelper:23 - element is Displayed..65 inch tv
2018-08-10 22:08:341 INFO  ExcelHelper:102 - result updated..
2018-08-10 22:08:671 INFO  HomePage:77 - numbers of items on page3
2018-08-10 22:08:454 INFO  TestBaseRunner:165 - number of items3
2018-08-10 22:08:455 INFO  HomePage:68 - scroll and click on last item
2018-08-10 22:08:755 ERROR VerificationHelper:28 - element is not Displayed..
org.openqa.selenium.WebDriverException: Returned value cannot be converted to WebElement: {stacktrace=NoSuchElementError: An element could not be located on the page using the given search parameters.
    at AndroidDriver.callee$0$0$ (/usr/local/lib/node_modules/appium/node_modules/appium-android-driver/lib/commands/find.js:69:13)
    at tryCatch (/usr/local/lib/node_modules/appium/node_modules/babel-runtime/regenerator/runtime.js:67:40)
    at GeneratorFunctionPrototype.invoke [as _invoke] (/usr/local/lib/node_modules/appium/node_modules/babel-runtime/regenerator/runtime.js:315:22)
    at GeneratorFunctionPrototype.prototype.(anonymous function) [as throw] (/usr/local/lib/node_modules/appium/node_modules/babel-runtime/regenerator/runtime.js:100:21)
    at GeneratorFunctionPrototype.invoke (/usr/local/lib/node_modules/appium/node_modules/babel-runtime/regenerator/runtime.js:136:37)
    at <anonymous>, error=no such element, message=An element could not be located on the page using the given search parameters.}
Build info: version: '3.11.0', revision: 'e59cfb3', time: '2018-03-11T20:26:55.152Z'
System info: host: 'Arnabs-MacBook-Pro.local', ip: 'fe80:0:0:0:866:56ef:d289:6b0c%en0', os.name: 'Mac OS X', os.arch: 'x86_64', os.version: '10.13.5', java.version: '1.8.0_171'
Driver info: driver.version: AndroidDriver
	at org.openqa.selenium.remote.RemoteWebDriver.findElement(RemoteWebDriver.java:326)
	at io.appium.java_client.DefaultGenericMobileDriver.findElement(DefaultGenericMobileDriver.java:62)
	at io.appium.java_client.AppiumDriver.findElement(AppiumDriver.java:1)
	at io.appium.java_client.android.AndroidDriver.findElement(AndroidDriver.java:1)
	at org.openqa.selenium.remote.RemoteWebDriver.findElementByXPath(RemoteWebDriver.java:421)
	at io.appium.java_client.DefaultGenericMobileDriver.findElementByXPath(DefaultGenericMobileDriver.java:152)
	at io.appium.java_client.AppiumDriver.findElementByXPath(AppiumDriver.java:1)
	at io.appium.java_client.android.AndroidDriver.findElementByXPath(AndroidDriver.java:1)
	at org.openqa.selenium.By$ByXPath.findElement(By.java:361)
	at org.openqa.selenium.remote.RemoteWebDriver.findElement(RemoteWebDriver.java:311)
	at io.appium.java_client.DefaultGenericMobileDriver.findElement(DefaultGenericMobileDriver.java:58)
	at io.appium.java_client.AppiumDriver.findElement(AppiumDriver.java:1)
	at io.appium.java_client.android.AndroidDriver.findElement(AndroidDriver.java:1)
	at io.appium.java_client.pagefactory.bys.builder.ByChained.lambda$0(ByChained.java:38)
	at org.openqa.selenium.support.ui.FluentWait.until(FluentWait.java:248)
	at io.appium.java_client.pagefactory.bys.builder.ByChained.findElement(ByChained.java:72)
	at org.openqa.selenium.remote.RemoteWebDriver.findElement(RemoteWebDriver.java:311)
	at io.appium.java_client.DefaultGenericMobileDriver.findElement(DefaultGenericMobileDriver.java:58)
	at io.appium.java_client.AppiumDriver.findElement(AppiumDriver.java:1)
	at io.appium.java_client.android.AndroidDriver.findElement(AndroidDriver.java:1)
	at io.appium.java_client.pagefactory.bys.ContentMappedBy.findElement(ContentMappedBy.java:50)
	at org.openqa.selenium.remote.RemoteWebDriver.findElement(RemoteWebDriver.java:311)
	at io.appium.java_client.DefaultGenericMobileDriver.findElement(DefaultGenericMobileDriver.java:58)
	at io.appium.java_client.AppiumDriver.findElement(AppiumDriver.java:1)
	at io.appium.java_client.android.AndroidDriver.findElement(AndroidDriver.java:1)
	at io.appium.java_client.pagefactory.AppiumElementLocator.lambda$0(AppiumElementLocator.java:119)
	at io.appium.java_client.pagefactory.AppiumElementLocator$WaitingFunction.apply(AppiumElementLocator.java:171)
	at io.appium.java_client.pagefactory.AppiumElementLocator$WaitingFunction.apply(AppiumElementLocator.java:1)
	at org.openqa.selenium.support.ui.FluentWait.until(FluentWait.java:248)
	at io.appium.java_client.pagefactory.AppiumElementLocator.waitFor(AppiumElementLocator.java:98)
	at io.appium.java_client.pagefactory.AppiumElementLocator.findElement(AppiumElementLocator.java:118)
	at io.appium.java_client.pagefactory.interceptors.InterceptorOfASingleElement.intercept(InterceptorOfASingleElement.java:60)
	at io.appium.java_client.android.AndroidElement$$EnhancerByCGLIB$$b598166c.isDisplayed(<generated>)
	at com.uiFramework.myComp.myApp.helper.assertion.VerificationHelper.isDisplayed(VerificationHelper.java:22)
	at com.uiFramework.myComp.myApp.pageObject.ProductDetails.isProductDEtailsPageDisplayed(ProductDetails.java:38)
	at com.uiFramework.myComp.myApp.testBase.TestBaseRunner.scrollAndClick(TestBaseRunner.java:167)
	at sun.reflect.NativeMethodAccessorImpl.invoke0(Native Method)
	at sun.reflect.NativeMethodAccessorImpl.invoke(NativeMethodAccessorImpl.java:62)
	at sun.reflect.DelegatingMethodAccessorImpl.invoke(DelegatingMethodAccessorImpl.java:43)
	at java.lang.reflect.Method.invoke(Method.java:498)
	at org.testng.internal.MethodInvocationHelper.invokeMethod(MethodInvocationHelper.java:124)
	at org.testng.internal.Invoker.invokeMethod(Invoker.java:571)
	at org.testng.internal.Invoker.invokeTestMethod(Invoker.java:707)
	at org.testng.internal.Invoker.invokeTestMethods(Invoker.java:979)
	at org.testng.internal.TestMethodWorker.invokeTestMethods(TestMethodWorker.java:125)
	at org.testng.internal.TestMethodWorker.run(TestMethodWorker.java:109)
	at org.testng.TestRunner.privateRun(TestRunner.java:648)
	at org.testng.TestRunner.run(TestRunner.java:505)
	at org.testng.SuiteRunner.runTest(SuiteRunner.java:455)
	at org.testng.SuiteRunner.runSequentially(SuiteRunner.java:450)
	at org.testng.SuiteRunner.privateRun(SuiteRunner.java:415)
	at org.testng.SuiteRunner.run(SuiteRunner.java:364)
	at org.testng.SuiteRunnerWorker.runSuite(SuiteRunnerWorker.java:52)
	at org.testng.SuiteRunnerWorker.run(SuiteRunnerWorker.java:84)
	at org.testng.TestNG.runSuitesSequentially(TestNG.java:1187)
	at org.testng.TestNG.runSuitesLocally(TestNG.java:1116)
	at org.testng.TestNG.runSuites(TestNG.java:1028)
	at org.testng.TestNG.run(TestNG.java:996)
	at org.testng.remote.AbstractRemoteTestNG.run(AbstractRemoteTestNG.java:114)
	at org.testng.remote.RemoteTestNG.initAndRun(RemoteTestNG.java:251)
	at org.testng.remote.RemoteTestNG.main(RemoteTestNG.java:77)
Caused by: java.lang.ClassCastException: com.google.common.collect.Maps$TransformedEntriesMap cannot be cast to org.openqa.selenium.WebElement
	at org.openqa.selenium.remote.RemoteWebDriver.findElement(RemoteWebDriver.java:324)
	... 60 more
2018-08-10 22:08:267 INFO  HomePage:69 - entering some text....65 inch tv
2018-08-10 22:08:274 INFO  TestBaseRunner:32 - WaitHelper object created..
2018-08-10 22:08:274 INFO  TestBaseRunner:42 - Implicit Wait has been set to: 10
2018-08-10 22:08:49 INFO  TestBaseRunner:32 - WaitHelper object created..
2018-08-10 22:08:50 INFO  TestBaseRunner:147 - waiting for page to load for : SECONDS seconds
2018-08-10 22:08:56 INFO  TestBaseRunner:149 - page is loaded
2018-08-10 22:08:99 INFO  VerificationHelper:23 - element is Displayed..65 inch tv
2018-08-10 22:08:609 INFO  ExcelHelper:102 - result updated..
2018-08-10 22:08:716 INFO  HomePage:78 - numbers of items on page3
2018-08-10 22:08:543 INFO  TestBaseRunner:165 - number of items3
2018-08-10 22:08:543 INFO  HomePage:68 - scroll and click on last item
2018-08-10 22:08:874 INFO  VerificationHelper:23 - element is Displayed..About this item
2018-08-10 22:08:914 INFO  ExcelHelper:102 - result updated..
2018-08-10 22:08:321 INFO  HomePage:69 - entering some text....65 inch tv
2018-08-10 22:08:326 INFO  TestBaseRunner:32 - WaitHelper object created..
2018-08-10 22:08:326 INFO  TestBaseRunner:42 - Implicit Wait has been set to: 10
2018-08-10 22:08:569 INFO  TestBaseRunner:32 - WaitHelper object created..
2018-08-10 22:08:569 INFO  TestBaseRunner:147 - waiting for page to load for : SECONDS seconds
2018-08-10 22:08:576 INFO  TestBaseRunner:149 - page is loaded
2018-08-10 22:08:415 INFO  VerificationHelper:23 - element is Displayed..65 inch tv
2018-08-10 22:08:82 INFO  ExcelHelper:102 - result updated..
2018-08-10 22:08:103 INFO  HomePage:78 - numbers of items on page3
2018-08-10 22:08:294 INFO  TestBaseRunner:159 - number of items3
2018-08-10 22:08:294 INFO  HomePage:68 - scroll and click on last item
2018-08-10 22:08:957 INFO  TestBaseRunner:32 - WaitHelper object created..
2018-08-10 22:08:957 INFO  TestBaseRunner:147 - waiting for page to load for : SECONDS seconds
2018-08-10 22:08:964 INFO  TestBaseRunner:149 - page is loaded
2018-08-10 22:08:419 ERROR VerificationHelper:28 - element is not Displayed..
org.openqa.selenium.WebDriverException: Returned value cannot be converted to WebElement: {stacktrace=NoSuchElementError: An element could not be located on the page using the given search parameters.
    at AndroidDriver.callee$0$0$ (/usr/local/lib/node_modules/appium/node_modules/appium-android-driver/lib/commands/find.js:69:13)
    at tryCatch (/usr/local/lib/node_modules/appium/node_modules/babel-runtime/regenerator/runtime.js:67:40)
    at GeneratorFunctionPrototype.invoke [as _invoke] (/usr/local/lib/node_modules/appium/node_modules/babel-runtime/regenerator/runtime.js:315:22)
    at GeneratorFunctionPrototype.prototype.(anonymous function) [as throw] (/usr/local/lib/node_modules/appium/node_modules/babel-runtime/regenerator/runtime.js:100:21)
    at GeneratorFunctionPrototype.invoke (/usr/local/lib/node_modules/appium/node_modules/babel-runtime/regenerator/runtime.js:136:37)
    at <anonymous>, error=no such element, message=An element could not be located on the page using the given search parameters.}
Build info: version: '3.11.0', revision: 'e59cfb3', time: '2018-03-11T20:26:55.152Z'
System info: host: 'Arnabs-MacBook-Pro.local', ip: 'fe80:0:0:0:866:56ef:d289:6b0c%en0', os.name: 'Mac OS X', os.arch: 'x86_64', os.version: '10.13.5', java.version: '1.8.0_171'
Driver info: driver.version: AndroidDriver
	at org.openqa.selenium.remote.RemoteWebDriver.findElement(RemoteWebDriver.java:326)
	at io.appium.java_client.DefaultGenericMobileDriver.findElement(DefaultGenericMobileDriver.java:62)
	at io.appium.java_client.AppiumDriver.findElement(AppiumDriver.java:1)
	at io.appium.java_client.android.AndroidDriver.findElement(AndroidDriver.java:1)
	at org.openqa.selenium.remote.RemoteWebDriver.findElementByXPath(RemoteWebDriver.java:421)
	at io.appium.java_client.DefaultGenericMobileDriver.findElementByXPath(DefaultGenericMobileDriver.java:152)
	at io.appium.java_client.AppiumDriver.findElementByXPath(AppiumDriver.java:1)
	at io.appium.java_client.android.AndroidDriver.findElementByXPath(AndroidDriver.java:1)
	at org.openqa.selenium.By$ByXPath.findElement(By.java:361)
	at org.openqa.selenium.remote.RemoteWebDriver.findElement(RemoteWebDriver.java:311)
	at io.appium.java_client.DefaultGenericMobileDriver.findElement(DefaultGenericMobileDriver.java:58)
	at io.appium.java_client.AppiumDriver.findElement(AppiumDriver.java:1)
	at io.appium.java_client.android.AndroidDriver.findElement(AndroidDriver.java:1)
	at io.appium.java_client.pagefactory.bys.builder.ByChained.lambda$0(ByChained.java:38)
	at org.openqa.selenium.support.ui.FluentWait.until(FluentWait.java:248)
	at io.appium.java_client.pagefactory.bys.builder.ByChained.findElement(ByChained.java:72)
	at org.openqa.selenium.remote.RemoteWebDriver.findElement(RemoteWebDriver.java:311)
	at io.appium.java_client.DefaultGenericMobileDriver.findElement(DefaultGenericMobileDriver.java:58)
	at io.appium.java_client.AppiumDriver.findElement(AppiumDriver.java:1)
	at io.appium.java_client.android.AndroidDriver.findElement(AndroidDriver.java:1)
	at io.appium.java_client.pagefactory.bys.ContentMappedBy.findElement(ContentMappedBy.java:50)
	at org.openqa.selenium.remote.RemoteWebDriver.findElement(RemoteWebDriver.java:311)
	at io.appium.java_client.DefaultGenericMobileDriver.findElement(DefaultGenericMobileDriver.java:58)
	at io.appium.java_client.AppiumDriver.findElement(AppiumDriver.java:1)
	at io.appium.java_client.android.AndroidDriver.findElement(AndroidDriver.java:1)
	at io.appium.java_client.pagefactory.AppiumElementLocator.lambda$0(AppiumElementLocator.java:119)
	at io.appium.java_client.pagefactory.AppiumElementLocator$WaitingFunction.apply(AppiumElementLocator.java:171)
	at io.appium.java_client.pagefactory.AppiumElementLocator$WaitingFunction.apply(AppiumElementLocator.java:1)
	at org.openqa.selenium.support.ui.FluentWait.until(FluentWait.java:248)
	at io.appium.java_client.pagefactory.AppiumElementLocator.waitFor(AppiumElementLocator.java:98)
	at io.appium.java_client.pagefactory.AppiumElementLocator.findElement(AppiumElementLocator.java:118)
	at io.appium.java_client.pagefactory.interceptors.InterceptorOfASingleElement.intercept(InterceptorOfASingleElement.java:60)
	at io.appium.java_client.android.AndroidElement$$EnhancerByCGLIB$$b598166c.isDisplayed(<generated>)
	at com.uiFramework.myComp.myApp.helper.assertion.VerificationHelper.isDisplayed(VerificationHelper.java:22)
	at com.uiFramework.myComp.myApp.pageObject.ProductDetails.isProductDEtailsPageDisplayed(ProductDetails.java:38)
	at com.uiFramework.myComp.myApp.testBase.TestBaseRunner.scrollAndClick(TestBaseRunner.java:161)
	at sun.reflect.NativeMethodAccessorImpl.invoke0(Native Method)
	at sun.reflect.NativeMethodAccessorImpl.invoke(NativeMethodAccessorImpl.java:62)
	at sun.reflect.DelegatingMethodAccessorImpl.invoke(DelegatingMethodAccessorImpl.java:43)
	at java.lang.reflect.Method.invoke(Method.java:498)
	at org.testng.internal.MethodInvocationHelper.invokeMethod(MethodInvocationHelper.java:124)
	at org.testng.internal.Invoker.invokeMethod(Invoker.java:571)
	at org.testng.internal.Invoker.invokeTestMethod(Invoker.java:707)
	at org.testng.internal.Invoker.invokeTestMethods(Invoker.java:979)
	at org.testng.internal.TestMethodWorker.invokeTestMethods(TestMethodWorker.java:125)
	at org.testng.internal.TestMethodWorker.run(TestMethodWorker.java:109)
	at org.testng.TestRunner.privateRun(TestRunner.java:648)
	at org.testng.TestRunner.run(TestRunner.java:505)
	at org.testng.SuiteRunner.runTest(SuiteRunner.java:455)
	at org.testng.SuiteRunner.runSequentially(SuiteRunner.java:450)
	at org.testng.SuiteRunner.privateRun(SuiteRunner.java:415)
	at org.testng.SuiteRunner.run(SuiteRunner.java:364)
	at org.testng.SuiteRunnerWorker.runSuite(SuiteRunnerWorker.java:52)
	at org.testng.SuiteRunnerWorker.run(SuiteRunnerWorker.java:84)
	at org.testng.TestNG.runSuitesSequentially(TestNG.java:1187)
	at org.testng.TestNG.runSuitesLocally(TestNG.java:1116)
	at org.testng.TestNG.runSuites(TestNG.java:1028)
	at org.testng.TestNG.run(TestNG.java:996)
	at org.testng.remote.AbstractRemoteTestNG.run(AbstractRemoteTestNG.java:114)
	at org.testng.remote.RemoteTestNG.initAndRun(RemoteTestNG.java:251)
	at org.testng.remote.RemoteTestNG.main(RemoteTestNG.java:77)
Caused by: java.lang.ClassCastException: com.google.common.collect.Maps$TransformedEntriesMap cannot be cast to org.openqa.selenium.WebElement
	at org.openqa.selenium.remote.RemoteWebDriver.findElement(RemoteWebDriver.java:324)
	... 60 more
2018-08-10 23:08:388 INFO  TestBaseRunner:70 - enterSearchCriteria....test started...
2018-08-10 23:08:568 INFO  HomePage:69 - entering some text....65 inch tv
2018-08-10 23:08:570 INFO  TestBaseRunner:32 - WaitHelper object created..
2018-08-10 23:08:571 INFO  TestBaseRunner:42 - Implicit Wait has been set to: 10
2018-08-10 23:08:482 INFO  TestBaseRunner:32 - WaitHelper object created..
2018-08-10 23:08:484 INFO  TestBaseRunner:147 - waiting for page to load for : SECONDS seconds
2018-08-10 23:08:492 INFO  TestBaseRunner:149 - page is loaded
2018-08-10 23:08:519 INFO  VerificationHelper:23 - element is Displayed..65 inch tv
2018-08-10 23:08:226 INFO  ExcelHelper:102 - result updated..
2018-08-10 23:08:352 INFO  TestBaseRunner:70 - scrollAndClick....test started...
2018-08-10 23:08:415 INFO  HomePage:78 - numbers of items on page0
2018-08-10 23:08:707 INFO  TestBaseRunner:151 - number of items0
2018-08-10 23:08:707 INFO  HomePage:68 - scroll and click on last item
2018-08-10 23:08:483 INFO  TestBaseRunner:70 - enterSearchCriteria....test started...
2018-08-10 23:08:669 INFO  HomePage:69 - entering some text....65 inch tv
2018-08-10 23:08:672 INFO  TestBaseRunner:32 - WaitHelper object created..
2018-08-10 23:08:672 INFO  TestBaseRunner:42 - Implicit Wait has been set to: 10
2018-08-10 23:08:171 INFO  TestBaseRunner:32 - WaitHelper object created..
2018-08-10 23:08:173 INFO  TestBaseRunner:147 - waiting for page to load for : SECONDS seconds
2018-08-10 23:08:180 INFO  TestBaseRunner:149 - page is loaded
2018-08-10 23:08:905 INFO  VerificationHelper:23 - element is Displayed..65 inch tv
2018-08-10 23:08:565 INFO  ExcelHelper:102 - result updated..
2018-08-10 23:08:674 INFO  TestBaseRunner:70 - randomItem....test started...
2018-08-10 23:08:308 INFO  HomePage:97 - clicking on random item...
2018-08-10 23:08:741 INFO  VerificationHelper:23 - element is Displayed..About this item
2018-08-10 23:08:774 INFO  ExcelHelper:102 - result updated..
2018-08-10 23:08:79 INFO  TestBaseRunner:70 - enterSearchCriteria....test started...
2018-08-10 23:08:304 INFO  HomePage:69 - entering some text....65 inch tv
2018-08-10 23:08:307 INFO  TestBaseRunner:32 - WaitHelper object created..
2018-08-10 23:08:307 INFO  TestBaseRunner:42 - Implicit Wait has been set to: 10
2018-08-10 23:08:609 INFO  TestBaseRunner:32 - WaitHelper object created..
2018-08-10 23:08:612 INFO  TestBaseRunner:147 - waiting for page to load for : SECONDS seconds
2018-08-10 23:08:620 INFO  TestBaseRunner:149 - page is loaded
2018-08-10 23:08:491 INFO  VerificationHelper:23 - element is Displayed..65 inch tv
2018-08-10 23:08:133 INFO  ExcelHelper:102 - result updated..
2018-08-10 23:08:239 INFO  TestBaseRunner:85 - enterSearchCriteria is pass
2018-08-10 23:08:299 INFO  TestBaseRunner:92 - **************enterSearchCriteriaFinished***************
2018-08-10 23:08:302 INFO  TestBaseRunner:70 - randomItem....test started...
2018-08-10 23:08:547 INFO  HomePage:97 - clicking on random item...
2018-08-10 23:08:580 INFO  VerificationHelper:23 - element is Displayed..About this item
2018-08-10 23:08:642 INFO  ExcelHelper:102 - result updated..
2018-08-10 23:08:686 INFO  TestBaseRunner:85 - randomItem is pass
2018-08-10 23:08:931 INFO  TestBaseRunner:92 - **************randomItemFinished***************
2018-08-11 00:08:606 INFO  TestBaseRunner:69 - enterSearchCriteria....test started...
2018-08-11 00:08:816 INFO  HomePage:69 - entering some text....65 inch tv
2018-08-11 00:08:819 INFO  TestBaseRunner:32 - WaitHelper object created..
2018-08-11 00:08:819 INFO  TestBaseRunner:42 - Implicit Wait has been set to: 10
2018-08-11 00:08:504 INFO  TestBaseRunner:32 - WaitHelper object created..
2018-08-11 00:08:505 INFO  TestBaseRunner:147 - waiting for page to load for : SECONDS seconds
2018-08-11 00:08:511 INFO  TestBaseRunner:149 - page is loaded
2018-08-11 00:08:401 INFO  VerificationHelper:23 - element is Displayed..65 inch tv
2018-08-11 00:08:67 INFO  ExcelHelper:102 - result updated..
2018-08-11 00:08:171 INFO  TestBaseRunner:83 - enterSearchCriteria is pass
2018-08-11 00:08:59 INFO  TestBaseRunner:89 - **************enterSearchCriteriaFinished***************
2018-08-11 00:08:68 INFO  TestBaseRunner:69 - randomItem....test started...
2018-08-11 00:08:284 INFO  HomePage:97 - clicking on random item...
2018-08-11 00:08:62 INFO  VerificationHelper:23 - element is Displayed..About this item
2018-08-11 00:08:96 INFO  ExcelHelper:102 - result updated..
2018-08-11 00:08:128 INFO  TestBaseRunner:83 - randomItem is pass
2018-08-11 00:08:311 INFO  TestBaseRunner:89 - **************randomItemFinished***************
2018-08-11 00:08:317 INFO  TestBaseRunner:69 - enterSearchCriteria....test started...
2018-08-11 00:08:332 INFO  HomePage:69 - entering some text....65 inch tv
2018-08-11 00:08:332 INFO  TestBaseRunner:32 - WaitHelper object created..
2018-08-11 00:08:333 INFO  TestBaseRunner:42 - Implicit Wait has been set to: 10
2018-08-11 00:08:566 ERROR TestBaseRunner:77 - enterSearchCriteria
2018-08-11 00:08:566 ERROR TestBaseRunner:78 - org.openqa.selenium.WebDriverException: org.openqa.selenium.WebDriverException: Returned value cannot be converted to WebElement: {stacktrace=NoSuchElementError: An element could not be located on the page using the given search parameters.
    at AndroidDriver.callee$0$0$ (/usr/local/lib/node_modules/appium/node_modules/appium-android-driver/lib/commands/find.js:69:13)
    at tryCatch (/usr/local/lib/node_modules/appium/node_modules/babel-runtime/regenerator/runtime.js:67:40)
    at GeneratorFunctionPrototype.invoke [as _invoke] (/usr/local/lib/node_modules/appium/node_modules/babel-runtime/regenerator/runtime.js:315:22)
    at GeneratorFunctionPrototype.prototype.(anonymous function) [as throw] (/usr/local/lib/node_modules/appium/node_modules/babel-runtime/regenerator/runtime.js:100:21)
    at GeneratorFunctionPrototype.invoke (/usr/local/lib/node_modules/appium/node_modules/babel-runtime/regenerator/runtime.js:136:37)
    at <anonymous>, error=no such element, message=An element could not be located on the page using the given search parameters.}
Build info: version: '3.11.0', revision: 'e59cfb3', time: '2018-03-11T20:26:55.152Z'
System info: host: 'Arnabs-MacBook-Pro.local', ip: 'fe80:0:0:0:866:56ef:d289:6b0c%en0', os.name: 'Mac OS X', os.arch: 'x86_64', os.version: '10.13.5', java.version: '1.8.0_171'
Driver info: driver.version: AndroidDriver
2018-08-11 00:08:732 INFO  TestBaseRunner:89 - **************enterSearchCriteriaFinished***************
2018-08-11 00:08:791 INFO  TestBaseRunner:69 - scrollAndClick....test started...
2018-08-11 00:08:653 INFO  HomePage:78 - numbers of items on page0
2018-08-11 00:08:824 INFO  ProductPageTest:40 - number of items0
2018-08-11 00:08:824 INFO  HomePage:68 - scroll and click on last item
2018-08-11 00:08:630 ERROR TestBaseRunner:77 - scrollAndClick
2018-08-11 00:08:634 ERROR TestBaseRunner:78 - org.openqa.selenium.WebDriverException: org.openqa.selenium.WebDriverException: Returned value cannot be converted to WebElement: {stacktrace=NoSuchElementError: An element could not be located on the page using the given search parameters.
    at AndroidDriver.callee$0$0$ (/usr/local/lib/node_modules/appium/node_modules/appium-android-driver/lib/commands/find.js:69:13)
    at tryCatch (/usr/local/lib/node_modules/appium/node_modules/babel-runtime/regenerator/runtime.js:67:40)
    at GeneratorFunctionPrototype.invoke [as _invoke] (/usr/local/lib/node_modules/appium/node_modules/babel-runtime/regenerator/runtime.js:315:22)
    at GeneratorFunctionPrototype.prototype.(anonymous function) [as throw] (/usr/local/lib/node_modules/appium/node_modules/babel-runtime/regenerator/runtime.js:100:21)
    at GeneratorFunctionPrototype.invoke (/usr/local/lib/node_modules/appium/node_modules/babel-runtime/regenerator/runtime.js:136:37)
    at <anonymous>, error=no such element, message=An element could not be located on the page using the given search parameters.}
Build info: version: '3.11.0', revision: 'e59cfb3', time: '2018-03-11T20:26:55.152Z'
System info: host: 'Arnabs-MacBook-Pro.local', ip: 'fe80:0:0:0:866:56ef:d289:6b0c%en0', os.name: 'Mac OS X', os.arch: 'x86_64', os.version: '10.13.5', java.version: '1.8.0_171'
Driver info: driver.version: AndroidDriver
2018-08-11 00:08:03 INFO  TestBaseRunner:89 - **************scrollAndClickFinished***************
2018-08-11 00:08:04 INFO  TestBaseRunner:69 - enterSearchCriteria....test started...
2018-08-11 00:08:25 INFO  HomePage:69 - entering some text....65 inch tv
2018-08-11 00:08:33 INFO  TestBaseRunner:32 - WaitHelper object created..
2018-08-11 00:08:34 INFO  TestBaseRunner:42 - Implicit Wait has been set to: 10
2018-08-11 00:08:231 ERROR TestBaseRunner:77 - enterSearchCriteria
2018-08-11 00:08:232 ERROR TestBaseRunner:78 - org.openqa.selenium.WebDriverException: org.openqa.selenium.WebDriverException: Returned value cannot be converted to WebElement: {stacktrace=NoSuchElementError: An element could not be located on the page using the given search parameters.
    at AndroidDriver.callee$0$0$ (/usr/local/lib/node_modules/appium/node_modules/appium-android-driver/lib/commands/find.js:69:13)
    at tryCatch (/usr/local/lib/node_modules/appium/node_modules/babel-runtime/regenerator/runtime.js:67:40)
    at GeneratorFunctionPrototype.invoke [as _invoke] (/usr/local/lib/node_modules/appium/node_modules/babel-runtime/regenerator/runtime.js:315:22)
    at GeneratorFunctionPrototype.prototype.(anonymous function) [as throw] (/usr/local/lib/node_modules/appium/node_modules/babel-runtime/regenerator/runtime.js:100:21)
    at GeneratorFunctionPrototype.invoke (/usr/local/lib/node_modules/appium/node_modules/babel-runtime/regenerator/runtime.js:136:37)
    at <anonymous>, error=no such element, message=An element could not be located on the page using the given search parameters.}
Build info: version: '3.11.0', revision: 'e59cfb3', time: '2018-03-11T20:26:55.152Z'
System info: host: 'Arnabs-MacBook-Pro.local', ip: 'fe80:0:0:0:866:56ef:d289:6b0c%en0', os.name: 'Mac OS X', os.arch: 'x86_64', os.version: '10.13.5', java.version: '1.8.0_171'
Driver info: driver.version: AndroidDriver
2018-08-11 00:08:298 INFO  TestBaseRunner:89 - **************enterSearchCriteriaFinished***************
2018-08-11 00:08:806 INFO  TestBaseRunner:69 - enterSearchCriteria....test started...
2018-08-11 00:08:976 INFO  HomePage:69 - entering some text....65 inch tv
2018-08-11 00:08:979 INFO  TestBaseRunner:32 - WaitHelper object created..
2018-08-11 00:08:980 INFO  TestBaseRunner:42 - Implicit Wait has been set to: 10
2018-08-11 00:08:905 INFO  TestBaseRunner:32 - WaitHelper object created..
2018-08-11 00:08:909 INFO  TestBaseRunner:147 - waiting for page to load for : SECONDS seconds
2018-08-11 00:08:916 INFO  TestBaseRunner:149 - page is loaded
2018-08-11 00:08:804 INFO  VerificationHelper:23 - element is Displayed..65 inch tv
2018-08-11 00:08:327 INFO  ExcelHelper:102 - result updated..
2018-08-11 00:08:431 INFO  TestBaseRunner:83 - enterSearchCriteria is pass
2018-08-11 00:08:442 INFO  TestBaseRunner:89 - **************enterSearchCriteriaFinished***************
2018-08-11 00:08:453 INFO  TestBaseRunner:69 - scrollAndClick....test started...
2018-08-11 00:08:729 INFO  HomePage:78 - numbers of items on page3
2018-08-11 00:08:866 INFO  ProductPageTest:40 - number of items3
2018-08-11 00:08:866 INFO  HomePage:68 - scroll and click on last item
2018-08-11 00:08:327 INFO  TestBaseRunner:32 - WaitHelper object created..
2018-08-11 00:08:329 INFO  TestBaseRunner:147 - waiting for page to load for : SECONDS seconds
2018-08-11 00:08:336 INFO  TestBaseRunner:149 - page is loaded
2018-08-11 00:08:813 ERROR VerificationHelper:28 - element is not Displayed..
org.openqa.selenium.WebDriverException: Returned value cannot be converted to WebElement: {stacktrace=NoSuchElementError: An element could not be located on the page using the given search parameters.
    at AndroidDriver.callee$0$0$ (/usr/local/lib/node_modules/appium/node_modules/appium-android-driver/lib/commands/find.js:69:13)
    at tryCatch (/usr/local/lib/node_modules/appium/node_modules/babel-runtime/regenerator/runtime.js:67:40)
    at GeneratorFunctionPrototype.invoke [as _invoke] (/usr/local/lib/node_modules/appium/node_modules/babel-runtime/regenerator/runtime.js:315:22)
    at GeneratorFunctionPrototype.prototype.(anonymous function) [as throw] (/usr/local/lib/node_modules/appium/node_modules/babel-runtime/regenerator/runtime.js:100:21)
    at GeneratorFunctionPrototype.invoke (/usr/local/lib/node_modules/appium/node_modules/babel-runtime/regenerator/runtime.js:136:37)
    at <anonymous>, error=no such element, message=An element could not be located on the page using the given search parameters.}
Build info: version: '3.11.0', revision: 'e59cfb3', time: '2018-03-11T20:26:55.152Z'
System info: host: 'Arnabs-MacBook-Pro.local', ip: 'fe80:0:0:0:866:56ef:d289:6b0c%en0', os.name: 'Mac OS X', os.arch: 'x86_64', os.version: '10.13.5', java.version: '1.8.0_171'
Driver info: driver.version: AndroidDriver
	at org.openqa.selenium.remote.RemoteWebDriver.findElement(RemoteWebDriver.java:326)
	at io.appium.java_client.DefaultGenericMobileDriver.findElement(DefaultGenericMobileDriver.java:62)
	at io.appium.java_client.AppiumDriver.findElement(AppiumDriver.java:1)
	at io.appium.java_client.android.AndroidDriver.findElement(AndroidDriver.java:1)
	at org.openqa.selenium.remote.RemoteWebDriver.findElementByXPath(RemoteWebDriver.java:421)
	at io.appium.java_client.DefaultGenericMobileDriver.findElementByXPath(DefaultGenericMobileDriver.java:152)
	at io.appium.java_client.AppiumDriver.findElementByXPath(AppiumDriver.java:1)
	at io.appium.java_client.android.AndroidDriver.findElementByXPath(AndroidDriver.java:1)
	at org.openqa.selenium.By$ByXPath.findElement(By.java:361)
	at org.openqa.selenium.remote.RemoteWebDriver.findElement(RemoteWebDriver.java:311)
	at io.appium.java_client.DefaultGenericMobileDriver.findElement(DefaultGenericMobileDriver.java:58)
	at io.appium.java_client.AppiumDriver.findElement(AppiumDriver.java:1)
	at io.appium.java_client.android.AndroidDriver.findElement(AndroidDriver.java:1)
	at io.appium.java_client.pagefactory.bys.builder.ByChained.lambda$0(ByChained.java:38)
	at org.openqa.selenium.support.ui.FluentWait.until(FluentWait.java:248)
	at io.appium.java_client.pagefactory.bys.builder.ByChained.findElement(ByChained.java:72)
	at org.openqa.selenium.remote.RemoteWebDriver.findElement(RemoteWebDriver.java:311)
	at io.appium.java_client.DefaultGenericMobileDriver.findElement(DefaultGenericMobileDriver.java:58)
	at io.appium.java_client.AppiumDriver.findElement(AppiumDriver.java:1)
	at io.appium.java_client.android.AndroidDriver.findElement(AndroidDriver.java:1)
	at io.appium.java_client.pagefactory.bys.ContentMappedBy.findElement(ContentMappedBy.java:50)
	at org.openqa.selenium.remote.RemoteWebDriver.findElement(RemoteWebDriver.java:311)
	at io.appium.java_client.DefaultGenericMobileDriver.findElement(DefaultGenericMobileDriver.java:58)
	at io.appium.java_client.AppiumDriver.findElement(AppiumDriver.java:1)
	at io.appium.java_client.android.AndroidDriver.findElement(AndroidDriver.java:1)
	at io.appium.java_client.pagefactory.AppiumElementLocator.lambda$0(AppiumElementLocator.java:119)
	at io.appium.java_client.pagefactory.AppiumElementLocator$WaitingFunction.apply(AppiumElementLocator.java:171)
	at io.appium.java_client.pagefactory.AppiumElementLocator$WaitingFunction.apply(AppiumElementLocator.java:1)
	at org.openqa.selenium.support.ui.FluentWait.until(FluentWait.java:248)
	at io.appium.java_client.pagefactory.AppiumElementLocator.waitFor(AppiumElementLocator.java:98)
	at io.appium.java_client.pagefactory.AppiumElementLocator.findElement(AppiumElementLocator.java:118)
	at io.appium.java_client.pagefactory.interceptors.InterceptorOfASingleElement.intercept(InterceptorOfASingleElement.java:60)
	at io.appium.java_client.android.AndroidElement$$EnhancerByCGLIB$$b598166c.isDisplayed(<generated>)
	at com.uiFramework.myComp.myApp.helper.assertion.VerificationHelper.isDisplayed(VerificationHelper.java:22)
	at com.uiFramework.myComp.myApp.pageObject.ProductDetails.isProductDEtailsPageDisplayed(ProductDetails.java:38)
	at com.uiFramework.myComp.myApp.testScripts.ProductPageTest.scrollAndClick(ProductPageTest.java:42)
	at sun.reflect.NativeMethodAccessorImpl.invoke0(Native Method)
	at sun.reflect.NativeMethodAccessorImpl.invoke(NativeMethodAccessorImpl.java:62)
	at sun.reflect.DelegatingMethodAccessorImpl.invoke(DelegatingMethodAccessorImpl.java:43)
	at java.lang.reflect.Method.invoke(Method.java:498)
	at org.testng.internal.MethodInvocationHelper.invokeMethod(MethodInvocationHelper.java:124)
	at org.testng.internal.Invoker.invokeMethod(Invoker.java:571)
	at org.testng.internal.Invoker.invokeTestMethod(Invoker.java:707)
	at org.testng.internal.Invoker.invokeTestMethods(Invoker.java:979)
	at org.testng.internal.TestMethodWorker.invokeTestMethods(TestMethodWorker.java:125)
	at org.testng.internal.TestMethodWorker.run(TestMethodWorker.java:109)
	at org.testng.TestRunner.privateRun(TestRunner.java:648)
	at org.testng.TestRunner.run(TestRunner.java:505)
	at org.testng.SuiteRunner.runTest(SuiteRunner.java:455)
	at org.testng.SuiteRunner.runSequentially(SuiteRunner.java:450)
	at org.testng.SuiteRunner.privateRun(SuiteRunner.java:415)
	at org.testng.SuiteRunner.run(SuiteRunner.java:364)
	at org.testng.SuiteRunnerWorker.runSuite(SuiteRunnerWorker.java:52)
	at org.testng.SuiteRunnerWorker.run(SuiteRunnerWorker.java:84)
	at org.testng.TestNG.runSuitesSequentially(TestNG.java:1187)
	at org.testng.TestNG.runSuitesLocally(TestNG.java:1116)
	at org.testng.TestNG.runSuites(TestNG.java:1028)
	at org.testng.TestNG.run(TestNG.java:996)
	at org.testng.remote.AbstractRemoteTestNG.run(AbstractRemoteTestNG.java:114)
	at org.testng.remote.RemoteTestNG.initAndRun(RemoteTestNG.java:251)
	at org.testng.remote.RemoteTestNG.main(RemoteTestNG.java:77)
Caused by: java.lang.ClassCastException: com.google.common.collect.Maps$TransformedEntriesMap cannot be cast to org.openqa.selenium.WebElement
	at org.openqa.selenium.remote.RemoteWebDriver.findElement(RemoteWebDriver.java:324)
	... 60 more
2018-08-11 00:08:818 ERROR TestBaseRunner:77 - scrollAndClick
2018-08-11 00:08:819 ERROR TestBaseRunner:78 - java.lang.AssertionError: expected [true] but found [false]
2018-08-11 00:08:865 INFO  TestBaseRunner:89 - **************scrollAndClickFinished***************
2018-08-11 00:08:866 INFO  TestBaseRunner:69 - enterSearchCriteria....test started...
2018-08-11 00:08:881 INFO  HomePage:69 - entering some text....65 inch tv
2018-08-11 00:08:882 INFO  TestBaseRunner:32 - WaitHelper object created..
2018-08-11 00:08:882 INFO  TestBaseRunner:42 - Implicit Wait has been set to: 10
2018-08-11 00:08:107 ERROR TestBaseRunner:77 - enterSearchCriteria
2018-08-11 00:08:107 ERROR TestBaseRunner:78 - org.openqa.selenium.WebDriverException: org.openqa.selenium.WebDriverException: Returned value cannot be converted to WebElement: {stacktrace=NoSuchElementError: An element could not be located on the page using the given search parameters.
    at AndroidDriver.callee$0$0$ (/usr/local/lib/node_modules/appium/node_modules/appium-android-driver/lib/commands/find.js:69:13)
    at tryCatch (/usr/local/lib/node_modules/appium/node_modules/babel-runtime/regenerator/runtime.js:67:40)
    at GeneratorFunctionPrototype.invoke [as _invoke] (/usr/local/lib/node_modules/appium/node_modules/babel-runtime/regenerator/runtime.js:315:22)
    at GeneratorFunctionPrototype.prototype.(anonymous function) [as throw] (/usr/local/lib/node_modules/appium/node_modules/babel-runtime/regenerator/runtime.js:100:21)
    at GeneratorFunctionPrototype.invoke (/usr/local/lib/node_modules/appium/node_modules/babel-runtime/regenerator/runtime.js:136:37)
    at <anonymous>, error=no such element, message=An element could not be located on the page using the given search parameters.}
Build info: version: '3.11.0', revision: 'e59cfb3', time: '2018-03-11T20:26:55.152Z'
System info: host: 'Arnabs-MacBook-Pro.local', ip: 'fe80:0:0:0:866:56ef:d289:6b0c%en0', os.name: 'Mac OS X', os.arch: 'x86_64', os.version: '10.13.5', java.version: '1.8.0_171'
Driver info: driver.version: AndroidDriver
2018-08-11 00:08:243 INFO  TestBaseRunner:89 - **************enterSearchCriteriaFinished***************
2018-08-11 00:08:26 INFO  TestBaseRunner:69 - enterSearchCriteria....test started...
2018-08-11 00:08:200 INFO  HomePage:69 - entering some text....65 inch tv
2018-08-11 00:08:202 INFO  TestBaseRunner:32 - WaitHelper object created..
2018-08-11 00:08:202 INFO  TestBaseRunner:42 - Implicit Wait has been set to: 10
2018-08-11 00:08:85 INFO  TestBaseRunner:32 - WaitHelper object created..
2018-08-11 00:08:85 INFO  TestBaseRunner:147 - waiting for page to load for : SECONDS seconds
2018-08-11 00:08:93 INFO  TestBaseRunner:149 - page is loaded
2018-08-11 00:08:952 INFO  VerificationHelper:23 - element is Displayed..65 inch tv
2018-08-11 00:08:666 INFO  ExcelHelper:102 - result updated..
2018-08-11 00:08:777 INFO  TestBaseRunner:83 - enterSearchCriteria is pass
2018-08-11 00:08:737 INFO  TestBaseRunner:89 - **************enterSearchCriteriaFinished***************
2018-08-11 00:08:738 INFO  TestBaseRunner:69 - scrollAndClick....test started...
2018-08-11 00:08:867 INFO  HomePage:78 - numbers of items on page3
2018-08-11 00:08:28 INFO  TestBaseRunner:165 - number of items3
2018-08-11 00:08:29 INFO  HomePage:68 - scroll and click on last item
2018-08-11 00:08:432 INFO  TestBaseRunner:32 - WaitHelper object created..
2018-08-11 00:08:433 INFO  TestBaseRunner:147 - waiting for page to load for : SECONDS seconds
2018-08-11 00:08:439 INFO  TestBaseRunner:149 - page is loaded
2018-08-11 00:08:892 ERROR VerificationHelper:28 - element is not Displayed..
org.openqa.selenium.WebDriverException: Returned value cannot be converted to WebElement: {stacktrace=NoSuchElementError: An element could not be located on the page using the given search parameters.
    at AndroidDriver.callee$0$0$ (/usr/local/lib/node_modules/appium/node_modules/appium-android-driver/lib/commands/find.js:69:13)
    at tryCatch (/usr/local/lib/node_modules/appium/node_modules/babel-runtime/regenerator/runtime.js:67:40)
    at GeneratorFunctionPrototype.invoke [as _invoke] (/usr/local/lib/node_modules/appium/node_modules/babel-runtime/regenerator/runtime.js:315:22)
    at GeneratorFunctionPrototype.prototype.(anonymous function) [as throw] (/usr/local/lib/node_modules/appium/node_modules/babel-runtime/regenerator/runtime.js:100:21)
    at GeneratorFunctionPrototype.invoke (/usr/local/lib/node_modules/appium/node_modules/babel-runtime/regenerator/runtime.js:136:37)
    at <anonymous>, error=no such element, message=An element could not be located on the page using the given search parameters.}
Build info: version: '3.11.0', revision: 'e59cfb3', time: '2018-03-11T20:26:55.152Z'
System info: host: 'Arnabs-MacBook-Pro.local', ip: 'fe80:0:0:0:866:56ef:d289:6b0c%en0', os.name: 'Mac OS X', os.arch: 'x86_64', os.version: '10.13.5', java.version: '1.8.0_171'
Driver info: driver.version: AndroidDriver
	at org.openqa.selenium.remote.RemoteWebDriver.findElement(RemoteWebDriver.java:326)
	at io.appium.java_client.DefaultGenericMobileDriver.findElement(DefaultGenericMobileDriver.java:62)
	at io.appium.java_client.AppiumDriver.findElement(AppiumDriver.java:1)
	at io.appium.java_client.android.AndroidDriver.findElement(AndroidDriver.java:1)
	at org.openqa.selenium.remote.RemoteWebDriver.findElementByXPath(RemoteWebDriver.java:421)
	at io.appium.java_client.DefaultGenericMobileDriver.findElementByXPath(DefaultGenericMobileDriver.java:152)
	at io.appium.java_client.AppiumDriver.findElementByXPath(AppiumDriver.java:1)
	at io.appium.java_client.android.AndroidDriver.findElementByXPath(AndroidDriver.java:1)
	at org.openqa.selenium.By$ByXPath.findElement(By.java:361)
	at org.openqa.selenium.remote.RemoteWebDriver.findElement(RemoteWebDriver.java:311)
	at io.appium.java_client.DefaultGenericMobileDriver.findElement(DefaultGenericMobileDriver.java:58)
	at io.appium.java_client.AppiumDriver.findElement(AppiumDriver.java:1)
	at io.appium.java_client.android.AndroidDriver.findElement(AndroidDriver.java:1)
	at io.appium.java_client.pagefactory.bys.builder.ByChained.lambda$0(ByChained.java:38)
	at org.openqa.selenium.support.ui.FluentWait.until(FluentWait.java:248)
	at io.appium.java_client.pagefactory.bys.builder.ByChained.findElement(ByChained.java:72)
	at org.openqa.selenium.remote.RemoteWebDriver.findElement(RemoteWebDriver.java:311)
	at io.appium.java_client.DefaultGenericMobileDriver.findElement(DefaultGenericMobileDriver.java:58)
	at io.appium.java_client.AppiumDriver.findElement(AppiumDriver.java:1)
	at io.appium.java_client.android.AndroidDriver.findElement(AndroidDriver.java:1)
	at io.appium.java_client.pagefactory.bys.ContentMappedBy.findElement(ContentMappedBy.java:50)
	at org.openqa.selenium.remote.RemoteWebDriver.findElement(RemoteWebDriver.java:311)
	at io.appium.java_client.DefaultGenericMobileDriver.findElement(DefaultGenericMobileDriver.java:58)
	at io.appium.java_client.AppiumDriver.findElement(AppiumDriver.java:1)
	at io.appium.java_client.android.AndroidDriver.findElement(AndroidDriver.java:1)
	at io.appium.java_client.pagefactory.AppiumElementLocator.lambda$0(AppiumElementLocator.java:119)
	at io.appium.java_client.pagefactory.AppiumElementLocator$WaitingFunction.apply(AppiumElementLocator.java:171)
	at io.appium.java_client.pagefactory.AppiumElementLocator$WaitingFunction.apply(AppiumElementLocator.java:1)
	at org.openqa.selenium.support.ui.FluentWait.until(FluentWait.java:248)
	at io.appium.java_client.pagefactory.AppiumElementLocator.waitFor(AppiumElementLocator.java:98)
	at io.appium.java_client.pagefactory.AppiumElementLocator.findElement(AppiumElementLocator.java:118)
	at io.appium.java_client.pagefactory.interceptors.InterceptorOfASingleElement.intercept(InterceptorOfASingleElement.java:60)
	at io.appium.java_client.android.AndroidElement$$EnhancerByCGLIB$$b598166c.isDisplayed(<generated>)
	at com.uiFramework.myComp.myApp.helper.assertion.VerificationHelper.isDisplayed(VerificationHelper.java:22)
	at com.uiFramework.myComp.myApp.pageObject.ProductDetails.isProductDEtailsPageDisplayed(ProductDetails.java:38)
	at com.uiFramework.myComp.myApp.testBase.TestBaseRunner.scrollAndClick(TestBaseRunner.java:167)
	at sun.reflect.NativeMethodAccessorImpl.invoke0(Native Method)
	at sun.reflect.NativeMethodAccessorImpl.invoke(NativeMethodAccessorImpl.java:62)
	at sun.reflect.DelegatingMethodAccessorImpl.invoke(DelegatingMethodAccessorImpl.java:43)
	at java.lang.reflect.Method.invoke(Method.java:498)
	at org.testng.internal.MethodInvocationHelper.invokeMethod(MethodInvocationHelper.java:124)
	at org.testng.internal.Invoker.invokeMethod(Invoker.java:571)
	at org.testng.internal.Invoker.invokeTestMethod(Invoker.java:707)
	at org.testng.internal.Invoker.invokeTestMethods(Invoker.java:979)
	at org.testng.internal.TestMethodWorker.invokeTestMethods(TestMethodWorker.java:125)
	at org.testng.internal.TestMethodWorker.run(TestMethodWorker.java:109)
	at org.testng.TestRunner.privateRun(TestRunner.java:648)
	at org.testng.TestRunner.run(TestRunner.java:505)
	at org.testng.SuiteRunner.runTest(SuiteRunner.java:455)
	at org.testng.SuiteRunner.runSequentially(SuiteRunner.java:450)
	at org.testng.SuiteRunner.privateRun(SuiteRunner.java:415)
	at org.testng.SuiteRunner.run(SuiteRunner.java:364)
	at org.testng.SuiteRunnerWorker.runSuite(SuiteRunnerWorker.java:52)
	at org.testng.SuiteRunnerWorker.run(SuiteRunnerWorker.java:84)
	at org.testng.TestNG.runSuitesSequentially(TestNG.java:1187)
	at org.testng.TestNG.runSuitesLocally(TestNG.java:1116)
	at org.testng.TestNG.runSuites(TestNG.java:1028)
	at org.testng.TestNG.run(TestNG.java:996)
	at org.testng.remote.AbstractRemoteTestNG.run(AbstractRemoteTestNG.java:114)
	at org.testng.remote.RemoteTestNG.initAndRun(RemoteTestNG.java:251)
	at org.testng.remote.RemoteTestNG.main(RemoteTestNG.java:77)
Caused by: java.lang.ClassCastException: com.google.common.collect.Maps$TransformedEntriesMap cannot be cast to org.openqa.selenium.WebElement
	at org.openqa.selenium.remote.RemoteWebDriver.findElement(RemoteWebDriver.java:324)
	... 60 more
2018-08-11 00:08:899 ERROR TestBaseRunner:77 - scrollAndClick
2018-08-11 00:08:900 ERROR TestBaseRunner:78 - java.lang.AssertionError: expected [true] but found [false]
2018-08-11 00:08:46 INFO  TestBaseRunner:89 - **************scrollAndClickFinished***************
2018-08-11 01:08:229 INFO  TestBaseRunner:72 - enterSearchCriteria....test started...
2018-08-11 01:08:408 INFO  HomePage:68 - entering some text....65 inch tv
2018-08-11 01:08:410 INFO  TestBaseRunner:32 - WaitHelper object created..
2018-08-11 01:08:411 INFO  TestBaseRunner:42 - Implicit Wait has been set to: 10
2018-08-11 01:08:437 INFO  TestBaseRunner:32 - WaitHelper object created..
2018-08-11 01:08:439 INFO  TestBaseRunner:147 - waiting for page to load for : SECONDS seconds
2018-08-11 01:08:446 INFO  TestBaseRunner:149 - page is loaded
2018-08-11 01:08:619 INFO  VerificationHelper:23 - element is Displayed..65 inch tv
2018-08-11 01:08:295 INFO  ExcelHelper:102 - result updated..
2018-08-11 01:08:405 INFO  TestBaseRunner:86 - enterSearchCriteria is pass
2018-08-11 01:08:324 INFO  TestBaseRunner:92 - **************enterSearchCriteriaFinished***************
2018-08-11 01:08:325 INFO  TestBaseRunner:72 - scrollAndClick....test started...
2018-08-11 01:08:377 INFO  HomePage:78 - numbers of items on page3
2018-08-11 01:08:820 INFO  TestBaseRunner:168 - number of items3
2018-08-11 01:08:820 INFO  HomePage:68 - scroll and click on last item
2018-08-11 01:08:225 INFO  TestBaseRunner:32 - WaitHelper object created..
2018-08-11 01:08:226 INFO  TestBaseRunner:147 - waiting for page to load for : SECONDS seconds
2018-08-11 01:08:232 INFO  TestBaseRunner:149 - page is loaded
2018-08-11 01:08:679 ERROR VerificationHelper:28 - element is not Displayed..
org.openqa.selenium.WebDriverException: Returned value cannot be converted to WebElement: {stacktrace=NoSuchElementError: An element could not be located on the page using the given search parameters.
    at AndroidDriver.callee$0$0$ (/usr/local/lib/node_modules/appium/node_modules/appium-android-driver/lib/commands/find.js:69:13)
    at tryCatch (/usr/local/lib/node_modules/appium/node_modules/babel-runtime/regenerator/runtime.js:67:40)
    at GeneratorFunctionPrototype.invoke [as _invoke] (/usr/local/lib/node_modules/appium/node_modules/babel-runtime/regenerator/runtime.js:315:22)
    at GeneratorFunctionPrototype.prototype.(anonymous function) [as throw] (/usr/local/lib/node_modules/appium/node_modules/babel-runtime/regenerator/runtime.js:100:21)
    at GeneratorFunctionPrototype.invoke (/usr/local/lib/node_modules/appium/node_modules/babel-runtime/regenerator/runtime.js:136:37)
    at <anonymous>, error=no such element, message=An element could not be located on the page using the given search parameters.}
Build info: version: '3.11.0', revision: 'e59cfb3', time: '2018-03-11T20:26:55.152Z'
System info: host: 'Arnabs-MacBook-Pro.local', ip: 'fe80:0:0:0:866:56ef:d289:6b0c%en0', os.name: 'Mac OS X', os.arch: 'x86_64', os.version: '10.13.5', java.version: '1.8.0_171'
Driver info: driver.version: AndroidDriver
	at org.openqa.selenium.remote.RemoteWebDriver.findElement(RemoteWebDriver.java:326)
	at io.appium.java_client.DefaultGenericMobileDriver.findElement(DefaultGenericMobileDriver.java:62)
	at io.appium.java_client.AppiumDriver.findElement(AppiumDriver.java:1)
	at io.appium.java_client.android.AndroidDriver.findElement(AndroidDriver.java:1)
	at org.openqa.selenium.remote.RemoteWebDriver.findElementByXPath(RemoteWebDriver.java:421)
	at io.appium.java_client.DefaultGenericMobileDriver.findElementByXPath(DefaultGenericMobileDriver.java:152)
	at io.appium.java_client.AppiumDriver.findElementByXPath(AppiumDriver.java:1)
	at io.appium.java_client.android.AndroidDriver.findElementByXPath(AndroidDriver.java:1)
	at org.openqa.selenium.By$ByXPath.findElement(By.java:361)
	at org.openqa.selenium.remote.RemoteWebDriver.findElement(RemoteWebDriver.java:311)
	at io.appium.java_client.DefaultGenericMobileDriver.findElement(DefaultGenericMobileDriver.java:58)
	at io.appium.java_client.AppiumDriver.findElement(AppiumDriver.java:1)
	at io.appium.java_client.android.AndroidDriver.findElement(AndroidDriver.java:1)
	at io.appium.java_client.pagefactory.bys.builder.ByChained.lambda$0(ByChained.java:38)
	at org.openqa.selenium.support.ui.FluentWait.until(FluentWait.java:248)
	at io.appium.java_client.pagefactory.bys.builder.ByChained.findElement(ByChained.java:72)
	at org.openqa.selenium.remote.RemoteWebDriver.findElement(RemoteWebDriver.java:311)
	at io.appium.java_client.DefaultGenericMobileDriver.findElement(DefaultGenericMobileDriver.java:58)
	at io.appium.java_client.AppiumDriver.findElement(AppiumDriver.java:1)
	at io.appium.java_client.android.AndroidDriver.findElement(AndroidDriver.java:1)
	at io.appium.java_client.pagefactory.bys.ContentMappedBy.findElement(ContentMappedBy.java:50)
	at org.openqa.selenium.remote.RemoteWebDriver.findElement(RemoteWebDriver.java:311)
	at io.appium.java_client.DefaultGenericMobileDriver.findElement(DefaultGenericMobileDriver.java:58)
	at io.appium.java_client.AppiumDriver.findElement(AppiumDriver.java:1)
	at io.appium.java_client.android.AndroidDriver.findElement(AndroidDriver.java:1)
	at io.appium.java_client.pagefactory.AppiumElementLocator.lambda$0(AppiumElementLocator.java:119)
	at io.appium.java_client.pagefactory.AppiumElementLocator$WaitingFunction.apply(AppiumElementLocator.java:171)
	at io.appium.java_client.pagefactory.AppiumElementLocator$WaitingFunction.apply(AppiumElementLocator.java:1)
	at org.openqa.selenium.support.ui.FluentWait.until(FluentWait.java:248)
	at io.appium.java_client.pagefactory.AppiumElementLocator.waitFor(AppiumElementLocator.java:98)
	at io.appium.java_client.pagefactory.AppiumElementLocator.findElement(AppiumElementLocator.java:118)
	at io.appium.java_client.pagefactory.interceptors.InterceptorOfASingleElement.intercept(InterceptorOfASingleElement.java:60)
	at io.appium.java_client.android.AndroidElement$$EnhancerByCGLIB$$b598166c.isDisplayed(<generated>)
	at com.uiFramework.myComp.myApp.helper.assertion.VerificationHelper.isDisplayed(VerificationHelper.java:22)
	at com.uiFramework.myComp.myApp.pageObject.ProductDetails.isProductDEtailsPageDisplayed(ProductDetails.java:38)
	at com.uiFramework.myComp.myApp.testBase.TestBaseRunner.scrollAndClick(TestBaseRunner.java:170)
	at sun.reflect.NativeMethodAccessorImpl.invoke0(Native Method)
	at sun.reflect.NativeMethodAccessorImpl.invoke(NativeMethodAccessorImpl.java:62)
	at sun.reflect.DelegatingMethodAccessorImpl.invoke(DelegatingMethodAccessorImpl.java:43)
	at java.lang.reflect.Method.invoke(Method.java:498)
	at org.testng.internal.MethodInvocationHelper.invokeMethod(MethodInvocationHelper.java:124)
	at org.testng.internal.Invoker.invokeMethod(Invoker.java:571)
	at org.testng.internal.Invoker.invokeTestMethod(Invoker.java:707)
	at org.testng.internal.Invoker.invokeTestMethods(Invoker.java:979)
	at org.testng.internal.TestMethodWorker.invokeTestMethods(TestMethodWorker.java:125)
	at org.testng.internal.TestMethodWorker.run(TestMethodWorker.java:109)
	at org.testng.TestRunner.privateRun(TestRunner.java:648)
	at org.testng.TestRunner.run(TestRunner.java:505)
	at org.testng.SuiteRunner.runTest(SuiteRunner.java:455)
	at org.testng.SuiteRunner.runSequentially(SuiteRunner.java:450)
	at org.testng.SuiteRunner.privateRun(SuiteRunner.java:415)
	at org.testng.SuiteRunner.run(SuiteRunner.java:364)
	at org.testng.SuiteRunnerWorker.runSuite(SuiteRunnerWorker.java:52)
	at org.testng.SuiteRunnerWorker.run(SuiteRunnerWorker.java:84)
	at org.testng.TestNG.runSuitesSequentially(TestNG.java:1187)
	at org.testng.TestNG.runSuitesLocally(TestNG.java:1116)
	at org.testng.TestNG.runSuites(TestNG.java:1028)
	at org.testng.TestNG.run(TestNG.java:996)
	at org.testng.remote.AbstractRemoteTestNG.run(AbstractRemoteTestNG.java:114)
	at org.testng.remote.RemoteTestNG.initAndRun(RemoteTestNG.java:251)
	at org.testng.remote.RemoteTestNG.main(RemoteTestNG.java:77)
Caused by: java.lang.ClassCastException: com.google.common.collect.Maps$TransformedEntriesMap cannot be cast to org.openqa.selenium.WebElement
	at org.openqa.selenium.remote.RemoteWebDriver.findElement(RemoteWebDriver.java:324)
	... 60 more
2018-08-11 01:08:684 ERROR TestBaseRunner:80 - scrollAndClick
2018-08-11 01:08:685 ERROR TestBaseRunner:81 - java.lang.AssertionError: expected [true] but found [false]
2018-08-11 01:08:816 INFO  TestBaseRunner:92 - **************scrollAndClickFinished***************
2018-08-11 01:08:316 INFO  TestBaseRunner:72 - enterSearchCriteria....test started...
2018-08-11 01:08:494 INFO  HomePage:68 - entering some text....65 inch tv
2018-08-11 01:08:497 INFO  TestBaseRunner:32 - WaitHelper object created..
2018-08-11 01:08:497 INFO  TestBaseRunner:42 - Implicit Wait has been set to: 10
2018-08-11 01:08:843 INFO  TestBaseRunner:32 - WaitHelper object created..
2018-08-11 01:08:845 INFO  TestBaseRunner:147 - waiting for page to load for : SECONDS seconds
2018-08-11 01:08:852 INFO  TestBaseRunner:149 - page is loaded
2018-08-11 01:08:652 INFO  VerificationHelper:23 - element is Displayed..65 inch tv
2018-08-11 01:08:318 INFO  ExcelHelper:102 - result updated..
2018-08-11 01:08:430 INFO  TestBaseRunner:86 - enterSearchCriteria is pass
2018-08-11 01:08:385 INFO  TestBaseRunner:92 - **************enterSearchCriteriaFinished***************
2018-08-11 01:08:704 INFO  TestBaseRunner:72 - enterSearchCriteria....test started...
2018-08-11 01:08:896 INFO  HomePage:68 - entering some text....65 inch tv
2018-08-11 01:08:900 INFO  TestBaseRunner:32 - WaitHelper object created..
2018-08-11 01:08:901 INFO  TestBaseRunner:42 - Implicit Wait has been set to: 10
2018-08-11 01:08:281 INFO  TestBaseRunner:32 - WaitHelper object created..
2018-08-11 01:08:283 INFO  TestBaseRunner:147 - waiting for page to load for : SECONDS seconds
2018-08-11 01:08:289 INFO  TestBaseRunner:149 - page is loaded
2018-08-11 01:08:283 INFO  VerificationHelper:23 - element is Displayed..65 inch tv
2018-08-11 01:08:997 INFO  ExcelHelper:102 - result updated..
2018-08-11 01:08:107 INFO  TestBaseRunner:86 - enterSearchCriteria is pass
2018-08-11 01:08:144 INFO  TestBaseRunner:92 - **************enterSearchCriteriaFinished***************
2018-08-11 01:08:487 INFO  TestBaseRunner:72 - enterSearchCriteria....test started...
2018-08-11 01:08:963 INFO  HomePage:68 - entering some text....65 inch tv
2018-08-11 01:08:966 INFO  TestBaseRunner:32 - WaitHelper object created..
2018-08-11 01:08:967 INFO  TestBaseRunner:42 - Implicit Wait has been set to: 10
2018-08-11 01:08:800 INFO  TestBaseRunner:32 - WaitHelper object created..
2018-08-11 01:08:802 INFO  TestBaseRunner:147 - waiting for page to load for : SECONDS seconds
2018-08-11 01:08:815 INFO  TestBaseRunner:149 - page is loaded
2018-08-11 01:08:702 INFO  VerificationHelper:23 - element is Displayed..65 inch tv
2018-08-11 01:08:471 INFO  ExcelHelper:102 - result updated..
2018-08-11 01:08:571 INFO  TestBaseRunner:86 - enterSearchCriteria is pass
2018-08-11 01:08:571 INFO  TestBaseRunner:92 - **************enterSearchCriteriaFinished***************
2018-08-11 01:08:572 INFO  TestBaseRunner:72 - clickSelectedItemAndCompare....test started...
2018-08-11 01:08:490 INFO  HomePage:78 - numbers of items on page3
2018-08-11 01:08:268 INFO  ProductDetailsTest:27 - number of items3
2018-08-11 01:08:620 INFO  ProductDetailsTest:30 - text of items on product pageMX Heavy Duty LCD LED TV Plasma Wall Mount Stand 32 to 65" inch Bracket -MX 3681
2018-08-11 01:08:621 INFO  ProductDetailsTest:31 - price of items on product page699
2018-08-11 01:08:09 INFO  TestBaseRunner:32 - WaitHelper object created..
2018-08-11 01:08:22 INFO  TestBaseRunner:159 - waiting for :Located by By.chained({By.id: com.ebay.mobile:id/textview_item_price}) for :15 seconds
2018-08-11 01:08:98 ERROR TestBaseRunner:80 - clickSelectedItemAndCompare
2018-08-11 01:08:99 ERROR TestBaseRunner:81 - org.openqa.selenium.WebDriverException: org.openqa.selenium.WebDriverException: Returned value cannot be converted to WebElement: {stacktrace=NoSuchElementError: An element could not be located on the page using the given search parameters.
    at AndroidDriver.callee$0$0$ (/usr/local/lib/node_modules/appium/node_modules/appium-android-driver/lib/commands/find.js:69:13)
    at tryCatch (/usr/local/lib/node_modules/appium/node_modules/babel-runtime/regenerator/runtime.js:67:40)
    at GeneratorFunctionPrototype.invoke [as _invoke] (/usr/local/lib/node_modules/appium/node_modules/babel-runtime/regenerator/runtime.js:315:22)
    at GeneratorFunctionPrototype.prototype.(anonymous function) [as throw] (/usr/local/lib/node_modules/appium/node_modules/babel-runtime/regenerator/runtime.js:100:21)
    at GeneratorFunctionPrototype.invoke (/usr/local/lib/node_modules/appium/node_modules/babel-runtime/regenerator/runtime.js:136:37)
    at <anonymous>, error=no such element, message=An element could not be located on the page using the given search parameters.}
Build info: version: '3.11.0', revision: 'e59cfb3', time: '2018-03-11T20:26:55.152Z'
System info: host: 'Arnabs-MacBook-Pro.local', ip: 'fe80:0:0:0:866:56ef:d289:6b0c%en0', os.name: 'Mac OS X', os.arch: 'x86_64', os.version: '10.13.5', java.version: '1.8.0_171'
Driver info: driver.version: AndroidDriver
2018-08-11 01:08:91 INFO  TestBaseRunner:92 - **************clickSelectedItemAndCompareFinished***************
2018-08-11 01:08:934 INFO  TestBaseRunner:72 - enterSearchCriteria....test started...
2018-08-11 01:08:150 INFO  HomePage:68 - entering some text....65 inch tv
2018-08-11 01:08:152 INFO  TestBaseRunner:32 - WaitHelper object created..
2018-08-11 01:08:152 INFO  TestBaseRunner:42 - Implicit Wait has been set to: 10
2018-08-11 01:08:599 INFO  TestBaseRunner:32 - WaitHelper object created..
2018-08-11 01:08:601 INFO  TestBaseRunner:147 - waiting for page to load for : SECONDS seconds
2018-08-11 01:08:608 INFO  TestBaseRunner:149 - page is loaded
2018-08-11 01:08:517 INFO  VerificationHelper:23 - element is Displayed..65 inch tv
2018-08-11 01:08:235 INFO  ExcelHelper:102 - result updated..
2018-08-11 01:08:341 INFO  TestBaseRunner:86 - enterSearchCriteria is pass
2018-08-11 01:08:263 INFO  TestBaseRunner:92 - **************enterSearchCriteriaFinished***************
2018-08-11 01:08:269 INFO  TestBaseRunner:72 - clickSelectedItemAndCompare....test started...
2018-08-11 01:08:285 INFO  HomePage:78 - numbers of items on page3
2018-08-11 01:08:44 INFO  TestBaseRunner:135 - number of items3
2018-08-11 01:08:498 INFO  TestBaseRunner:138 - text of itemsMX Heavy Duty LCD LED TV Plasma Wall Mount Stand 32 to 65" inch Bracket -MX 3681
2018-08-11 01:08:498 INFO  TestBaseRunner:139 - price of items699
2018-08-11 01:08:866 INFO  TestBaseRunner:32 - WaitHelper object created..
2018-08-11 01:08:880 INFO  TestBaseRunner:159 - waiting for :Located by By.chained({By.id: com.ebay.mobile:id/textview_item_price}) for :15 seconds
2018-08-11 01:08:344 INFO  TestBaseRunner:162 - element is visible now
2018-08-11 01:08:657 INFO  TestBaseRunner:144 - text of itemsMX Heavy Duty LCD LED TV Plasma Wall Mount Stand 32 to 65" inch Bracket -MX 3681
2018-08-11 01:08:658 INFO  TestBaseRunner:145 - price of items699
2018-08-11 01:08:658 INFO  AssertionHelper:24 - making script PASS..matching
2018-08-11 01:08:112 INFO  VerificationHelper:23 - element is Displayed..About this item
2018-08-11 01:08:150 INFO  ExcelHelper:102 - result updated..
2018-08-11 01:08:185 INFO  TestBaseRunner:86 - clickSelectedItemAndCompare is pass
2018-08-11 01:08:167 INFO  TestBaseRunner:92 - **************clickSelectedItemAndCompareFinished***************
2018-08-11 08:08:518 INFO  TestBaseRunner:72 - enterSearchCriteria....test started...
2018-08-11 08:08:693 INFO  HomePage:68 - entering some text....65 inch tv
2018-08-11 08:08:695 INFO  TestBaseRunner:32 - WaitHelper object created..
2018-08-11 08:08:695 INFO  TestBaseRunner:42 - Implicit Wait has been set to: 10
2018-08-11 08:08:711 INFO  TestBaseRunner:32 - WaitHelper object created..
2018-08-11 08:08:711 INFO  TestBaseRunner:147 - waiting for page to load for : SECONDS seconds
2018-08-11 08:08:718 INFO  TestBaseRunner:149 - page is loaded
2018-08-11 08:08:574 INFO  VerificationHelper:23 - element is Displayed..65 inch tv
2018-08-11 08:08:228 INFO  ExcelHelper:102 - result updated..
2018-08-11 08:08:336 INFO  TestBaseRunner:86 - enterSearchCriteria is pass
2018-08-11 08:08:360 INFO  TestBaseRunner:92 - **************enterSearchCriteriaFinished***************
2018-08-11 08:08:362 INFO  TestBaseRunner:72 - scrollAndClick....test started...
2018-08-11 08:08:737 INFO  HomePage:78 - numbers of items on page3
2018-08-11 08:08:168 INFO  ProductPageTest:42 - number of items3
2018-08-11 08:08:169 INFO  HomePage:68 - scroll and click on last item
2018-08-11 08:08:908 INFO  TestBaseRunner:32 - WaitHelper object created..
2018-08-11 08:08:909 INFO  TestBaseRunner:147 - waiting for page to load for : SECONDS seconds
2018-08-11 08:08:916 INFO  TestBaseRunner:149 - page is loaded
2018-08-11 08:08:426 ERROR VerificationHelper:28 - element is not Displayed..
org.openqa.selenium.WebDriverException: Returned value cannot be converted to WebElement: {stacktrace=NoSuchElementError: An element could not be located on the page using the given search parameters.
    at AndroidDriver.callee$0$0$ (/usr/local/lib/node_modules/appium/node_modules/appium-android-driver/lib/commands/find.js:69:13)
    at tryCatch (/usr/local/lib/node_modules/appium/node_modules/babel-runtime/regenerator/runtime.js:67:40)
    at GeneratorFunctionPrototype.invoke [as _invoke] (/usr/local/lib/node_modules/appium/node_modules/babel-runtime/regenerator/runtime.js:315:22)
    at GeneratorFunctionPrototype.prototype.(anonymous function) [as throw] (/usr/local/lib/node_modules/appium/node_modules/babel-runtime/regenerator/runtime.js:100:21)
    at GeneratorFunctionPrototype.invoke (/usr/local/lib/node_modules/appium/node_modules/babel-runtime/regenerator/runtime.js:136:37)
    at <anonymous>, error=no such element, message=An element could not be located on the page using the given search parameters.}
Build info: version: '3.11.0', revision: 'e59cfb3', time: '2018-03-11T20:26:55.152Z'
System info: host: 'Arnabs-MacBook-Pro.local', ip: 'fe80:0:0:0:866:56ef:d289:6b0c%en0', os.name: 'Mac OS X', os.arch: 'x86_64', os.version: '10.13.5', java.version: '1.8.0_171'
Driver info: driver.version: AndroidDriver
	at org.openqa.selenium.remote.RemoteWebDriver.findElement(RemoteWebDriver.java:326)
	at io.appium.java_client.DefaultGenericMobileDriver.findElement(DefaultGenericMobileDriver.java:62)
	at io.appium.java_client.AppiumDriver.findElement(AppiumDriver.java:1)
	at io.appium.java_client.android.AndroidDriver.findElement(AndroidDriver.java:1)
	at org.openqa.selenium.remote.RemoteWebDriver.findElementByXPath(RemoteWebDriver.java:421)
	at io.appium.java_client.DefaultGenericMobileDriver.findElementByXPath(DefaultGenericMobileDriver.java:152)
	at io.appium.java_client.AppiumDriver.findElementByXPath(AppiumDriver.java:1)
	at io.appium.java_client.android.AndroidDriver.findElementByXPath(AndroidDriver.java:1)
	at org.openqa.selenium.By$ByXPath.findElement(By.java:361)
	at org.openqa.selenium.remote.RemoteWebDriver.findElement(RemoteWebDriver.java:311)
	at io.appium.java_client.DefaultGenericMobileDriver.findElement(DefaultGenericMobileDriver.java:58)
	at io.appium.java_client.AppiumDriver.findElement(AppiumDriver.java:1)
	at io.appium.java_client.android.AndroidDriver.findElement(AndroidDriver.java:1)
	at io.appium.java_client.pagefactory.bys.builder.ByChained.lambda$0(ByChained.java:38)
	at org.openqa.selenium.support.ui.FluentWait.until(FluentWait.java:248)
	at io.appium.java_client.pagefactory.bys.builder.ByChained.findElement(ByChained.java:72)
	at org.openqa.selenium.remote.RemoteWebDriver.findElement(RemoteWebDriver.java:311)
	at io.appium.java_client.DefaultGenericMobileDriver.findElement(DefaultGenericMobileDriver.java:58)
	at io.appium.java_client.AppiumDriver.findElement(AppiumDriver.java:1)
	at io.appium.java_client.android.AndroidDriver.findElement(AndroidDriver.java:1)
	at io.appium.java_client.pagefactory.bys.ContentMappedBy.findElement(ContentMappedBy.java:50)
	at org.openqa.selenium.remote.RemoteWebDriver.findElement(RemoteWebDriver.java:311)
	at io.appium.java_client.DefaultGenericMobileDriver.findElement(DefaultGenericMobileDriver.java:58)
	at io.appium.java_client.AppiumDriver.findElement(AppiumDriver.java:1)
	at io.appium.java_client.android.AndroidDriver.findElement(AndroidDriver.java:1)
	at io.appium.java_client.pagefactory.AppiumElementLocator.lambda$0(AppiumElementLocator.java:119)
	at io.appium.java_client.pagefactory.AppiumElementLocator$WaitingFunction.apply(AppiumElementLocator.java:171)
	at io.appium.java_client.pagefactory.AppiumElementLocator$WaitingFunction.apply(AppiumElementLocator.java:1)
	at org.openqa.selenium.support.ui.FluentWait.until(FluentWait.java:248)
	at io.appium.java_client.pagefactory.AppiumElementLocator.waitFor(AppiumElementLocator.java:98)
	at io.appium.java_client.pagefactory.AppiumElementLocator.findElement(AppiumElementLocator.java:118)
	at io.appium.java_client.pagefactory.interceptors.InterceptorOfASingleElement.intercept(InterceptorOfASingleElement.java:60)
	at io.appium.java_client.android.AndroidElement$$EnhancerByCGLIB$$b598166c.isDisplayed(<generated>)
	at com.uiFramework.myComp.myApp.helper.assertion.VerificationHelper.isDisplayed(VerificationHelper.java:22)
	at com.uiFramework.myComp.myApp.pageObject.ProductDetails.isProductDEtailsPageDisplayed(ProductDetails.java:38)
	at com.uiFramework.myComp.myApp.testScripts.ProductPageTest.scrollAndClick(ProductPageTest.java:44)
	at sun.reflect.NativeMethodAccessorImpl.invoke0(Native Method)
	at sun.reflect.NativeMethodAccessorImpl.invoke(NativeMethodAccessorImpl.java:62)
	at sun.reflect.DelegatingMethodAccessorImpl.invoke(DelegatingMethodAccessorImpl.java:43)
	at java.lang.reflect.Method.invoke(Method.java:498)
	at org.testng.internal.MethodInvocationHelper.invokeMethod(MethodInvocationHelper.java:124)
	at org.testng.internal.Invoker.invokeMethod(Invoker.java:571)
	at org.testng.internal.Invoker.invokeTestMethod(Invoker.java:707)
	at org.testng.internal.Invoker.invokeTestMethods(Invoker.java:979)
	at org.testng.internal.TestMethodWorker.invokeTestMethods(TestMethodWorker.java:125)
	at org.testng.internal.TestMethodWorker.run(TestMethodWorker.java:109)
	at org.testng.TestRunner.privateRun(TestRunner.java:648)
	at org.testng.TestRunner.run(TestRunner.java:505)
	at org.testng.SuiteRunner.runTest(SuiteRunner.java:455)
	at org.testng.SuiteRunner.runSequentially(SuiteRunner.java:450)
	at org.testng.SuiteRunner.privateRun(SuiteRunner.java:415)
	at org.testng.SuiteRunner.run(SuiteRunner.java:364)
	at org.testng.SuiteRunnerWorker.runSuite(SuiteRunnerWorker.java:52)
	at org.testng.SuiteRunnerWorker.run(SuiteRunnerWorker.java:84)
	at org.testng.TestNG.runSuitesSequentially(TestNG.java:1187)
	at org.testng.TestNG.runSuitesLocally(TestNG.java:1116)
	at org.testng.TestNG.runSuites(TestNG.java:1028)
	at org.testng.TestNG.run(TestNG.java:996)
	at org.testng.remote.AbstractRemoteTestNG.run(AbstractRemoteTestNG.java:114)
	at org.testng.remote.RemoteTestNG.initAndRun(RemoteTestNG.java:251)
	at org.testng.remote.RemoteTestNG.main(RemoteTestNG.java:77)
Caused by: java.lang.ClassCastException: com.google.common.collect.Maps$TransformedEntriesMap cannot be cast to org.openqa.selenium.WebElement
	at org.openqa.selenium.remote.RemoteWebDriver.findElement(RemoteWebDriver.java:324)
	... 60 more
2018-08-11 08:08:433 ERROR TestBaseRunner:80 - scrollAndClick
2018-08-11 08:08:434 ERROR TestBaseRunner:81 - java.lang.AssertionError: expected [true] but found [false]
2018-08-11 08:08:493 INFO  TestBaseRunner:92 - **************scrollAndClickFinished***************
2018-08-11 08:08:445 INFO  TestBaseRunner:72 - enterSearchCriteria....test started...
2018-08-11 08:08:608 INFO  HomePage:68 - entering some text....65 inch tv
2018-08-11 08:08:610 INFO  TestBaseRunner:32 - WaitHelper object created..
2018-08-11 08:08:610 INFO  TestBaseRunner:42 - Implicit Wait has been set to: 10
2018-08-11 08:08:830 INFO  TestBaseRunner:32 - WaitHelper object created..
2018-08-11 08:08:830 INFO  TestBaseRunner:147 - waiting for page to load for : SECONDS seconds
2018-08-11 08:08:837 INFO  TestBaseRunner:149 - page is loaded
2018-08-11 08:08:645 INFO  VerificationHelper:23 - element is Displayed..65 inch tv
2018-08-11 08:08:171 INFO  ExcelHelper:102 - result updated..
2018-08-11 08:08:276 INFO  TestBaseRunner:86 - enterSearchCriteria is pass
2018-08-11 08:08:233 INFO  TestBaseRunner:92 - **************enterSearchCriteriaFinished***************
2018-08-11 08:08:234 INFO  TestBaseRunner:72 - scrollAndClick....test started...
2018-08-11 08:08:426 INFO  HomePage:78 - numbers of items on page3
2018-08-11 08:08:549 INFO  TestBaseRunner:168 - number of items3
2018-08-11 08:08:549 INFO  HomePage:68 - scroll and click on last item
2018-08-11 08:08:973 INFO  TestBaseRunner:32 - WaitHelper object created..
2018-08-11 08:08:975 INFO  TestBaseRunner:147 - waiting for page to load for : SECONDS seconds
2018-08-11 08:08:981 INFO  TestBaseRunner:149 - page is loaded
2018-08-11 08:08:441 ERROR VerificationHelper:28 - element is not Displayed..
org.openqa.selenium.WebDriverException: Returned value cannot be converted to WebElement: {stacktrace=NoSuchElementError: An element could not be located on the page using the given search parameters.
    at AndroidDriver.callee$0$0$ (/usr/local/lib/node_modules/appium/node_modules/appium-android-driver/lib/commands/find.js:69:13)
    at tryCatch (/usr/local/lib/node_modules/appium/node_modules/babel-runtime/regenerator/runtime.js:67:40)
    at GeneratorFunctionPrototype.invoke [as _invoke] (/usr/local/lib/node_modules/appium/node_modules/babel-runtime/regenerator/runtime.js:315:22)
    at GeneratorFunctionPrototype.prototype.(anonymous function) [as throw] (/usr/local/lib/node_modules/appium/node_modules/babel-runtime/regenerator/runtime.js:100:21)
    at GeneratorFunctionPrototype.invoke (/usr/local/lib/node_modules/appium/node_modules/babel-runtime/regenerator/runtime.js:136:37)
    at <anonymous>, error=no such element, message=An element could not be located on the page using the given search parameters.}
Build info: version: '3.11.0', revision: 'e59cfb3', time: '2018-03-11T20:26:55.152Z'
System info: host: 'Arnabs-MacBook-Pro.local', ip: 'fe80:0:0:0:866:56ef:d289:6b0c%en0', os.name: 'Mac OS X', os.arch: 'x86_64', os.version: '10.13.5', java.version: '1.8.0_171'
Driver info: driver.version: AndroidDriver
	at org.openqa.selenium.remote.RemoteWebDriver.findElement(RemoteWebDriver.java:326)
	at io.appium.java_client.DefaultGenericMobileDriver.findElement(DefaultGenericMobileDriver.java:62)
	at io.appium.java_client.AppiumDriver.findElement(AppiumDriver.java:1)
	at io.appium.java_client.android.AndroidDriver.findElement(AndroidDriver.java:1)
	at org.openqa.selenium.remote.RemoteWebDriver.findElementByXPath(RemoteWebDriver.java:421)
	at io.appium.java_client.DefaultGenericMobileDriver.findElementByXPath(DefaultGenericMobileDriver.java:152)
	at io.appium.java_client.AppiumDriver.findElementByXPath(AppiumDriver.java:1)
	at io.appium.java_client.android.AndroidDriver.findElementByXPath(AndroidDriver.java:1)
	at org.openqa.selenium.By$ByXPath.findElement(By.java:361)
	at org.openqa.selenium.remote.RemoteWebDriver.findElement(RemoteWebDriver.java:311)
	at io.appium.java_client.DefaultGenericMobileDriver.findElement(DefaultGenericMobileDriver.java:58)
	at io.appium.java_client.AppiumDriver.findElement(AppiumDriver.java:1)
	at io.appium.java_client.android.AndroidDriver.findElement(AndroidDriver.java:1)
	at io.appium.java_client.pagefactory.bys.builder.ByChained.lambda$0(ByChained.java:38)
	at org.openqa.selenium.support.ui.FluentWait.until(FluentWait.java:248)
	at io.appium.java_client.pagefactory.bys.builder.ByChained.findElement(ByChained.java:72)
	at org.openqa.selenium.remote.RemoteWebDriver.findElement(RemoteWebDriver.java:311)
	at io.appium.java_client.DefaultGenericMobileDriver.findElement(DefaultGenericMobileDriver.java:58)
	at io.appium.java_client.AppiumDriver.findElement(AppiumDriver.java:1)
	at io.appium.java_client.android.AndroidDriver.findElement(AndroidDriver.java:1)
	at io.appium.java_client.pagefactory.bys.ContentMappedBy.findElement(ContentMappedBy.java:50)
	at org.openqa.selenium.remote.RemoteWebDriver.findElement(RemoteWebDriver.java:311)
	at io.appium.java_client.DefaultGenericMobileDriver.findElement(DefaultGenericMobileDriver.java:58)
	at io.appium.java_client.AppiumDriver.findElement(AppiumDriver.java:1)
	at io.appium.java_client.android.AndroidDriver.findElement(AndroidDriver.java:1)
	at io.appium.java_client.pagefactory.AppiumElementLocator.lambda$0(AppiumElementLocator.java:119)
	at io.appium.java_client.pagefactory.AppiumElementLocator$WaitingFunction.apply(AppiumElementLocator.java:171)
	at io.appium.java_client.pagefactory.AppiumElementLocator$WaitingFunction.apply(AppiumElementLocator.java:1)
	at org.openqa.selenium.support.ui.FluentWait.until(FluentWait.java:248)
	at io.appium.java_client.pagefactory.AppiumElementLocator.waitFor(AppiumElementLocator.java:98)
	at io.appium.java_client.pagefactory.AppiumElementLocator.findElement(AppiumElementLocator.java:118)
	at io.appium.java_client.pagefactory.interceptors.InterceptorOfASingleElement.intercept(InterceptorOfASingleElement.java:60)
	at io.appium.java_client.android.AndroidElement$$EnhancerByCGLIB$$b598166c.isDisplayed(<generated>)
	at com.uiFramework.myComp.myApp.helper.assertion.VerificationHelper.isDisplayed(VerificationHelper.java:22)
	at com.uiFramework.myComp.myApp.pageObject.ProductDetails.isProductDEtailsPageDisplayed(ProductDetails.java:38)
	at com.uiFramework.myComp.myApp.testBase.TestBaseRunner.scrollAndClick(TestBaseRunner.java:170)
	at sun.reflect.NativeMethodAccessorImpl.invoke0(Native Method)
	at sun.reflect.NativeMethodAccessorImpl.invoke(NativeMethodAccessorImpl.java:62)
	at sun.reflect.DelegatingMethodAccessorImpl.invoke(DelegatingMethodAccessorImpl.java:43)
	at java.lang.reflect.Method.invoke(Method.java:498)
	at org.testng.internal.MethodInvocationHelper.invokeMethod(MethodInvocationHelper.java:124)
	at org.testng.internal.Invoker.invokeMethod(Invoker.java:571)
	at org.testng.internal.Invoker.invokeTestMethod(Invoker.java:707)
	at org.testng.internal.Invoker.invokeTestMethods(Invoker.java:979)
	at org.testng.internal.TestMethodWorker.invokeTestMethods(TestMethodWorker.java:125)
	at org.testng.internal.TestMethodWorker.run(TestMethodWorker.java:109)
	at org.testng.TestRunner.privateRun(TestRunner.java:648)
	at org.testng.TestRunner.run(TestRunner.java:505)
	at org.testng.SuiteRunner.runTest(SuiteRunner.java:455)
	at org.testng.SuiteRunner.runSequentially(SuiteRunner.java:450)
	at org.testng.SuiteRunner.privateRun(SuiteRunner.java:415)
	at org.testng.SuiteRunner.run(SuiteRunner.java:364)
	at org.testng.SuiteRunnerWorker.runSuite(SuiteRunnerWorker.java:52)
	at org.testng.SuiteRunnerWorker.run(SuiteRunnerWorker.java:84)
	at org.testng.TestNG.runSuitesSequentially(TestNG.java:1187)
	at org.testng.TestNG.runSuitesLocally(TestNG.java:1116)
	at org.testng.TestNG.runSuites(TestNG.java:1028)
	at org.testng.TestNG.run(TestNG.java:996)
	at org.testng.remote.AbstractRemoteTestNG.run(AbstractRemoteTestNG.java:114)
	at org.testng.remote.RemoteTestNG.initAndRun(RemoteTestNG.java:251)
	at org.testng.remote.RemoteTestNG.main(RemoteTestNG.java:77)
Caused by: java.lang.ClassCastException: com.google.common.collect.Maps$TransformedEntriesMap cannot be cast to org.openqa.selenium.WebElement
	at org.openqa.selenium.remote.RemoteWebDriver.findElement(RemoteWebDriver.java:324)
	... 60 more
2018-08-11 08:08:453 ERROR TestBaseRunner:80 - scrollAndClick
2018-08-11 08:08:460 ERROR TestBaseRunner:81 - java.lang.AssertionError: expected [true] but found [false]
2018-08-11 08:08:617 INFO  TestBaseRunner:92 - **************scrollAndClickFinished***************
2018-08-11 08:08:77 INFO  TestBaseRunner:72 - enterSearchCriteria....test started...
2018-08-11 08:08:245 INFO  HomePage:68 - entering some text....65 inch tv
2018-08-11 08:08:247 INFO  TestBaseRunner:32 - WaitHelper object created..
2018-08-11 08:08:247 INFO  TestBaseRunner:42 - Implicit Wait has been set to: 10
2018-08-11 08:08:679 INFO  TestBaseRunner:32 - WaitHelper object created..
2018-08-11 08:08:680 INFO  TestBaseRunner:147 - waiting for page to load for : SECONDS seconds
2018-08-11 08:08:687 INFO  TestBaseRunner:149 - page is loaded
2018-08-11 08:08:461 INFO  VerificationHelper:23 - element is Displayed..65 inch tv
2018-08-11 08:08:10 INFO  ExcelHelper:102 - result updated..
2018-08-11 08:08:107 INFO  TestBaseRunner:86 - enterSearchCriteria is pass
2018-08-11 08:08:66 INFO  TestBaseRunner:92 - **************enterSearchCriteriaFinished***************
2018-08-11 08:08:67 INFO  TestBaseRunner:72 - scrollAndClick....test started...
2018-08-11 08:08:306 INFO  HomePage:78 - numbers of items on page3
2018-08-11 08:08:559 INFO  TestBaseRunner:168 - number of items3
2018-08-11 08:08:559 INFO  HomePage:68 - scroll and click on last item
2018-08-11 08:08:322 INFO  VerificationHelper:23 - element is Displayed..About this item
2018-08-11 08:08:358 INFO  ExcelHelper:102 - result updated..
2018-08-11 08:08:392 INFO  TestBaseRunner:86 - scrollAndClick is pass
2018-08-11 08:08:343 INFO  TestBaseRunner:92 - **************scrollAndClickFinished***************
2018-08-11 08:08:345 INFO  TestBaseRunner:72 - scrollAndClick....test started...
2018-08-11 08:08:694 INFO  HomePage:78 - numbers of items on page0
2018-08-11 08:08:380 INFO  ProductPageTest:42 - number of items0
2018-08-11 08:08:381 INFO  HomePage:68 - scroll and click on last item
2018-08-11 08:08:305 ERROR TestBaseRunner:80 - scrollAndClick
2018-08-11 08:08:305 ERROR TestBaseRunner:81 - org.openqa.selenium.WebDriverException: org.openqa.selenium.WebDriverException: Returned value cannot be converted to WebElement: {stacktrace=NoSuchElementError: An element could not be located on the page using the given search parameters.
    at AndroidDriver.callee$0$0$ (/usr/local/lib/node_modules/appium/node_modules/appium-android-driver/lib/commands/find.js:69:13)
    at tryCatch (/usr/local/lib/node_modules/appium/node_modules/babel-runtime/regenerator/runtime.js:67:40)
    at GeneratorFunctionPrototype.invoke [as _invoke] (/usr/local/lib/node_modules/appium/node_modules/babel-runtime/regenerator/runtime.js:315:22)
    at GeneratorFunctionPrototype.prototype.(anonymous function) [as throw] (/usr/local/lib/node_modules/appium/node_modules/babel-runtime/regenerator/runtime.js:100:21)
    at GeneratorFunctionPrototype.invoke (/usr/local/lib/node_modules/appium/node_modules/babel-runtime/regenerator/runtime.js:136:37)
    at <anonymous>, error=no such element, message=An element could not be located on the page using the given search parameters.}
Build info: version: '3.11.0', revision: 'e59cfb3', time: '2018-03-11T20:26:55.152Z'
System info: host: 'Arnabs-MacBook-Pro.local', ip: 'fe80:0:0:0:866:56ef:d289:6b0c%en0', os.name: 'Mac OS X', os.arch: 'x86_64', os.version: '10.13.5', java.version: '1.8.0_171'
Driver info: driver.version: AndroidDriver
2018-08-11 08:08:189 INFO  TestBaseRunner:92 - **************scrollAndClickFinished***************
2018-08-11 08:08:736 INFO  TestBaseRunner:72 - enterSearchCriteria....test started...
2018-08-11 08:08:894 INFO  HomePage:68 - entering some text....65 inch tv
2018-08-11 08:08:895 INFO  TestBaseRunner:32 - WaitHelper object created..
2018-08-11 08:08:896 INFO  TestBaseRunner:42 - Implicit Wait has been set to: 10
2018-08-11 08:08:890 INFO  TestBaseRunner:32 - WaitHelper object created..
2018-08-11 08:08:893 INFO  TestBaseRunner:147 - waiting for page to load for : SECONDS seconds
2018-08-11 08:08:899 INFO  TestBaseRunner:149 - page is loaded
2018-08-11 08:08:818 INFO  VerificationHelper:23 - element is Displayed..65 inch tv
2018-08-11 08:08:312 INFO  ExcelHelper:102 - result updated..
2018-08-11 08:08:430 INFO  TestBaseRunner:86 - enterSearchCriteria is pass
2018-08-11 08:08:288 INFO  TestBaseRunner:92 - **************enterSearchCriteriaFinished***************
2018-08-11 08:08:290 INFO  TestBaseRunner:72 - scrollAndClick....test started...
2018-08-11 08:08:353 INFO  HomePage:78 - numbers of items on page3
2018-08-11 08:08:198 INFO  ProductPageTest:42 - number of items3
2018-08-11 08:08:198 INFO  HomePage:68 - scroll and click on last item
2018-08-11 08:08:629 INFO  VerificationHelper:23 - element is Displayed..About this item
2018-08-11 08:08:666 INFO  ExcelHelper:102 - result updated..
2018-08-11 08:08:701 INFO  TestBaseRunner:86 - scrollAndClick is pass
2018-08-11 08:08:741 INFO  TestBaseRunner:92 - **************scrollAndClickFinished***************
