<?xml version="1.0" encoding="UTF-8"?>
<testng-results skipped="0" failed="1" ignored="0" total="1" passed="0">
  <reporter-output>
    <line>
      <![CDATA[captureScreen method called]]>
    </line>
  </reporter-output>
  <suite name="Default suite" duration-ms="29922" started-at="2018-08-21T07:15:44Z" finished-at="2018-08-21T07:16:13Z">
    <groups>
    </groups>
    <test name="Default test" duration-ms="29922" started-at="2018-08-21T07:15:44Z" finished-at="2018-08-21T07:16:13Z">
      <class name="com.uiFramework.myComp.myApp.testScripts.LoginTest">
        <test-method status="PASS" signature="setUp()[pri:0, instance:com.uiFramework.myComp.myApp.testScripts.LoginTest@5a8806ef]" name="setUp" is-config="true" duration-ms="13570" started-at="2018-08-21T12:45:44Z" finished-at="2018-08-21T12:45:57Z">
          <reporter-output>
          </reporter-output>
        </test-method> <!-- setUp -->
        <test-method status="PASS" signature="beforeMethod(java.lang.reflect.Method)[pri:0, instance:com.uiFramework.myComp.myApp.testScripts.LoginTest@5a8806ef]" name="beforeMethod" is-config="true" duration-ms="2" started-at="2018-08-21T12:45:57Z" description="capture the name of method called" finished-at="2018-08-21T12:45:57Z">
          <params>
            <param index="0">
              <value>
                <![CDATA[public void com.uiFramework.myComp.myApp.testScripts.LoginTest.Login() throws java.lang.InterruptedException]]>
              </value>
            </param>
          </params>
          <reporter-output>
          </reporter-output>
        </test-method> <!-- beforeMethod -->
        <test-method status="FAIL" signature="Login()[pri:0, instance:com.uiFramework.myComp.myApp.testScripts.LoginTest@5a8806ef]" name="Login" duration-ms="13342" started-at="2018-08-21T12:45:57Z" finished-at="2018-08-21T12:46:10Z">
          <exception class="org.openqa.selenium.WebDriverException">
            <message>
              <![CDATA[org.openqa.selenium.WebDriverException: Returned value cannot be converted to WebElement: {stacktrace=NoSuchElementError: An element could not be located on the page using the given search parameters.    at AndroidDriver.callee$0$0$ (/usr/local/lib/node_modules/appium/node_modules/appium-android-driver/lib/commands/find.js:69:13)    at tryCatch (/usr/local/lib/node_modules/appium/node_modules/babel-runtime/regenerator/runtime.js:67:40)    at GeneratorFunctionPrototype.invoke [as _invoke] (/usr/local/lib/node_modules/appium/node_modules/babel-runtime/regenerator/runtime.js:315:22)    at GeneratorFunctionPrototype.prototype.(anonymous function) [as throw] (/usr/local/lib/node_modules/appium/node_modules/babel-runtime/regenerator/runtime.js:100:21)    at GeneratorFunctionPrototype.invoke (/usr/local/lib/node_modules/appium/node_modules/babel-runtime/regenerator/runtime.js:136:37)    at <anonymous>, error=no such element, message=An element could not be located on the page using the given search parameters.}Build info: version: '3.11.0', revision: 'e59cfb3', time: '2018-03-11T20:26:55.152Z'System info: host: 'Arnabs-MacBook-Pro.local', ip: 'fe80:0:0:0:c91:bf5:cb66:ba62%en0', os.name: 'Mac OS X', os.arch: 'x86_64', os.version: '10.13.6', java.version: '1.8.0_171'Driver info: driver.version: AndroidDriver]]>
            </message>
            <full-stacktrace>
              <![CDATA[org.openqa.selenium.WebDriverException: org.openqa.selenium.WebDriverException: Returned value cannot be converted to WebElement: {stacktrace=NoSuchElementError: An element could not be located on the page using the given search parameters.    at AndroidDriver.callee$0$0$ (/usr/local/lib/node_modules/appium/node_modules/appium-android-driver/lib/commands/find.js:69:13)    at tryCatch (/usr/local/lib/node_modules/appium/node_modules/babel-runtime/regenerator/runtime.js:67:40)    at GeneratorFunctionPrototype.invoke [as _invoke] (/usr/local/lib/node_modules/appium/node_modules/babel-runtime/regenerator/runtime.js:315:22)    at GeneratorFunctionPrototype.prototype.(anonymous function) [as throw] (/usr/local/lib/node_modules/appium/node_modules/babel-runtime/regenerator/runtime.js:100:21)    at GeneratorFunctionPrototype.invoke (/usr/local/lib/node_modules/appium/node_modules/babel-runtime/regenerator/runtime.js:136:37)    at <anonymous>, error=no such element, message=An element could not be located on the page using the given search parameters.}Build info: version: '3.11.0', revision: 'e59cfb3', time: '2018-03-11T20:26:55.152Z'System info: host: 'Arnabs-MacBook-Pro.local', ip: 'fe80:0:0:0:c91:bf5:cb66:ba62%en0', os.name: 'Mac OS X', os.arch: 'x86_64', os.version: '10.13.6', java.version: '1.8.0_171'Driver info: driver.version: AndroidDriverat io.appium.java_client.pagefactory.AppiumElementLocator$WaitingFunction.apply(AppiumElementLocator.java:191)at io.appium.java_client.pagefactory.AppiumElementLocator$WaitingFunction.apply(AppiumElementLocator.java:1)at org.openqa.selenium.support.ui.FluentWait.until(FluentWait.java:248)at io.appium.java_client.pagefactory.AppiumElementLocator.waitFor(AppiumElementLocator.java:98)at io.appium.java_client.pagefactory.AppiumElementLocator.findElement(AppiumElementLocator.java:118)at io.appium.java_client.pagefactory.interceptors.InterceptorOfASingleElement.intercept(InterceptorOfASingleElement.java:60)at io.appium.java_client.android.AndroidElement$$EnhancerByCGLIB$$b598166c.click(<generated>)at com.uiFramework.myComp.myApp.pageObject.HomePage.clickOnSignInLink(HomePage.java:62)at com.uiFramework.myComp.myApp.testScripts.LoginTest.Login(LoginTest.java:16)at sun.reflect.NativeMethodAccessorImpl.invoke0(Native Method)at sun.reflect.NativeMethodAccessorImpl.invoke(NativeMethodAccessorImpl.java:62)at sun.reflect.DelegatingMethodAccessorImpl.invoke(DelegatingMethodAccessorImpl.java:43)at java.lang.reflect.Method.invoke(Method.java:498)at org.testng.internal.MethodInvocationHelper.invokeMethod(MethodInvocationHelper.java:124)at org.testng.internal.Invoker.invokeMethod(Invoker.java:571)at org.testng.internal.Invoker.invokeTestMethod(Invoker.java:707)at org.testng.internal.Invoker.invokeTestMethods(Invoker.java:979)at org.testng.internal.TestMethodWorker.invokeTestMethods(TestMethodWorker.java:125)at org.testng.internal.TestMethodWorker.run(TestMethodWorker.java:109)at org.testng.TestRunner.privateRun(TestRunner.java:648)at org.testng.TestRunner.run(TestRunner.java:505)at org.testng.SuiteRunner.runTest(SuiteRunner.java:455)at org.testng.SuiteRunner.runSequentially(SuiteRunner.java:450)at org.testng.SuiteRunner.privateRun(SuiteRunner.java:415)at org.testng.SuiteRunner.run(SuiteRunner.java:364)at org.testng.SuiteRunnerWorker.runSuite(SuiteRunnerWorker.java:52)at org.testng.SuiteRunnerWorker.run(SuiteRunnerWorker.java:84)at org.testng.TestNG.runSuitesSequentially(TestNG.java:1187)at org.testng.TestNG.runSuitesLocally(TestNG.java:1116)at org.testng.TestNG.runSuites(TestNG.java:1028)at org.testng.TestNG.run(TestNG.java:996)at org.testng.remote.AbstractRemoteTestNG.run(AbstractRemoteTestNG.java:114)at org.testng.remote.RemoteTestNG.initAndRun(RemoteTestNG.java:251)at org.testng.remote.RemoteTestNG.main(RemoteTestNG.java:77)Caused by: org.openqa.selenium.WebDriverException: Returned value cannot be converted to WebElement: {stacktrace=NoSuchElementError: An element could not be located on the page using the given search parameters.    at AndroidDriver.callee$0$0$ (/usr/local/lib/node_modules/appium/node_modules/appium-android-driver/lib/commands/find.js:69:13)    at tryCatch (/usr/local/lib/node_modules/appium/node_modules/babel-runtime/regenerator/runtime.js:67:40)    at GeneratorFunctionPrototype.invoke [as _invoke] (/usr/local/lib/node_modules/appium/node_modules/babel-runtime/regenerator/runtime.js:315:22)    at GeneratorFunctionPrototype.prototype.(anonymous function) [as throw] (/usr/local/lib/node_modules/appium/node_modules/babel-runtime/regenerator/runtime.js:100:21)    at GeneratorFunctionPrototype.invoke (/usr/local/lib/node_modules/appium/node_modules/babel-runtime/regenerator/runtime.js:136:37)    at <anonymous>, error=no such element, message=An element could not be located on the page using the given search parameters.}Build info: version: '3.11.0', revision: 'e59cfb3', time: '2018-03-11T20:26:55.152Z'System info: host: 'Arnabs-MacBook-Pro.local', ip: 'fe80:0:0:0:c91:bf5:cb66:ba62%en0', os.name: 'Mac OS X', os.arch: 'x86_64', os.version: '10.13.6', java.version: '1.8.0_171'Driver info: driver.version: AndroidDriverat org.openqa.selenium.remote.RemoteWebDriver.findElement(RemoteWebDriver.java:326)at io.appium.java_client.DefaultGenericMobileDriver.findElement(DefaultGenericMobileDriver.java:62)at io.appium.java_client.AppiumDriver.findElement(AppiumDriver.java:1)at io.appium.java_client.android.AndroidDriver.findElement(AndroidDriver.java:1)at org.openqa.selenium.remote.RemoteWebDriver.findElementByXPath(RemoteWebDriver.java:421)at io.appium.java_client.DefaultGenericMobileDriver.findElementByXPath(DefaultGenericMobileDriver.java:152)at io.appium.java_client.AppiumDriver.findElementByXPath(AppiumDriver.java:1)at io.appium.java_client.android.AndroidDriver.findElementByXPath(AndroidDriver.java:1)at org.openqa.selenium.By$ByXPath.findElement(By.java:361)at org.openqa.selenium.remote.RemoteWebDriver.findElement(RemoteWebDriver.java:311)at io.appium.java_client.DefaultGenericMobileDriver.findElement(DefaultGenericMobileDriver.java:58)at io.appium.java_client.AppiumDriver.findElement(AppiumDriver.java:1)at io.appium.java_client.android.AndroidDriver.findElement(AndroidDriver.java:1)at io.appium.java_client.pagefactory.bys.builder.ByChained.lambda$0(ByChained.java:38)at org.openqa.selenium.support.ui.FluentWait.until(FluentWait.java:248)at io.appium.java_client.pagefactory.bys.builder.ByChained.findElement(ByChained.java:72)at org.openqa.selenium.remote.RemoteWebDriver.findElement(RemoteWebDriver.java:311)at io.appium.java_client.DefaultGenericMobileDriver.findElement(DefaultGenericMobileDriver.java:58)at io.appium.java_client.AppiumDriver.findElement(AppiumDriver.java:1)at io.appium.java_client.android.AndroidDriver.findElement(AndroidDriver.java:1)at io.appium.java_client.pagefactory.bys.ContentMappedBy.findElement(ContentMappedBy.java:50)at org.openqa.selenium.remote.RemoteWebDriver.findElement(RemoteWebDriver.java:311)at io.appium.java_client.DefaultGenericMobileDriver.findElement(DefaultGenericMobileDriver.java:58)at io.appium.java_client.AppiumDriver.findElement(AppiumDriver.java:1)at io.appium.java_client.android.AndroidDriver.findElement(AndroidDriver.java:1)at io.appium.java_client.pagefactory.AppiumElementLocator.lambda$0(AppiumElementLocator.java:119)at io.appium.java_client.pagefactory.AppiumElementLocator$WaitingFunction.apply(AppiumElementLocator.java:171)... 33 moreCaused by: java.lang.ClassCastException: com.google.common.collect.Maps$TransformedEntriesMap cannot be cast to org.openqa.selenium.WebElementat org.openqa.selenium.remote.RemoteWebDriver.findElement(RemoteWebDriver.java:324)... 59 more]]>
            </full-stacktrace>
          </exception> <!-- org.openqa.selenium.WebDriverException -->
          <reporter-output>
          </reporter-output>
        </test-method> <!-- Login -->
        <test-method status="PASS" signature="afterMethod(org.testng.ITestResult)[pri:0, instance:com.uiFramework.myComp.myApp.testScripts.LoginTest@5a8806ef]" name="afterMethod" is-config="true" duration-ms="955" started-at="2018-08-21T12:46:10Z" description="capture the screenshot of the method called" finished-at="2018-08-21T12:46:11Z">
          <params>
            <param index="0">
              <value>
                <![CDATA[[TestResult name=Login status=FAILURE method=LoginTest.Login()[pri:0, instance:com.uiFramework.myComp.myApp.testScripts.LoginTest@5a8806ef] output={null}]]]>
              </value>
            </param>
          </params>
          <reporter-output>
            <line>
              <![CDATA[captureScreen method called]]>
            </line>
          </reporter-output>
        </test-method> <!-- afterMethod -->
        <test-method status="PASS" signature="afterTest()[pri:0, instance:com.uiFramework.myComp.myApp.testScripts.LoginTest@5a8806ef]" name="afterTest" is-config="true" duration-ms="2034" started-at="2018-08-21T12:46:11Z" finished-at="2018-08-21T12:46:13Z">
          <reporter-output>
          </reporter-output>
        </test-method> <!-- afterTest -->
      </class> <!-- com.uiFramework.myComp.myApp.testScripts.LoginTest -->
    </test> <!-- Default test -->
  </suite> <!-- Default suite -->
</testng-results>
